INFO [2016-07-13 14:57:08] $x
INFO [2016-07-13 14:57:08] example.list
INFO [2016-07-13 14:57:08] 
INFO [2016-07-13 14:57:08] $filename
INFO [2016-07-13 14:57:08] [1] "exp_mrna_venn.jpeg"
INFO [2016-07-13 14:57:08] 
INFO [2016-07-13 14:57:08] $print.mode
INFO [2016-07-13 14:57:08] c("raw", "percent")
INFO [2016-07-13 14:57:08] 
INFO [2016-07-13 14:57:08] $force.unique
INFO [2016-07-13 14:57:08] [1] TRUE
INFO [2016-07-13 14:57:08] 
INFO [2016-07-13 14:57:08] $fill
INFO [2016-07-13 14:57:08] c("purple", "cyan", "orange")
INFO [2016-07-13 14:57:08] 
INFO [2016-07-13 14:57:08] $fontface
INFO [2016-07-13 14:57:08] [1] "bold"
INFO [2016-07-13 14:57:08] 
INFO [2016-07-13 14:57:08] $cat.fontface
INFO [2016-07-13 14:57:08] [1] "bold"
INFO [2016-07-13 14:57:08] 
INFO [2016-07-13 14:57:08] $cat.cex
INFO [2016-07-13 14:57:08] c(1, 1, 1)
INFO [2016-07-13 14:57:08] 
