INFO [2016-07-13 15:02:20] $x
INFO [2016-07-13 15:02:20] example.list
INFO [2016-07-13 15:02:20] 
INFO [2016-07-13 15:02:20] $filename
INFO [2016-07-13 15:02:20] [1] "exp_mrna_venn.jpeg"
INFO [2016-07-13 15:02:20] 
INFO [2016-07-13 15:02:20] $print.mode
INFO [2016-07-13 15:02:20] c("raw", "percent")
INFO [2016-07-13 15:02:20] 
INFO [2016-07-13 15:02:20] $force.unique
INFO [2016-07-13 15:02:20] [1] TRUE
INFO [2016-07-13 15:02:20] 
INFO [2016-07-13 15:02:20] $fill
INFO [2016-07-13 15:02:20] c("purple", "cyan", "orange")
INFO [2016-07-13 15:02:20] 
INFO [2016-07-13 15:02:20] $fontface
INFO [2016-07-13 15:02:20] [1] "bold"
INFO [2016-07-13 15:02:20] 
INFO [2016-07-13 15:02:20] $cat.fontface
INFO [2016-07-13 15:02:20] [1] "bold"
INFO [2016-07-13 15:02:20] 
INFO [2016-07-13 15:02:20] $cat.cex
INFO [2016-07-13 15:02:20] c(1.8, 1.8, 1.8)
INFO [2016-07-13 15:02:20] 
INFO [2016-07-13 15:02:20] $cat.dist
INFO [2016-07-13 15:02:20] c(0.15, 0.1, 0.1)
INFO [2016-07-13 15:02:20] 
INFO [2016-07-13 15:02:20] $margin
INFO [2016-07-13 15:02:20] [1] 0.1
INFO [2016-07-13 15:02:20] 
