INFO [2016-07-13 15:07:25] $x
INFO [2016-07-13 15:07:25] example.list
INFO [2016-07-13 15:07:25] 
INFO [2016-07-13 15:07:25] $filename
INFO [2016-07-13 15:07:25] [1] "exp_mrna_venn.jpeg"
INFO [2016-07-13 15:07:25] 
INFO [2016-07-13 15:07:25] $print.mode
INFO [2016-07-13 15:07:25] c("raw", "percent")
INFO [2016-07-13 15:07:25] 
INFO [2016-07-13 15:07:25] $force.unique
INFO [2016-07-13 15:07:25] [1] TRUE
INFO [2016-07-13 15:07:25] 
INFO [2016-07-13 15:07:25] $fill
INFO [2016-07-13 15:07:25] c("purple", "cyan", "orange")
INFO [2016-07-13 15:07:25] 
INFO [2016-07-13 15:07:25] $fontface
INFO [2016-07-13 15:07:25] [1] "bold"
INFO [2016-07-13 15:07:25] 
INFO [2016-07-13 15:07:25] $cex
INFO [2016-07-13 15:07:25] rep(1, 7)
INFO [2016-07-13 15:07:25] 
INFO [2016-07-13 15:07:25] $cat.fontface
INFO [2016-07-13 15:07:25] [1] "bold"
INFO [2016-07-13 15:07:25] 
INFO [2016-07-13 15:07:25] $cat.cex
INFO [2016-07-13 15:07:25] c(1.4, 1.4, 1.4)
INFO [2016-07-13 15:07:25] 
INFO [2016-07-13 15:07:25] $cat.dist
INFO [2016-07-13 15:07:25] c(0.1, 0.08, 0.05)
INFO [2016-07-13 15:07:25] 
INFO [2016-07-13 15:07:25] $margin
INFO [2016-07-13 15:07:25] [1] 0.04
INFO [2016-07-13 15:07:25] 
