INFO [2016-07-13 14:59:53] $x
INFO [2016-07-13 14:59:53] example.list
INFO [2016-07-13 14:59:53] 
INFO [2016-07-13 14:59:53] $filename
INFO [2016-07-13 14:59:53] [1] "exp_mrna_venn.jpeg"
INFO [2016-07-13 14:59:53] 
INFO [2016-07-13 14:59:53] $print.mode
INFO [2016-07-13 14:59:53] c("raw", "percent")
INFO [2016-07-13 14:59:53] 
INFO [2016-07-13 14:59:53] $force.unique
INFO [2016-07-13 14:59:53] [1] TRUE
INFO [2016-07-13 14:59:53] 
INFO [2016-07-13 14:59:53] $fill
INFO [2016-07-13 14:59:53] c("purple", "cyan", "orange")
INFO [2016-07-13 14:59:53] 
INFO [2016-07-13 14:59:53] $fontface
INFO [2016-07-13 14:59:53] [1] "bold"
INFO [2016-07-13 14:59:53] 
INFO [2016-07-13 14:59:53] $cat.fontface
INFO [2016-07-13 14:59:53] [1] "bold"
INFO [2016-07-13 14:59:53] 
INFO [2016-07-13 14:59:53] $cat.cex
INFO [2016-07-13 14:59:53] c(2, 2, 2)
INFO [2016-07-13 14:59:53] 
INFO [2016-07-13 14:59:53] $cat.dist
INFO [2016-07-13 14:59:53] c(0.1, 0.1, 0.1)
INFO [2016-07-13 14:59:53] 
INFO [2016-07-13 14:59:53] $margin
INFO [2016-07-13 14:59:53] [1] 0.05
INFO [2016-07-13 14:59:53] 
