INFO [2016-07-13 14:56:38] $x
INFO [2016-07-13 14:56:38] example.list
INFO [2016-07-13 14:56:38] 
INFO [2016-07-13 14:56:38] $filename
INFO [2016-07-13 14:56:38] [1] "exp_mrna_venn.jpeg"
INFO [2016-07-13 14:56:38] 
INFO [2016-07-13 14:56:38] $print.mode
INFO [2016-07-13 14:56:38] c("raw", "percent")
INFO [2016-07-13 14:56:38] 
INFO [2016-07-13 14:56:38] $force.unique
INFO [2016-07-13 14:56:38] [1] TRUE
INFO [2016-07-13 14:56:38] 
INFO [2016-07-13 14:56:38] $fill
INFO [2016-07-13 14:56:38] c("purple", "cyan", "orange")
INFO [2016-07-13 14:56:38] 
INFO [2016-07-13 14:56:38] $fontface
INFO [2016-07-13 14:56:38] [1] "bold"
INFO [2016-07-13 14:56:38] 
INFO [2016-07-13 14:56:38] $cat.fontface
INFO [2016-07-13 14:56:38] [1] "bold"
INFO [2016-07-13 14:56:38] 
INFO [2016-07-13 14:56:38] $cat.cex
INFO [2016-07-13 14:56:38] c(5, 5, 5)
INFO [2016-07-13 14:56:38] 
