INFO [2016-07-13 14:55:24] $x
INFO [2016-07-13 14:55:24] example.list
INFO [2016-07-13 14:55:24] 
INFO [2016-07-13 14:55:24] $filename
INFO [2016-07-13 14:55:24] [1] "exp_mrna_venn.jpeg"
INFO [2016-07-13 14:55:24] 
INFO [2016-07-13 14:55:24] $print.mode
INFO [2016-07-13 14:55:24] c("raw", "percent")
INFO [2016-07-13 14:55:24] 
INFO [2016-07-13 14:55:24] $force.unique
INFO [2016-07-13 14:55:24] [1] TRUE
INFO [2016-07-13 14:55:24] 
INFO [2016-07-13 14:55:24] $fill
INFO [2016-07-13 14:55:24] c("purple", "cyan", "orange")
INFO [2016-07-13 14:55:24] 
INFO [2016-07-13 14:55:24] $fontface
INFO [2016-07-13 14:55:24] [1] "bold"
INFO [2016-07-13 14:55:24] 
INFO [2016-07-13 14:55:24] $cat.fontface
INFO [2016-07-13 14:55:24] [1] "bold"
INFO [2016-07-13 14:55:24] 
INFO [2016-07-13 14:55:24] $cat.cax
INFO [2016-07-13 14:55:24] c(3, 3, 3)
INFO [2016-07-13 14:55:24] 
