INFO [2016-07-13 15:02:58] $x
INFO [2016-07-13 15:02:58] example.list
INFO [2016-07-13 15:02:58] 
INFO [2016-07-13 15:02:58] $filename
INFO [2016-07-13 15:02:58] [1] "exp_mrna_venn.jpeg"
INFO [2016-07-13 15:02:58] 
INFO [2016-07-13 15:02:58] $print.mode
INFO [2016-07-13 15:02:58] c("raw", "percent")
INFO [2016-07-13 15:02:58] 
INFO [2016-07-13 15:02:58] $force.unique
INFO [2016-07-13 15:02:58] [1] TRUE
INFO [2016-07-13 15:02:58] 
INFO [2016-07-13 15:02:58] $fill
INFO [2016-07-13 15:02:58] c("purple", "cyan", "orange")
INFO [2016-07-13 15:02:58] 
INFO [2016-07-13 15:02:58] $fontface
INFO [2016-07-13 15:02:58] [1] "bold"
INFO [2016-07-13 15:02:58] 
INFO [2016-07-13 15:02:58] $cat.fontface
INFO [2016-07-13 15:02:58] [1] "bold"
INFO [2016-07-13 15:02:58] 
INFO [2016-07-13 15:02:58] $cat.cex
INFO [2016-07-13 15:02:58] c(1.8, 1.8, 1.8)
INFO [2016-07-13 15:02:58] 
INFO [2016-07-13 15:02:58] $cat.dist
INFO [2016-07-13 15:02:58] c(0.1, 0.1, 0.5)
INFO [2016-07-13 15:02:58] 
INFO [2016-07-13 15:02:58] $margin
INFO [2016-07-13 15:02:58] [1] 0.1
INFO [2016-07-13 15:02:58] 
