INFO [2016-07-13 15:05:16] $x
INFO [2016-07-13 15:05:16] example.list
INFO [2016-07-13 15:05:16] 
INFO [2016-07-13 15:05:16] $filename
INFO [2016-07-13 15:05:16] [1] "exp_mrna_venn.jpeg"
INFO [2016-07-13 15:05:16] 
INFO [2016-07-13 15:05:16] $print.mode
INFO [2016-07-13 15:05:16] c("raw", "percent")
INFO [2016-07-13 15:05:16] 
INFO [2016-07-13 15:05:16] $force.unique
INFO [2016-07-13 15:05:16] [1] TRUE
INFO [2016-07-13 15:05:16] 
INFO [2016-07-13 15:05:16] $fill
INFO [2016-07-13 15:05:16] c("purple", "cyan", "orange")
INFO [2016-07-13 15:05:16] 
INFO [2016-07-13 15:05:16] $fontface
INFO [2016-07-13 15:05:16] [1] "bold"
INFO [2016-07-13 15:05:16] 
INFO [2016-07-13 15:05:16] $cat.fontface
INFO [2016-07-13 15:05:16] [1] "bold"
INFO [2016-07-13 15:05:16] 
INFO [2016-07-13 15:05:16] $cat.cex
INFO [2016-07-13 15:05:16] c(1.4, 1.4, 1.4)
INFO [2016-07-13 15:05:16] 
INFO [2016-07-13 15:05:16] $cat.dist
INFO [2016-07-13 15:05:16] c(0.1, 0.08, 0.05)
INFO [2016-07-13 15:05:16] 
INFO [2016-07-13 15:05:16] $margin
INFO [2016-07-13 15:05:16] [1] 0.1
INFO [2016-07-13 15:05:16] 
