INFO [2016-07-13 14:56:51] $x
INFO [2016-07-13 14:56:51] example.list
INFO [2016-07-13 14:56:51] 
INFO [2016-07-13 14:56:51] $filename
INFO [2016-07-13 14:56:51] [1] "exp_mrna_venn.jpeg"
INFO [2016-07-13 14:56:51] 
INFO [2016-07-13 14:56:51] $print.mode
INFO [2016-07-13 14:56:51] c("raw", "percent")
INFO [2016-07-13 14:56:51] 
INFO [2016-07-13 14:56:51] $force.unique
INFO [2016-07-13 14:56:51] [1] TRUE
INFO [2016-07-13 14:56:51] 
INFO [2016-07-13 14:56:51] $fill
INFO [2016-07-13 14:56:51] c("purple", "cyan", "orange")
INFO [2016-07-13 14:56:51] 
INFO [2016-07-13 14:56:51] $fontface
INFO [2016-07-13 14:56:51] [1] "bold"
INFO [2016-07-13 14:56:51] 
INFO [2016-07-13 14:56:51] $cat.fontface
INFO [2016-07-13 14:56:51] [1] "bold"
INFO [2016-07-13 14:56:51] 
INFO [2016-07-13 14:56:51] $cat.cex
INFO [2016-07-13 14:56:51] c(3, 3, 3)
INFO [2016-07-13 14:56:51] 
