INFO [2016-07-13 15:08:23] $x
INFO [2016-07-13 15:08:23] example.list
INFO [2016-07-13 15:08:23] 
INFO [2016-07-13 15:08:23] $filename
INFO [2016-07-13 15:08:23] [1] "exp_mrna_venn.jpeg"
INFO [2016-07-13 15:08:23] 
INFO [2016-07-13 15:08:23] $print.mode
INFO [2016-07-13 15:08:23] c("raw", "percent")
INFO [2016-07-13 15:08:23] 
INFO [2016-07-13 15:08:23] $force.unique
INFO [2016-07-13 15:08:23] [1] TRUE
INFO [2016-07-13 15:08:23] 
INFO [2016-07-13 15:08:23] $fill
INFO [2016-07-13 15:08:23] c("purple", "cyan", "orange")
INFO [2016-07-13 15:08:23] 
INFO [2016-07-13 15:08:23] $fontface
INFO [2016-07-13 15:08:23] [1] "bold"
INFO [2016-07-13 15:08:23] 
INFO [2016-07-13 15:08:23] $cex
INFO [2016-07-13 15:08:23] rep(1.3, 7)
INFO [2016-07-13 15:08:23] 
INFO [2016-07-13 15:08:23] $cat.fontface
INFO [2016-07-13 15:08:23] [1] "bold"
INFO [2016-07-13 15:08:23] 
INFO [2016-07-13 15:08:23] $cat.cex
INFO [2016-07-13 15:08:23] c(1.4, 1.4, 1.4)
INFO [2016-07-13 15:08:23] 
INFO [2016-07-13 15:08:23] $cat.dist
INFO [2016-07-13 15:08:23] c(0.1, 0.08, 0.05)
INFO [2016-07-13 15:08:23] 
INFO [2016-07-13 15:08:23] $margin
INFO [2016-07-13 15:08:23] [1] 0.04
INFO [2016-07-13 15:08:23] 
