INFO [2016-07-13 15:03:10] $x
INFO [2016-07-13 15:03:10] example.list
INFO [2016-07-13 15:03:10] 
INFO [2016-07-13 15:03:10] $filename
INFO [2016-07-13 15:03:10] [1] "exp_mrna_venn.jpeg"
INFO [2016-07-13 15:03:10] 
INFO [2016-07-13 15:03:10] $print.mode
INFO [2016-07-13 15:03:10] c("raw", "percent")
INFO [2016-07-13 15:03:10] 
INFO [2016-07-13 15:03:10] $force.unique
INFO [2016-07-13 15:03:10] [1] TRUE
INFO [2016-07-13 15:03:10] 
INFO [2016-07-13 15:03:10] $fill
INFO [2016-07-13 15:03:10] c("purple", "cyan", "orange")
INFO [2016-07-13 15:03:10] 
INFO [2016-07-13 15:03:10] $fontface
INFO [2016-07-13 15:03:10] [1] "bold"
INFO [2016-07-13 15:03:10] 
INFO [2016-07-13 15:03:10] $cat.fontface
INFO [2016-07-13 15:03:10] [1] "bold"
INFO [2016-07-13 15:03:10] 
INFO [2016-07-13 15:03:10] $cat.cex
INFO [2016-07-13 15:03:10] c(1.8, 1.8, 1.8)
INFO [2016-07-13 15:03:10] 
INFO [2016-07-13 15:03:10] $cat.dist
INFO [2016-07-13 15:03:10] c(0.1, 0.1, 0.05)
INFO [2016-07-13 15:03:10] 
INFO [2016-07-13 15:03:10] $margin
INFO [2016-07-13 15:03:10] [1] 0.1
INFO [2016-07-13 15:03:10] 
