INFO [2016-07-13 15:02:44] $x
INFO [2016-07-13 15:02:44] example.list
INFO [2016-07-13 15:02:44] 
INFO [2016-07-13 15:02:44] $filename
INFO [2016-07-13 15:02:44] [1] "exp_mrna_venn.jpeg"
INFO [2016-07-13 15:02:44] 
INFO [2016-07-13 15:02:44] $print.mode
INFO [2016-07-13 15:02:44] c("raw", "percent")
INFO [2016-07-13 15:02:44] 
INFO [2016-07-13 15:02:44] $force.unique
INFO [2016-07-13 15:02:44] [1] TRUE
INFO [2016-07-13 15:02:44] 
INFO [2016-07-13 15:02:44] $fill
INFO [2016-07-13 15:02:44] c("purple", "cyan", "orange")
INFO [2016-07-13 15:02:44] 
INFO [2016-07-13 15:02:44] $fontface
INFO [2016-07-13 15:02:44] [1] "bold"
INFO [2016-07-13 15:02:44] 
INFO [2016-07-13 15:02:44] $cat.fontface
INFO [2016-07-13 15:02:44] [1] "bold"
INFO [2016-07-13 15:02:44] 
INFO [2016-07-13 15:02:44] $cat.cex
INFO [2016-07-13 15:02:44] c(1.8, 1.8, 1.8)
INFO [2016-07-13 15:02:44] 
INFO [2016-07-13 15:02:44] $cat.dist
INFO [2016-07-13 15:02:44] c(0.1, 0.1, 0)
INFO [2016-07-13 15:02:44] 
INFO [2016-07-13 15:02:44] $margin
INFO [2016-07-13 15:02:44] [1] 0.1
INFO [2016-07-13 15:02:44] 
