INFO [2016-07-13 15:04:13] $x
INFO [2016-07-13 15:04:13] example.list
INFO [2016-07-13 15:04:13] 
INFO [2016-07-13 15:04:13] $filename
INFO [2016-07-13 15:04:13] [1] "exp_mrna_venn.jpeg"
INFO [2016-07-13 15:04:13] 
INFO [2016-07-13 15:04:13] $print.mode
INFO [2016-07-13 15:04:13] c("raw", "percent")
INFO [2016-07-13 15:04:13] 
INFO [2016-07-13 15:04:13] $force.unique
INFO [2016-07-13 15:04:13] [1] TRUE
INFO [2016-07-13 15:04:13] 
INFO [2016-07-13 15:04:13] $fill
INFO [2016-07-13 15:04:13] c("purple", "cyan", "orange")
INFO [2016-07-13 15:04:13] 
INFO [2016-07-13 15:04:13] $fontface
INFO [2016-07-13 15:04:13] [1] "bold"
INFO [2016-07-13 15:04:13] 
INFO [2016-07-13 15:04:13] $cat.fontface
INFO [2016-07-13 15:04:13] [1] "bold"
INFO [2016-07-13 15:04:13] 
INFO [2016-07-13 15:04:13] $cat.cex
INFO [2016-07-13 15:04:13] c(1.4, 1.4, 1.4)
INFO [2016-07-13 15:04:13] 
INFO [2016-07-13 15:04:13] $cat.dist
INFO [2016-07-13 15:04:13] c(0.1, 0.05, 0.05)
INFO [2016-07-13 15:04:13] 
INFO [2016-07-13 15:04:13] $margin
INFO [2016-07-13 15:04:13] [1] 0.1
INFO [2016-07-13 15:04:13] 
