INFO [2016-07-13 14:53:13] $x
INFO [2016-07-13 14:53:13] example.list
INFO [2016-07-13 14:53:13] 
INFO [2016-07-13 14:53:13] $filename
INFO [2016-07-13 14:53:13] [1] "exp_mrna_venn.jpeg"
INFO [2016-07-13 14:53:13] 
INFO [2016-07-13 14:53:13] $print.mode
INFO [2016-07-13 14:53:13] c("raw", "percent")
INFO [2016-07-13 14:53:13] 
INFO [2016-07-13 14:53:13] $force.unique
INFO [2016-07-13 14:53:13] [1] TRUE
INFO [2016-07-13 14:53:13] 
INFO [2016-07-13 14:53:13] $fill
INFO [2016-07-13 14:53:13] c("purple", "cyan", "orange")
INFO [2016-07-13 14:53:13] 
INFO [2016-07-13 14:53:13] $fontface
INFO [2016-07-13 14:53:13] [1] "bold"
INFO [2016-07-13 14:53:13] 
INFO [2016-07-13 14:53:13] $cat.fontface
INFO [2016-07-13 14:53:13] [1] "bold"
INFO [2016-07-13 14:53:13] 
