INFO [2016-07-13 15:05:06] $x
INFO [2016-07-13 15:05:06] example.list
INFO [2016-07-13 15:05:06] 
INFO [2016-07-13 15:05:06] $filename
INFO [2016-07-13 15:05:06] [1] "exp_mrna_venn.jpeg"
INFO [2016-07-13 15:05:06] 
INFO [2016-07-13 15:05:06] $print.mode
INFO [2016-07-13 15:05:06] c("raw", "percent")
INFO [2016-07-13 15:05:06] 
INFO [2016-07-13 15:05:06] $force.unique
INFO [2016-07-13 15:05:06] [1] TRUE
INFO [2016-07-13 15:05:06] 
INFO [2016-07-13 15:05:06] $fill
INFO [2016-07-13 15:05:06] c("purple", "cyan", "orange")
INFO [2016-07-13 15:05:06] 
INFO [2016-07-13 15:05:06] $fontface
INFO [2016-07-13 15:05:06] [1] "bold"
INFO [2016-07-13 15:05:06] 
INFO [2016-07-13 15:05:06] $cat.fontface
INFO [2016-07-13 15:05:06] [1] "bold"
INFO [2016-07-13 15:05:06] 
INFO [2016-07-13 15:05:06] $cat.cex
INFO [2016-07-13 15:05:06] c(1.4, 1.4, 1.4)
INFO [2016-07-13 15:05:06] 
INFO [2016-07-13 15:05:06] $cat.dist
INFO [2016-07-13 15:05:06] c(0.08, 0.08, 0.05)
INFO [2016-07-13 15:05:06] 
INFO [2016-07-13 15:05:06] $margin
INFO [2016-07-13 15:05:06] [1] 0.1
INFO [2016-07-13 15:05:06] 
