INFO [2016-07-13 15:02:04] $x
INFO [2016-07-13 15:02:04] example.list
INFO [2016-07-13 15:02:04] 
INFO [2016-07-13 15:02:04] $filename
INFO [2016-07-13 15:02:04] [1] "exp_mrna_venn.jpeg"
INFO [2016-07-13 15:02:04] 
INFO [2016-07-13 15:02:04] $print.mode
INFO [2016-07-13 15:02:04] c("raw", "percent")
INFO [2016-07-13 15:02:04] 
INFO [2016-07-13 15:02:04] $force.unique
INFO [2016-07-13 15:02:04] [1] TRUE
INFO [2016-07-13 15:02:04] 
INFO [2016-07-13 15:02:04] $fill
INFO [2016-07-13 15:02:04] c("purple", "cyan", "orange")
INFO [2016-07-13 15:02:04] 
INFO [2016-07-13 15:02:04] $fontface
INFO [2016-07-13 15:02:04] [1] "bold"
INFO [2016-07-13 15:02:04] 
INFO [2016-07-13 15:02:04] $cat.fontface
INFO [2016-07-13 15:02:04] [1] "bold"
INFO [2016-07-13 15:02:04] 
INFO [2016-07-13 15:02:04] $cat.cex
INFO [2016-07-13 15:02:04] c(1.8, 1.8, 1.8)
INFO [2016-07-13 15:02:04] 
INFO [2016-07-13 15:02:04] $cat.dist
INFO [2016-07-13 15:02:04] c(0.15, 0.1, 0.1)
INFO [2016-07-13 15:02:04] 
INFO [2016-07-13 15:02:04] $margin
INFO [2016-07-13 15:02:04] [1] 0.1
INFO [2016-07-13 15:02:04] 
