INFO [2016-07-13 14:58:37] $x
INFO [2016-07-13 14:58:37] example.list
INFO [2016-07-13 14:58:37] 
INFO [2016-07-13 14:58:37] $filename
INFO [2016-07-13 14:58:37] [1] "exp_mrna_venn.jpeg"
INFO [2016-07-13 14:58:37] 
INFO [2016-07-13 14:58:37] $print.mode
INFO [2016-07-13 14:58:37] c("raw", "percent")
INFO [2016-07-13 14:58:37] 
INFO [2016-07-13 14:58:37] $force.unique
INFO [2016-07-13 14:58:37] [1] TRUE
INFO [2016-07-13 14:58:37] 
INFO [2016-07-13 14:58:37] $fill
INFO [2016-07-13 14:58:37] c("purple", "cyan", "orange")
INFO [2016-07-13 14:58:37] 
INFO [2016-07-13 14:58:37] $fontface
INFO [2016-07-13 14:58:37] [1] "bold"
INFO [2016-07-13 14:58:37] 
INFO [2016-07-13 14:58:37] $cat.fontface
INFO [2016-07-13 14:58:37] [1] "bold"
INFO [2016-07-13 14:58:37] 
INFO [2016-07-13 14:58:37] $cat.cex
INFO [2016-07-13 14:58:37] c(2, 2, 2)
INFO [2016-07-13 14:58:37] 
INFO [2016-07-13 14:58:37] $cat.dist
INFO [2016-07-13 14:58:37] c(0.1, 0.1, 0.1)
INFO [2016-07-13 14:58:37] 
