INFO [2016-07-13 14:55:39] $x
INFO [2016-07-13 14:55:39] example.list
INFO [2016-07-13 14:55:39] 
INFO [2016-07-13 14:55:39] $filename
INFO [2016-07-13 14:55:39] [1] "exp_mrna_venn.jpeg"
INFO [2016-07-13 14:55:39] 
INFO [2016-07-13 14:55:39] $print.mode
INFO [2016-07-13 14:55:39] c("raw", "percent")
INFO [2016-07-13 14:55:39] 
INFO [2016-07-13 14:55:39] $force.unique
INFO [2016-07-13 14:55:39] [1] TRUE
INFO [2016-07-13 14:55:39] 
INFO [2016-07-13 14:55:39] $fill
INFO [2016-07-13 14:55:39] c("purple", "cyan", "orange")
INFO [2016-07-13 14:55:39] 
INFO [2016-07-13 14:55:39] $fontface
INFO [2016-07-13 14:55:39] [1] "bold"
INFO [2016-07-13 14:55:39] 
INFO [2016-07-13 14:55:39] $cat.fontface
INFO [2016-07-13 14:55:39] [1] "bold"
INFO [2016-07-13 14:55:39] 
INFO [2016-07-13 14:55:39] $cat.cax
INFO [2016-07-13 14:55:39] c(5, 5, 5)
INFO [2016-07-13 14:55:39] 
