INFO [2016-07-13 14:57:19] $x
INFO [2016-07-13 14:57:19] example.list
INFO [2016-07-13 14:57:19] 
INFO [2016-07-13 14:57:19] $filename
INFO [2016-07-13 14:57:19] [1] "exp_mrna_venn.jpeg"
INFO [2016-07-13 14:57:19] 
INFO [2016-07-13 14:57:19] $print.mode
INFO [2016-07-13 14:57:19] c("raw", "percent")
INFO [2016-07-13 14:57:19] 
INFO [2016-07-13 14:57:19] $force.unique
INFO [2016-07-13 14:57:19] [1] TRUE
INFO [2016-07-13 14:57:19] 
INFO [2016-07-13 14:57:19] $fill
INFO [2016-07-13 14:57:19] c("purple", "cyan", "orange")
INFO [2016-07-13 14:57:19] 
INFO [2016-07-13 14:57:19] $fontface
INFO [2016-07-13 14:57:19] [1] "bold"
INFO [2016-07-13 14:57:19] 
INFO [2016-07-13 14:57:19] $cat.fontface
INFO [2016-07-13 14:57:19] [1] "bold"
INFO [2016-07-13 14:57:19] 
INFO [2016-07-13 14:57:19] $cat.cex
INFO [2016-07-13 14:57:19] c(2, 2, 2)
INFO [2016-07-13 14:57:19] 
