INFO [2016-07-13 15:00:42] $x
INFO [2016-07-13 15:00:42] example.list
INFO [2016-07-13 15:00:42] 
INFO [2016-07-13 15:00:42] $filename
INFO [2016-07-13 15:00:42] [1] "exp_mrna_venn.jpeg"
INFO [2016-07-13 15:00:42] 
INFO [2016-07-13 15:00:42] $print.mode
INFO [2016-07-13 15:00:42] c("raw", "percent")
INFO [2016-07-13 15:00:42] 
INFO [2016-07-13 15:00:42] $force.unique
INFO [2016-07-13 15:00:42] [1] TRUE
INFO [2016-07-13 15:00:42] 
INFO [2016-07-13 15:00:42] $fill
INFO [2016-07-13 15:00:42] c("purple", "cyan", "orange")
INFO [2016-07-13 15:00:42] 
INFO [2016-07-13 15:00:42] $fontface
INFO [2016-07-13 15:00:42] [1] "bold"
INFO [2016-07-13 15:00:42] 
INFO [2016-07-13 15:00:42] $cat.fontface
INFO [2016-07-13 15:00:42] [1] "bold"
INFO [2016-07-13 15:00:42] 
INFO [2016-07-13 15:00:42] $cat.cex
INFO [2016-07-13 15:00:42] c(1.8, 1.8, 1.8)
INFO [2016-07-13 15:00:42] 
INFO [2016-07-13 15:00:42] $cat.dist
INFO [2016-07-13 15:00:42] c(0.1, 0.1, 0.1)
INFO [2016-07-13 15:00:42] 
INFO [2016-07-13 15:00:42] $margin
INFO [2016-07-13 15:00:42] [1] 0.1
INFO [2016-07-13 15:00:42] 
