INFO [2016-07-13 14:58:24] $x
INFO [2016-07-13 14:58:24] example.list
INFO [2016-07-13 14:58:24] 
INFO [2016-07-13 14:58:24] $filename
INFO [2016-07-13 14:58:24] [1] "exp_mrna_venn.jpeg"
INFO [2016-07-13 14:58:24] 
INFO [2016-07-13 14:58:24] $print.mode
INFO [2016-07-13 14:58:24] c("raw", "percent")
INFO [2016-07-13 14:58:24] 
INFO [2016-07-13 14:58:24] $force.unique
INFO [2016-07-13 14:58:24] [1] TRUE
INFO [2016-07-13 14:58:24] 
INFO [2016-07-13 14:58:24] $fill
INFO [2016-07-13 14:58:24] c("purple", "cyan", "orange")
INFO [2016-07-13 14:58:24] 
INFO [2016-07-13 14:58:24] $fontface
INFO [2016-07-13 14:58:24] [1] "bold"
INFO [2016-07-13 14:58:24] 
INFO [2016-07-13 14:58:24] $cat.fontface
INFO [2016-07-13 14:58:24] [1] "bold"
INFO [2016-07-13 14:58:24] 
INFO [2016-07-13 14:58:24] $cat.cex
INFO [2016-07-13 14:58:24] c(2, 2, 2)
INFO [2016-07-13 14:58:24] 
INFO [2016-07-13 14:58:24] $cat.dist
INFO [2016-07-13 14:58:24] c(1, 1, 1)
INFO [2016-07-13 14:58:24] 
