INFO [2016-07-13 15:05:39] $x
INFO [2016-07-13 15:05:39] example.list
INFO [2016-07-13 15:05:39] 
INFO [2016-07-13 15:05:39] $filename
INFO [2016-07-13 15:05:39] [1] "exp_mrna_venn.jpeg"
INFO [2016-07-13 15:05:39] 
INFO [2016-07-13 15:05:39] $print.mode
INFO [2016-07-13 15:05:39] c("raw", "percent")
INFO [2016-07-13 15:05:39] 
INFO [2016-07-13 15:05:39] $force.unique
INFO [2016-07-13 15:05:39] [1] TRUE
INFO [2016-07-13 15:05:39] 
INFO [2016-07-13 15:05:39] $fill
INFO [2016-07-13 15:05:39] c("purple", "cyan", "orange")
INFO [2016-07-13 15:05:39] 
INFO [2016-07-13 15:05:39] $fontface
INFO [2016-07-13 15:05:39] [1] "bold"
INFO [2016-07-13 15:05:39] 
INFO [2016-07-13 15:05:39] $cat.fontface
INFO [2016-07-13 15:05:39] [1] "bold"
INFO [2016-07-13 15:05:39] 
INFO [2016-07-13 15:05:39] $cat.cex
INFO [2016-07-13 15:05:39] c(1.4, 1.4, 1.4)
INFO [2016-07-13 15:05:39] 
INFO [2016-07-13 15:05:39] $cat.dist
INFO [2016-07-13 15:05:39] c(0.1, 0.08, 0.05)
INFO [2016-07-13 15:05:39] 
INFO [2016-07-13 15:05:39] $margin
INFO [2016-07-13 15:05:39] [1] 0.04
INFO [2016-07-13 15:05:39] 
