INFO [2016-07-13 14:59:26] $x
INFO [2016-07-13 14:59:26] example.list
INFO [2016-07-13 14:59:26] 
INFO [2016-07-13 14:59:26] $filename
INFO [2016-07-13 14:59:26] [1] "exp_mrna_venn.jpeg"
INFO [2016-07-13 14:59:26] 
INFO [2016-07-13 14:59:26] $print.mode
INFO [2016-07-13 14:59:26] c("raw", "percent")
INFO [2016-07-13 14:59:26] 
INFO [2016-07-13 14:59:26] $force.unique
INFO [2016-07-13 14:59:26] [1] TRUE
INFO [2016-07-13 14:59:26] 
INFO [2016-07-13 14:59:26] $fill
INFO [2016-07-13 14:59:26] c("purple", "cyan", "orange")
INFO [2016-07-13 14:59:26] 
INFO [2016-07-13 14:59:26] $fontface
INFO [2016-07-13 14:59:26] [1] "bold"
INFO [2016-07-13 14:59:26] 
INFO [2016-07-13 14:59:26] $cat.fontface
INFO [2016-07-13 14:59:26] [1] "bold"
INFO [2016-07-13 14:59:26] 
INFO [2016-07-13 14:59:26] $cat.cex
INFO [2016-07-13 14:59:26] c(2, 2, 2)
INFO [2016-07-13 14:59:26] 
INFO [2016-07-13 14:59:26] $cat.dist
INFO [2016-07-13 14:59:26] c(0.1, 0.1, 0.1)
INFO [2016-07-13 14:59:26] 
