INFO [2016-07-13 15:03:57] $x
INFO [2016-07-13 15:03:57] example.list
INFO [2016-07-13 15:03:57] 
INFO [2016-07-13 15:03:57] $filename
INFO [2016-07-13 15:03:57] [1] "exp_mrna_venn.jpeg"
INFO [2016-07-13 15:03:57] 
INFO [2016-07-13 15:03:57] $print.mode
INFO [2016-07-13 15:03:57] c("raw", "percent")
INFO [2016-07-13 15:03:57] 
INFO [2016-07-13 15:03:57] $force.unique
INFO [2016-07-13 15:03:57] [1] TRUE
INFO [2016-07-13 15:03:57] 
INFO [2016-07-13 15:03:57] $fill
INFO [2016-07-13 15:03:57] c("purple", "cyan", "orange")
INFO [2016-07-13 15:03:57] 
INFO [2016-07-13 15:03:57] $fontface
INFO [2016-07-13 15:03:57] [1] "bold"
INFO [2016-07-13 15:03:57] 
INFO [2016-07-13 15:03:57] $cat.fontface
INFO [2016-07-13 15:03:57] [1] "bold"
INFO [2016-07-13 15:03:57] 
INFO [2016-07-13 15:03:57] $cat.cex
INFO [2016-07-13 15:03:57] c(1.4, 1.4, 1.4)
INFO [2016-07-13 15:03:57] 
INFO [2016-07-13 15:03:57] $cat.dist
INFO [2016-07-13 15:03:57] c(0.1, 0.1, 0.05)
INFO [2016-07-13 15:03:57] 
INFO [2016-07-13 15:03:57] $margin
INFO [2016-07-13 15:03:57] [1] 0.1
INFO [2016-07-13 15:03:57] 
