INFO [2016-07-13 15:02:30] $x
INFO [2016-07-13 15:02:30] example.list
INFO [2016-07-13 15:02:30] 
INFO [2016-07-13 15:02:30] $filename
INFO [2016-07-13 15:02:30] [1] "exp_mrna_venn.jpeg"
INFO [2016-07-13 15:02:30] 
INFO [2016-07-13 15:02:30] $print.mode
INFO [2016-07-13 15:02:30] c("raw", "percent")
INFO [2016-07-13 15:02:30] 
INFO [2016-07-13 15:02:30] $force.unique
INFO [2016-07-13 15:02:30] [1] TRUE
INFO [2016-07-13 15:02:30] 
INFO [2016-07-13 15:02:30] $fill
INFO [2016-07-13 15:02:30] c("purple", "cyan", "orange")
INFO [2016-07-13 15:02:30] 
INFO [2016-07-13 15:02:30] $fontface
INFO [2016-07-13 15:02:30] [1] "bold"
INFO [2016-07-13 15:02:30] 
INFO [2016-07-13 15:02:30] $cat.fontface
INFO [2016-07-13 15:02:30] [1] "bold"
INFO [2016-07-13 15:02:30] 
INFO [2016-07-13 15:02:30] $cat.cex
INFO [2016-07-13 15:02:30] c(1.8, 1.8, 1.8)
INFO [2016-07-13 15:02:30] 
INFO [2016-07-13 15:02:30] $cat.dist
INFO [2016-07-13 15:02:30] c(0.1, 0.1, 0.1)
INFO [2016-07-13 15:02:30] 
INFO [2016-07-13 15:02:30] $margin
INFO [2016-07-13 15:02:30] [1] 0.1
INFO [2016-07-13 15:02:30] 
