INFO [2016-07-13 14:58:02] $x
INFO [2016-07-13 14:58:02] example.list
INFO [2016-07-13 14:58:02] 
INFO [2016-07-13 14:58:02] $filename
INFO [2016-07-13 14:58:02] [1] "exp_mrna_venn.jpeg"
INFO [2016-07-13 14:58:02] 
INFO [2016-07-13 14:58:02] $print.mode
INFO [2016-07-13 14:58:02] c("raw", "percent")
INFO [2016-07-13 14:58:02] 
INFO [2016-07-13 14:58:02] $force.unique
INFO [2016-07-13 14:58:02] [1] TRUE
INFO [2016-07-13 14:58:02] 
INFO [2016-07-13 14:58:02] $fill
INFO [2016-07-13 14:58:02] c("purple", "cyan", "orange")
INFO [2016-07-13 14:58:02] 
INFO [2016-07-13 14:58:02] $fontface
INFO [2016-07-13 14:58:02] [1] "bold"
INFO [2016-07-13 14:58:02] 
INFO [2016-07-13 14:58:02] $cat.fontface
INFO [2016-07-13 14:58:02] [1] "bold"
INFO [2016-07-13 14:58:02] 
INFO [2016-07-13 14:58:02] $cat.cex
INFO [2016-07-13 14:58:02] c(2, 2, 2)
INFO [2016-07-13 14:58:02] 
INFO [2016-07-13 14:58:02] $cat.dist
INFO [2016-07-13 14:58:02] c(2, 2, 2)
INFO [2016-07-13 14:58:02] 
