INFO [2016-07-13 15:04:49] $x
INFO [2016-07-13 15:04:49] example.list
INFO [2016-07-13 15:04:49] 
INFO [2016-07-13 15:04:49] $filename
INFO [2016-07-13 15:04:49] [1] "exp_mrna_venn.jpeg"
INFO [2016-07-13 15:04:49] 
INFO [2016-07-13 15:04:49] $print.mode
INFO [2016-07-13 15:04:49] c("raw", "percent")
INFO [2016-07-13 15:04:49] 
INFO [2016-07-13 15:04:49] $force.unique
INFO [2016-07-13 15:04:49] [1] TRUE
INFO [2016-07-13 15:04:49] 
INFO [2016-07-13 15:04:49] $fill
INFO [2016-07-13 15:04:49] c("purple", "cyan", "orange")
INFO [2016-07-13 15:04:49] 
INFO [2016-07-13 15:04:49] $fontface
INFO [2016-07-13 15:04:49] [1] "bold"
INFO [2016-07-13 15:04:49] 
INFO [2016-07-13 15:04:49] $cat.fontface
INFO [2016-07-13 15:04:49] [1] "bold"
INFO [2016-07-13 15:04:49] 
INFO [2016-07-13 15:04:49] $cat.cex
INFO [2016-07-13 15:04:49] c(1.4, 1.4, 1.4)
INFO [2016-07-13 15:04:49] 
INFO [2016-07-13 15:04:49] $cat.dist
INFO [2016-07-13 15:04:49] c(0.08, 0.08, 0.05)
INFO [2016-07-13 15:04:49] 
INFO [2016-07-13 15:04:49] $margin
INFO [2016-07-13 15:04:49] [1] 0.1
INFO [2016-07-13 15:04:49] 
