INFO [2016-07-13 15:05:28] $x
INFO [2016-07-13 15:05:28] example.list
INFO [2016-07-13 15:05:28] 
INFO [2016-07-13 15:05:28] $filename
INFO [2016-07-13 15:05:28] [1] "exp_mrna_venn.jpeg"
INFO [2016-07-13 15:05:28] 
INFO [2016-07-13 15:05:28] $print.mode
INFO [2016-07-13 15:05:28] c("raw", "percent")
INFO [2016-07-13 15:05:28] 
INFO [2016-07-13 15:05:28] $force.unique
INFO [2016-07-13 15:05:28] [1] TRUE
INFO [2016-07-13 15:05:28] 
INFO [2016-07-13 15:05:28] $fill
INFO [2016-07-13 15:05:28] c("purple", "cyan", "orange")
INFO [2016-07-13 15:05:28] 
INFO [2016-07-13 15:05:28] $fontface
INFO [2016-07-13 15:05:28] [1] "bold"
INFO [2016-07-13 15:05:28] 
INFO [2016-07-13 15:05:28] $cat.fontface
INFO [2016-07-13 15:05:28] [1] "bold"
INFO [2016-07-13 15:05:28] 
INFO [2016-07-13 15:05:28] $cat.cex
INFO [2016-07-13 15:05:28] c(1.4, 1.4, 1.4)
INFO [2016-07-13 15:05:28] 
INFO [2016-07-13 15:05:28] $cat.dist
INFO [2016-07-13 15:05:28] c(0.1, 0.08, 0.05)
INFO [2016-07-13 15:05:28] 
INFO [2016-07-13 15:05:28] $margin
INFO [2016-07-13 15:05:28] [1] 0.05
INFO [2016-07-13 15:05:28] 
