INFO [2016-07-13 16:01:24] $x
INFO [2016-07-13 16:01:24] sta_mrna_list
INFO [2016-07-13 16:01:24] 
INFO [2016-07-13 16:01:24] $filename
INFO [2016-07-13 16:01:24] NULL
INFO [2016-07-13 16:01:24] 
INFO [2016-07-13 16:01:24] $euler.d
INFO [2016-07-13 16:01:24] [1] FALSE
INFO [2016-07-13 16:01:24] 
INFO [2016-07-13 16:01:24] $scaled
INFO [2016-07-13 16:01:24] [1] FALSE
INFO [2016-07-13 16:01:24] 
INFO [2016-07-13 16:01:24] $print.mode
INFO [2016-07-13 16:01:24] c("raw", "percent")
INFO [2016-07-13 16:01:24] 
INFO [2016-07-13 16:01:24] $force.unique
INFO [2016-07-13 16:01:24] [1] TRUE
INFO [2016-07-13 16:01:24] 
INFO [2016-07-13 16:01:24] $fill
INFO [2016-07-13 16:01:24] c("purple", "cyan", "orange")
INFO [2016-07-13 16:01:24] 
INFO [2016-07-13 16:01:24] $fontface
INFO [2016-07-13 16:01:24] [1] "bold"
INFO [2016-07-13 16:01:24] 
INFO [2016-07-13 16:01:24] $cex
INFO [2016-07-13 16:01:24] rep(1.3, 7)
INFO [2016-07-13 16:01:24] 
INFO [2016-07-13 16:01:24] $cat.fontface
INFO [2016-07-13 16:01:24] [1] "bold"
INFO [2016-07-13 16:01:24] 
INFO [2016-07-13 16:01:24] $cat.cex
INFO [2016-07-13 16:01:24] c(1.4, 1.4, 1.4)
INFO [2016-07-13 16:01:24] 
INFO [2016-07-13 16:01:24] $cat.dist
INFO [2016-07-13 16:01:24] c(0.1, 0.08, 0.05)
INFO [2016-07-13 16:01:24] 
INFO [2016-07-13 16:01:24] $margin
INFO [2016-07-13 16:01:24] [1] 0.04
INFO [2016-07-13 16:01:24] 
