INFO [2016-07-13 16:01:30] $x
INFO [2016-07-13 16:01:30] sta_mrna_list
INFO [2016-07-13 16:01:30] 
INFO [2016-07-13 16:01:30] $filename
INFO [2016-07-13 16:01:30] NULL
INFO [2016-07-13 16:01:30] 
INFO [2016-07-13 16:01:30] $euler.d
INFO [2016-07-13 16:01:30] [1] FALSE
INFO [2016-07-13 16:01:30] 
INFO [2016-07-13 16:01:30] $scaled
INFO [2016-07-13 16:01:30] [1] FALSE
INFO [2016-07-13 16:01:30] 
INFO [2016-07-13 16:01:30] $print.mode
INFO [2016-07-13 16:01:30] c("raw", "percent")
INFO [2016-07-13 16:01:30] 
INFO [2016-07-13 16:01:30] $force.unique
INFO [2016-07-13 16:01:30] [1] TRUE
INFO [2016-07-13 16:01:30] 
INFO [2016-07-13 16:01:30] $fill
INFO [2016-07-13 16:01:30] c("purple", "cyan", "orange")
INFO [2016-07-13 16:01:30] 
INFO [2016-07-13 16:01:30] $fontface
INFO [2016-07-13 16:01:30] [1] "bold"
INFO [2016-07-13 16:01:30] 
INFO [2016-07-13 16:01:30] $cex
INFO [2016-07-13 16:01:30] rep(1.3, 7)
INFO [2016-07-13 16:01:30] 
INFO [2016-07-13 16:01:30] $cat.fontface
INFO [2016-07-13 16:01:30] [1] "bold"
INFO [2016-07-13 16:01:30] 
INFO [2016-07-13 16:01:30] $cat.cex
INFO [2016-07-13 16:01:30] c(1.4, 1.4, 1.4)
INFO [2016-07-13 16:01:30] 
INFO [2016-07-13 16:01:30] $cat.dist
INFO [2016-07-13 16:01:30] c(0.1, 0.08, 0.05)
INFO [2016-07-13 16:01:30] 
INFO [2016-07-13 16:01:30] $margin
INFO [2016-07-13 16:01:30] [1] 0.04
INFO [2016-07-13 16:01:30] 
