INFO [2016-08-08 23:55:29] $x
INFO [2016-08-08 23:55:29] exp_mrna_list
INFO [2016-08-08 23:55:29] 
INFO [2016-08-08 23:55:29] $filename
INFO [2016-08-08 23:55:29] NULL
INFO [2016-08-08 23:55:29] 
INFO [2016-08-08 23:55:29] $euler.d
INFO [2016-08-08 23:55:29] [1] FALSE
INFO [2016-08-08 23:55:29] 
INFO [2016-08-08 23:55:29] $scaled
INFO [2016-08-08 23:55:29] [1] FALSE
INFO [2016-08-08 23:55:29] 
INFO [2016-08-08 23:55:29] $print.mode
INFO [2016-08-08 23:55:29] c("raw", "percent")
INFO [2016-08-08 23:55:29] 
INFO [2016-08-08 23:55:29] $force.unique
INFO [2016-08-08 23:55:29] [1] TRUE
INFO [2016-08-08 23:55:29] 
INFO [2016-08-08 23:55:29] $fill
INFO [2016-08-08 23:55:29] c("purple", "cyan", "orange")
INFO [2016-08-08 23:55:29] 
INFO [2016-08-08 23:55:29] $fontface
INFO [2016-08-08 23:55:29] [1] "bold"
INFO [2016-08-08 23:55:29] 
INFO [2016-08-08 23:55:29] $cex
INFO [2016-08-08 23:55:29] rep(1.3, 7)
INFO [2016-08-08 23:55:29] 
INFO [2016-08-08 23:55:29] $cat.fontface
INFO [2016-08-08 23:55:29] [1] "bold"
INFO [2016-08-08 23:55:29] 
INFO [2016-08-08 23:55:29] $cat.cex
INFO [2016-08-08 23:55:29] c(1.4, 1.4, 1.4)
INFO [2016-08-08 23:55:29] 
INFO [2016-08-08 23:55:29] $cat.dist
INFO [2016-08-08 23:55:29] c(0.1, 0.08, 0.05)
INFO [2016-08-08 23:55:29] 
INFO [2016-08-08 23:55:29] $margin
INFO [2016-08-08 23:55:29] [1] 0.07
INFO [2016-08-08 23:55:29] 
INFO [2016-08-08 23:55:29] $main
INFO [2016-08-08 23:55:29] [1] "A"
INFO [2016-08-08 23:55:29] 
INFO [2016-08-08 23:55:29] $main.pos
INFO [2016-08-08 23:55:29] c(0.05, 1)
INFO [2016-08-08 23:55:29] 
INFO [2016-08-08 23:55:29] $main.fontface
INFO [2016-08-08 23:55:29] [1] "bold"
INFO [2016-08-08 23:55:29] 
INFO [2016-08-08 23:55:29] $main.cex
INFO [2016-08-08 23:55:29] [1] 2.5
INFO [2016-08-08 23:55:29] 
INFO [2016-08-08 23:55:29] $x
INFO [2016-08-08 23:55:29] exp_protein_list
INFO [2016-08-08 23:55:29] 
INFO [2016-08-08 23:55:29] $filename
INFO [2016-08-08 23:55:29] NULL
INFO [2016-08-08 23:55:29] 
INFO [2016-08-08 23:55:29] $euler.d
INFO [2016-08-08 23:55:29] [1] FALSE
INFO [2016-08-08 23:55:29] 
INFO [2016-08-08 23:55:29] $scaled
INFO [2016-08-08 23:55:29] [1] FALSE
INFO [2016-08-08 23:55:29] 
INFO [2016-08-08 23:55:29] $print.mode
INFO [2016-08-08 23:55:29] c("raw", "percent")
INFO [2016-08-08 23:55:29] 
INFO [2016-08-08 23:55:29] $force.unique
INFO [2016-08-08 23:55:29] [1] TRUE
INFO [2016-08-08 23:55:29] 
INFO [2016-08-08 23:55:29] $fill
INFO [2016-08-08 23:55:29] c("purple", "cyan", "orange")
INFO [2016-08-08 23:55:29] 
INFO [2016-08-08 23:55:29] $fontface
INFO [2016-08-08 23:55:29] [1] "bold"
INFO [2016-08-08 23:55:29] 
INFO [2016-08-08 23:55:29] $cex
INFO [2016-08-08 23:55:29] rep(1.3, 7)
INFO [2016-08-08 23:55:29] 
INFO [2016-08-08 23:55:29] $cat.fontface
INFO [2016-08-08 23:55:29] [1] "bold"
INFO [2016-08-08 23:55:29] 
INFO [2016-08-08 23:55:29] $cat.cex
INFO [2016-08-08 23:55:29] c(1.4, 1.4, 1.4)
INFO [2016-08-08 23:55:29] 
INFO [2016-08-08 23:55:29] $cat.dist
INFO [2016-08-08 23:55:29] c(0.1, 0.08, 0.05)
INFO [2016-08-08 23:55:29] 
INFO [2016-08-08 23:55:29] $margin
INFO [2016-08-08 23:55:29] [1] 0.07
INFO [2016-08-08 23:55:29] 
INFO [2016-08-08 23:55:29] $main
INFO [2016-08-08 23:55:29] [1] "B"
INFO [2016-08-08 23:55:29] 
INFO [2016-08-08 23:55:29] $main.pos
INFO [2016-08-08 23:55:29] c(0.05, 1)
INFO [2016-08-08 23:55:29] 
INFO [2016-08-08 23:55:29] $main.fontface
INFO [2016-08-08 23:55:29] [1] "bold"
INFO [2016-08-08 23:55:29] 
INFO [2016-08-08 23:55:29] $main.cex
INFO [2016-08-08 23:55:29] [1] 2.5
INFO [2016-08-08 23:55:29] 
