INFO [2016-07-29 13:58:09] $x
INFO [2016-07-29 13:58:09] exp_mrna_list
INFO [2016-07-29 13:58:09] 
INFO [2016-07-29 13:58:09] $filename
INFO [2016-07-29 13:58:09] NULL
INFO [2016-07-29 13:58:09] 
INFO [2016-07-29 13:58:09] $euler.d
INFO [2016-07-29 13:58:09] [1] FALSE
INFO [2016-07-29 13:58:09] 
INFO [2016-07-29 13:58:09] $scaled
INFO [2016-07-29 13:58:09] [1] FALSE
INFO [2016-07-29 13:58:09] 
INFO [2016-07-29 13:58:09] $print.mode
INFO [2016-07-29 13:58:09] c("raw", "percent")
INFO [2016-07-29 13:58:09] 
INFO [2016-07-29 13:58:09] $force.unique
INFO [2016-07-29 13:58:09] [1] TRUE
INFO [2016-07-29 13:58:09] 
INFO [2016-07-29 13:58:09] $fill
INFO [2016-07-29 13:58:09] c("purple", "cyan", "orange")
INFO [2016-07-29 13:58:09] 
INFO [2016-07-29 13:58:09] $fontface
INFO [2016-07-29 13:58:09] [1] "bold"
INFO [2016-07-29 13:58:09] 
INFO [2016-07-29 13:58:09] $cex
INFO [2016-07-29 13:58:09] rep(1.3, 7)
INFO [2016-07-29 13:58:09] 
INFO [2016-07-29 13:58:09] $cat.fontface
INFO [2016-07-29 13:58:09] [1] "bold"
INFO [2016-07-29 13:58:09] 
INFO [2016-07-29 13:58:09] $cat.cex
INFO [2016-07-29 13:58:09] c(1.4, 1.4, 1.4)
INFO [2016-07-29 13:58:09] 
INFO [2016-07-29 13:58:09] $cat.dist
INFO [2016-07-29 13:58:09] c(0.1, 0.08, 0.05)
INFO [2016-07-29 13:58:09] 
INFO [2016-07-29 13:58:09] $margin
INFO [2016-07-29 13:58:09] [1] 0.07
INFO [2016-07-29 13:58:09] 
INFO [2016-07-29 13:58:09] $main
INFO [2016-07-29 13:58:09] [1] "A"
INFO [2016-07-29 13:58:09] 
INFO [2016-07-29 13:58:09] $main.pos
INFO [2016-07-29 13:58:09] c(0.05, 1)
INFO [2016-07-29 13:58:09] 
INFO [2016-07-29 13:58:09] $main.fontface
INFO [2016-07-29 13:58:09] [1] "bold"
INFO [2016-07-29 13:58:09] 
INFO [2016-07-29 13:58:09] $main.cex
INFO [2016-07-29 13:58:09] [1] 2.5
INFO [2016-07-29 13:58:09] 
INFO [2016-07-29 13:58:09] $x
INFO [2016-07-29 13:58:09] exp_protein_list
INFO [2016-07-29 13:58:09] 
INFO [2016-07-29 13:58:09] $filename
INFO [2016-07-29 13:58:09] NULL
INFO [2016-07-29 13:58:09] 
INFO [2016-07-29 13:58:09] $euler.d
INFO [2016-07-29 13:58:09] [1] FALSE
INFO [2016-07-29 13:58:09] 
INFO [2016-07-29 13:58:09] $scaled
INFO [2016-07-29 13:58:09] [1] FALSE
INFO [2016-07-29 13:58:09] 
INFO [2016-07-29 13:58:09] $print.mode
INFO [2016-07-29 13:58:09] c("raw", "percent")
INFO [2016-07-29 13:58:09] 
INFO [2016-07-29 13:58:09] $force.unique
INFO [2016-07-29 13:58:09] [1] TRUE
INFO [2016-07-29 13:58:09] 
INFO [2016-07-29 13:58:09] $fill
INFO [2016-07-29 13:58:09] c("purple", "cyan", "orange")
INFO [2016-07-29 13:58:09] 
INFO [2016-07-29 13:58:09] $fontface
INFO [2016-07-29 13:58:09] [1] "bold"
INFO [2016-07-29 13:58:09] 
INFO [2016-07-29 13:58:09] $cex
INFO [2016-07-29 13:58:09] rep(1.3, 7)
INFO [2016-07-29 13:58:09] 
INFO [2016-07-29 13:58:09] $cat.fontface
INFO [2016-07-29 13:58:09] [1] "bold"
INFO [2016-07-29 13:58:09] 
INFO [2016-07-29 13:58:09] $cat.cex
INFO [2016-07-29 13:58:09] c(1.4, 1.4, 1.4)
INFO [2016-07-29 13:58:09] 
INFO [2016-07-29 13:58:09] $cat.dist
INFO [2016-07-29 13:58:09] c(0.1, 0.08, 0.05)
INFO [2016-07-29 13:58:09] 
INFO [2016-07-29 13:58:09] $margin
INFO [2016-07-29 13:58:09] [1] 0.07
INFO [2016-07-29 13:58:09] 
INFO [2016-07-29 13:58:09] $main
INFO [2016-07-29 13:58:09] [1] "B"
INFO [2016-07-29 13:58:09] 
INFO [2016-07-29 13:58:09] $main.pos
INFO [2016-07-29 13:58:09] c(0.05, 1)
INFO [2016-07-29 13:58:09] 
INFO [2016-07-29 13:58:09] $main.fontface
INFO [2016-07-29 13:58:09] [1] "bold"
INFO [2016-07-29 13:58:09] 
INFO [2016-07-29 13:58:09] $main.cex
INFO [2016-07-29 13:58:09] [1] 2.5
INFO [2016-07-29 13:58:09] 
