INFO [2016-07-14 10:44:13] $x
INFO [2016-07-14 10:44:13] sta_protein_list
INFO [2016-07-14 10:44:13] 
INFO [2016-07-14 10:44:13] $filename
INFO [2016-07-14 10:44:13] NULL
INFO [2016-07-14 10:44:13] 
INFO [2016-07-14 10:44:13] $euler.d
INFO [2016-07-14 10:44:13] [1] FALSE
INFO [2016-07-14 10:44:13] 
INFO [2016-07-14 10:44:13] $scaled
INFO [2016-07-14 10:44:13] [1] FALSE
INFO [2016-07-14 10:44:13] 
INFO [2016-07-14 10:44:13] $print.mode
INFO [2016-07-14 10:44:13] c("raw", "percent")
INFO [2016-07-14 10:44:13] 
INFO [2016-07-14 10:44:13] $force.unique
INFO [2016-07-14 10:44:13] [1] TRUE
INFO [2016-07-14 10:44:13] 
INFO [2016-07-14 10:44:13] $fill
INFO [2016-07-14 10:44:13] c("purple", "cyan", "orange")
INFO [2016-07-14 10:44:13] 
INFO [2016-07-14 10:44:13] $fontface
INFO [2016-07-14 10:44:13] [1] "bold"
INFO [2016-07-14 10:44:13] 
INFO [2016-07-14 10:44:13] $cex
INFO [2016-07-14 10:44:13] rep(1.3, 7)
INFO [2016-07-14 10:44:13] 
INFO [2016-07-14 10:44:13] $cat.fontface
INFO [2016-07-14 10:44:13] [1] "bold"
INFO [2016-07-14 10:44:13] 
INFO [2016-07-14 10:44:13] $cat.cex
INFO [2016-07-14 10:44:13] c(1.4, 1.4, 1.4)
INFO [2016-07-14 10:44:13] 
INFO [2016-07-14 10:44:13] $cat.dist
INFO [2016-07-14 10:44:13] c(0.1, 0.08, 0.05)
INFO [2016-07-14 10:44:13] 
INFO [2016-07-14 10:44:13] $margin
INFO [2016-07-14 10:44:13] [1] 0.07
INFO [2016-07-14 10:44:13] 
INFO [2016-07-14 10:44:13] $main
INFO [2016-07-14 10:44:13] [1] "D"
INFO [2016-07-14 10:44:13] 
INFO [2016-07-14 10:44:13] $main.pos
INFO [2016-07-14 10:44:13] c(0.05, 1)
INFO [2016-07-14 10:44:13] 
INFO [2016-07-14 10:44:13] $main.fontface
INFO [2016-07-14 10:44:13] [1] "bold"
INFO [2016-07-14 10:44:13] 
INFO [2016-07-14 10:44:13] $main.cex
INFO [2016-07-14 10:44:13] [1] 2.5
INFO [2016-07-14 10:44:13] 
