INFO [2016-07-14 10:53:03] $x
INFO [2016-07-14 10:53:03] exp_mrna_list
INFO [2016-07-14 10:53:03] 
INFO [2016-07-14 10:53:03] $filename
INFO [2016-07-14 10:53:03] NULL
INFO [2016-07-14 10:53:03] 
INFO [2016-07-14 10:53:03] $euler.d
INFO [2016-07-14 10:53:03] [1] FALSE
INFO [2016-07-14 10:53:03] 
INFO [2016-07-14 10:53:03] $scaled
INFO [2016-07-14 10:53:03] [1] FALSE
INFO [2016-07-14 10:53:03] 
INFO [2016-07-14 10:53:03] $print.mode
INFO [2016-07-14 10:53:03] c("raw", "percent")
INFO [2016-07-14 10:53:03] 
INFO [2016-07-14 10:53:03] $force.unique
INFO [2016-07-14 10:53:03] [1] TRUE
INFO [2016-07-14 10:53:03] 
INFO [2016-07-14 10:53:03] $fill
INFO [2016-07-14 10:53:03] c("purple", "cyan", "orange")
INFO [2016-07-14 10:53:03] 
INFO [2016-07-14 10:53:03] $fontface
INFO [2016-07-14 10:53:03] [1] "bold"
INFO [2016-07-14 10:53:03] 
INFO [2016-07-14 10:53:03] $cex
INFO [2016-07-14 10:53:03] rep(1.3, 7)
INFO [2016-07-14 10:53:03] 
INFO [2016-07-14 10:53:03] $cat.fontface
INFO [2016-07-14 10:53:03] [1] "bold"
INFO [2016-07-14 10:53:03] 
INFO [2016-07-14 10:53:03] $cat.cex
INFO [2016-07-14 10:53:03] c(1.4, 1.4, 1.4)
INFO [2016-07-14 10:53:03] 
INFO [2016-07-14 10:53:03] $cat.dist
INFO [2016-07-14 10:53:03] c(0.1, 0.08, 0.05)
INFO [2016-07-14 10:53:03] 
INFO [2016-07-14 10:53:03] $margin
INFO [2016-07-14 10:53:03] [1] 0.07
INFO [2016-07-14 10:53:03] 
INFO [2016-07-14 10:53:03] $main
INFO [2016-07-14 10:53:03] [1] "A"
INFO [2016-07-14 10:53:03] 
INFO [2016-07-14 10:53:03] $main.pos
INFO [2016-07-14 10:53:03] c(0.05, 1)
INFO [2016-07-14 10:53:03] 
INFO [2016-07-14 10:53:03] $main.fontface
INFO [2016-07-14 10:53:03] [1] "bold"
INFO [2016-07-14 10:53:03] 
INFO [2016-07-14 10:53:03] $main.cex
INFO [2016-07-14 10:53:03] [1] 2.5
INFO [2016-07-14 10:53:03] 
INFO [2016-07-14 10:53:03] $x
INFO [2016-07-14 10:53:03] exp_protein_list
INFO [2016-07-14 10:53:03] 
INFO [2016-07-14 10:53:03] $filename
INFO [2016-07-14 10:53:03] NULL
INFO [2016-07-14 10:53:03] 
INFO [2016-07-14 10:53:03] $euler.d
INFO [2016-07-14 10:53:03] [1] FALSE
INFO [2016-07-14 10:53:03] 
INFO [2016-07-14 10:53:03] $scaled
INFO [2016-07-14 10:53:03] [1] FALSE
INFO [2016-07-14 10:53:03] 
INFO [2016-07-14 10:53:03] $print.mode
INFO [2016-07-14 10:53:03] c("raw", "percent")
INFO [2016-07-14 10:53:03] 
INFO [2016-07-14 10:53:03] $force.unique
INFO [2016-07-14 10:53:03] [1] TRUE
INFO [2016-07-14 10:53:03] 
INFO [2016-07-14 10:53:03] $fill
INFO [2016-07-14 10:53:03] c("purple", "cyan", "orange")
INFO [2016-07-14 10:53:03] 
INFO [2016-07-14 10:53:03] $fontface
INFO [2016-07-14 10:53:03] [1] "bold"
INFO [2016-07-14 10:53:03] 
INFO [2016-07-14 10:53:03] $cex
INFO [2016-07-14 10:53:03] rep(1.3, 7)
INFO [2016-07-14 10:53:03] 
INFO [2016-07-14 10:53:03] $cat.fontface
INFO [2016-07-14 10:53:03] [1] "bold"
INFO [2016-07-14 10:53:03] 
INFO [2016-07-14 10:53:03] $cat.cex
INFO [2016-07-14 10:53:03] c(1.4, 1.4, 1.4)
INFO [2016-07-14 10:53:03] 
INFO [2016-07-14 10:53:03] $cat.dist
INFO [2016-07-14 10:53:03] c(0.1, 0.08, 0.05)
INFO [2016-07-14 10:53:03] 
INFO [2016-07-14 10:53:03] $margin
INFO [2016-07-14 10:53:03] [1] 0.07
INFO [2016-07-14 10:53:03] 
INFO [2016-07-14 10:53:03] $main
INFO [2016-07-14 10:53:03] [1] "B"
INFO [2016-07-14 10:53:03] 
INFO [2016-07-14 10:53:03] $main.pos
INFO [2016-07-14 10:53:03] c(0.05, 1)
INFO [2016-07-14 10:53:03] 
INFO [2016-07-14 10:53:03] $main.fontface
INFO [2016-07-14 10:53:03] [1] "bold"
INFO [2016-07-14 10:53:03] 
INFO [2016-07-14 10:53:03] $main.cex
INFO [2016-07-14 10:53:03] [1] 2.5
INFO [2016-07-14 10:53:03] 
INFO [2016-07-14 10:53:03] $x
INFO [2016-07-14 10:53:03] sta_mrna_list
INFO [2016-07-14 10:53:03] 
INFO [2016-07-14 10:53:03] $filename
INFO [2016-07-14 10:53:03] NULL
INFO [2016-07-14 10:53:03] 
INFO [2016-07-14 10:53:03] $euler.d
INFO [2016-07-14 10:53:03] [1] FALSE
INFO [2016-07-14 10:53:03] 
INFO [2016-07-14 10:53:03] $scaled
INFO [2016-07-14 10:53:03] [1] FALSE
INFO [2016-07-14 10:53:03] 
INFO [2016-07-14 10:53:03] $print.mode
INFO [2016-07-14 10:53:03] c("raw", "percent")
INFO [2016-07-14 10:53:03] 
INFO [2016-07-14 10:53:03] $force.unique
INFO [2016-07-14 10:53:03] [1] TRUE
INFO [2016-07-14 10:53:03] 
INFO [2016-07-14 10:53:03] $fill
INFO [2016-07-14 10:53:03] c("purple", "cyan", "orange")
INFO [2016-07-14 10:53:03] 
INFO [2016-07-14 10:53:03] $fontface
INFO [2016-07-14 10:53:03] [1] "bold"
INFO [2016-07-14 10:53:03] 
INFO [2016-07-14 10:53:03] $cex
INFO [2016-07-14 10:53:03] rep(1.3, 7)
INFO [2016-07-14 10:53:03] 
INFO [2016-07-14 10:53:03] $cat.fontface
INFO [2016-07-14 10:53:03] [1] "bold"
INFO [2016-07-14 10:53:03] 
INFO [2016-07-14 10:53:03] $cat.cex
INFO [2016-07-14 10:53:03] c(1.4, 1.4, 1.4)
INFO [2016-07-14 10:53:03] 
INFO [2016-07-14 10:53:03] $cat.dist
INFO [2016-07-14 10:53:03] c(0.1, 0.08, 0.05)
INFO [2016-07-14 10:53:03] 
INFO [2016-07-14 10:53:03] $margin
INFO [2016-07-14 10:53:03] [1] 0.07
INFO [2016-07-14 10:53:03] 
INFO [2016-07-14 10:53:03] $main
INFO [2016-07-14 10:53:03] [1] "C"
INFO [2016-07-14 10:53:03] 
INFO [2016-07-14 10:53:03] $main.pos
INFO [2016-07-14 10:53:03] c(0.05, 1)
INFO [2016-07-14 10:53:03] 
INFO [2016-07-14 10:53:03] $main.fontface
INFO [2016-07-14 10:53:03] [1] "bold"
INFO [2016-07-14 10:53:03] 
INFO [2016-07-14 10:53:03] $main.cex
INFO [2016-07-14 10:53:03] [1] 2.5
INFO [2016-07-14 10:53:03] 
INFO [2016-07-14 10:53:03] $x
INFO [2016-07-14 10:53:03] sta_protein_list
INFO [2016-07-14 10:53:03] 
INFO [2016-07-14 10:53:03] $filename
INFO [2016-07-14 10:53:03] NULL
INFO [2016-07-14 10:53:03] 
INFO [2016-07-14 10:53:03] $euler.d
INFO [2016-07-14 10:53:03] [1] FALSE
INFO [2016-07-14 10:53:03] 
INFO [2016-07-14 10:53:03] $scaled
INFO [2016-07-14 10:53:03] [1] FALSE
INFO [2016-07-14 10:53:03] 
INFO [2016-07-14 10:53:03] $print.mode
INFO [2016-07-14 10:53:03] c("raw", "percent")
INFO [2016-07-14 10:53:03] 
INFO [2016-07-14 10:53:03] $force.unique
INFO [2016-07-14 10:53:03] [1] TRUE
INFO [2016-07-14 10:53:03] 
INFO [2016-07-14 10:53:03] $fill
INFO [2016-07-14 10:53:03] c("purple", "cyan", "orange")
INFO [2016-07-14 10:53:03] 
INFO [2016-07-14 10:53:03] $fontface
INFO [2016-07-14 10:53:03] [1] "bold"
INFO [2016-07-14 10:53:03] 
INFO [2016-07-14 10:53:03] $cex
INFO [2016-07-14 10:53:03] rep(1.3, 7)
INFO [2016-07-14 10:53:03] 
INFO [2016-07-14 10:53:03] $cat.fontface
INFO [2016-07-14 10:53:03] [1] "bold"
INFO [2016-07-14 10:53:03] 
INFO [2016-07-14 10:53:03] $cat.cex
INFO [2016-07-14 10:53:03] c(1.4, 1.4, 1.4)
INFO [2016-07-14 10:53:03] 
INFO [2016-07-14 10:53:03] $cat.dist
INFO [2016-07-14 10:53:03] c(0.1, 0.08, 0.05)
INFO [2016-07-14 10:53:03] 
INFO [2016-07-14 10:53:03] $margin
INFO [2016-07-14 10:53:03] [1] 0.07
INFO [2016-07-14 10:53:03] 
INFO [2016-07-14 10:53:03] $main
INFO [2016-07-14 10:53:03] [1] "D"
INFO [2016-07-14 10:53:03] 
INFO [2016-07-14 10:53:03] $main.pos
INFO [2016-07-14 10:53:03] c(0.05, 1)
INFO [2016-07-14 10:53:03] 
INFO [2016-07-14 10:53:03] $main.fontface
INFO [2016-07-14 10:53:03] [1] "bold"
INFO [2016-07-14 10:53:03] 
INFO [2016-07-14 10:53:03] $main.cex
INFO [2016-07-14 10:53:03] [1] 2.5
INFO [2016-07-14 10:53:03] 
