INFO [2016-07-13 15:30:47] $x
INFO [2016-07-13 15:30:47] exp_mrna_list
INFO [2016-07-13 15:30:47] 
INFO [2016-07-13 15:30:47] $filename
INFO [2016-07-13 15:30:47] NULL
INFO [2016-07-13 15:30:47] 
INFO [2016-07-13 15:30:47] $height
INFO [2016-07-13 15:30:47] [1] 3000
INFO [2016-07-13 15:30:47] 
INFO [2016-07-13 15:30:47] $width
INFO [2016-07-13 15:30:47] [1] 3000
INFO [2016-07-13 15:30:47] 
INFO [2016-07-13 15:30:47] $print.mode
INFO [2016-07-13 15:30:47] c("raw", "percent")
INFO [2016-07-13 15:30:47] 
INFO [2016-07-13 15:30:47] $force.unique
INFO [2016-07-13 15:30:47] [1] TRUE
INFO [2016-07-13 15:30:47] 
INFO [2016-07-13 15:30:47] $fill
INFO [2016-07-13 15:30:47] c("purple", "cyan", "orange")
INFO [2016-07-13 15:30:47] 
INFO [2016-07-13 15:30:47] $fontface
INFO [2016-07-13 15:30:47] [1] "bold"
INFO [2016-07-13 15:30:47] 
INFO [2016-07-13 15:30:47] $cex
INFO [2016-07-13 15:30:47] rep(1.3, 7)
INFO [2016-07-13 15:30:47] 
INFO [2016-07-13 15:30:47] $cat.fontface
INFO [2016-07-13 15:30:47] [1] "bold"
INFO [2016-07-13 15:30:47] 
INFO [2016-07-13 15:30:47] $cat.cex
INFO [2016-07-13 15:30:47] c(1.4, 1.4, 1.4)
INFO [2016-07-13 15:30:47] 
INFO [2016-07-13 15:30:47] $cat.dist
INFO [2016-07-13 15:30:47] c(0.1, 0.08, 0.05)
INFO [2016-07-13 15:30:47] 
INFO [2016-07-13 15:30:47] $margin
INFO [2016-07-13 15:30:47] [1] 0.04
INFO [2016-07-13 15:30:47] 
INFO [2016-07-13 15:30:47] $x
INFO [2016-07-13 15:30:47] exp_protein_list
INFO [2016-07-13 15:30:47] 
INFO [2016-07-13 15:30:47] $filename
INFO [2016-07-13 15:30:47] NULL
INFO [2016-07-13 15:30:47] 
INFO [2016-07-13 15:30:47] $height
INFO [2016-07-13 15:30:47] [1] 3000
INFO [2016-07-13 15:30:47] 
INFO [2016-07-13 15:30:47] $width
INFO [2016-07-13 15:30:47] [1] 3000
INFO [2016-07-13 15:30:47] 
INFO [2016-07-13 15:30:47] $print.mode
INFO [2016-07-13 15:30:47] c("raw", "percent")
INFO [2016-07-13 15:30:47] 
INFO [2016-07-13 15:30:47] $force.unique
INFO [2016-07-13 15:30:47] [1] TRUE
INFO [2016-07-13 15:30:47] 
INFO [2016-07-13 15:30:47] $fill
INFO [2016-07-13 15:30:47] c("purple", "cyan", "orange")
INFO [2016-07-13 15:30:47] 
INFO [2016-07-13 15:30:47] $fontface
INFO [2016-07-13 15:30:47] [1] "bold"
INFO [2016-07-13 15:30:47] 
INFO [2016-07-13 15:30:47] $cex
INFO [2016-07-13 15:30:47] rep(1.3, 7)
INFO [2016-07-13 15:30:47] 
INFO [2016-07-13 15:30:47] $cat.fontface
INFO [2016-07-13 15:30:47] [1] "bold"
INFO [2016-07-13 15:30:47] 
INFO [2016-07-13 15:30:47] $cat.cex
INFO [2016-07-13 15:30:47] c(1.4, 1.4, 1.4)
INFO [2016-07-13 15:30:47] 
INFO [2016-07-13 15:30:47] $cat.dist
INFO [2016-07-13 15:30:47] c(0.1, 0.08, 0.05)
INFO [2016-07-13 15:30:47] 
INFO [2016-07-13 15:30:47] $margin
INFO [2016-07-13 15:30:47] [1] 0.04
INFO [2016-07-13 15:30:47] 
INFO [2016-07-13 15:30:47] $x
INFO [2016-07-13 15:30:47] sta_mrna_list
INFO [2016-07-13 15:30:47] 
INFO [2016-07-13 15:30:47] $filename
INFO [2016-07-13 15:30:47] NULL
INFO [2016-07-13 15:30:47] 
INFO [2016-07-13 15:30:47] $height
INFO [2016-07-13 15:30:47] [1] 3000
INFO [2016-07-13 15:30:47] 
INFO [2016-07-13 15:30:47] $width
INFO [2016-07-13 15:30:47] [1] 3000
INFO [2016-07-13 15:30:47] 
INFO [2016-07-13 15:30:47] $print.mode
INFO [2016-07-13 15:30:47] c("raw", "percent")
INFO [2016-07-13 15:30:47] 
INFO [2016-07-13 15:30:47] $force.unique
INFO [2016-07-13 15:30:47] [1] TRUE
INFO [2016-07-13 15:30:47] 
INFO [2016-07-13 15:30:47] $fill
INFO [2016-07-13 15:30:47] c("purple", "cyan", "orange")
INFO [2016-07-13 15:30:47] 
INFO [2016-07-13 15:30:47] $fontface
INFO [2016-07-13 15:30:47] [1] "bold"
INFO [2016-07-13 15:30:47] 
INFO [2016-07-13 15:30:47] $cex
INFO [2016-07-13 15:30:47] rep(1.3, 7)
INFO [2016-07-13 15:30:47] 
INFO [2016-07-13 15:30:47] $cat.fontface
INFO [2016-07-13 15:30:47] [1] "bold"
INFO [2016-07-13 15:30:47] 
INFO [2016-07-13 15:30:47] $cat.cex
INFO [2016-07-13 15:30:47] c(1.4, 1.4, 1.4)
INFO [2016-07-13 15:30:47] 
INFO [2016-07-13 15:30:47] $cat.dist
INFO [2016-07-13 15:30:47] c(0.1, 0.08, 0.05)
INFO [2016-07-13 15:30:47] 
INFO [2016-07-13 15:30:47] $margin
INFO [2016-07-13 15:30:47] [1] 0.04
INFO [2016-07-13 15:30:47] 
INFO [2016-07-13 15:30:47] $x
INFO [2016-07-13 15:30:47] exp_protein_list
INFO [2016-07-13 15:30:47] 
INFO [2016-07-13 15:30:47] $filename
INFO [2016-07-13 15:30:47] NULL
INFO [2016-07-13 15:30:47] 
INFO [2016-07-13 15:30:47] $height
INFO [2016-07-13 15:30:47] [1] 3000
INFO [2016-07-13 15:30:47] 
INFO [2016-07-13 15:30:47] $width
INFO [2016-07-13 15:30:47] [1] 3000
INFO [2016-07-13 15:30:47] 
INFO [2016-07-13 15:30:47] $print.mode
INFO [2016-07-13 15:30:47] c("raw", "percent")
INFO [2016-07-13 15:30:47] 
INFO [2016-07-13 15:30:47] $force.unique
INFO [2016-07-13 15:30:47] [1] TRUE
INFO [2016-07-13 15:30:47] 
INFO [2016-07-13 15:30:47] $fill
INFO [2016-07-13 15:30:47] c("purple", "cyan", "orange")
INFO [2016-07-13 15:30:47] 
INFO [2016-07-13 15:30:47] $fontface
INFO [2016-07-13 15:30:47] [1] "bold"
INFO [2016-07-13 15:30:47] 
INFO [2016-07-13 15:30:47] $cex
INFO [2016-07-13 15:30:47] rep(1.3, 7)
INFO [2016-07-13 15:30:47] 
INFO [2016-07-13 15:30:47] $cat.fontface
INFO [2016-07-13 15:30:47] [1] "bold"
INFO [2016-07-13 15:30:47] 
INFO [2016-07-13 15:30:47] $cat.cex
INFO [2016-07-13 15:30:47] c(1.4, 1.4, 1.4)
INFO [2016-07-13 15:30:47] 
INFO [2016-07-13 15:30:47] $cat.dist
INFO [2016-07-13 15:30:47] c(0.1, 0.08, 0.05)
INFO [2016-07-13 15:30:47] 
INFO [2016-07-13 15:30:47] $margin
INFO [2016-07-13 15:30:47] [1] 0.04
INFO [2016-07-13 15:30:47] 
