INFO [2016-07-13 16:40:00] $x
INFO [2016-07-13 16:40:00] exp_mrna_list
INFO [2016-07-13 16:40:00] 
INFO [2016-07-13 16:40:00] $filename
INFO [2016-07-13 16:40:00] NULL
INFO [2016-07-13 16:40:00] 
INFO [2016-07-13 16:40:00] $euler.d
INFO [2016-07-13 16:40:00] [1] FALSE
INFO [2016-07-13 16:40:00] 
INFO [2016-07-13 16:40:00] $scaled
INFO [2016-07-13 16:40:00] [1] FALSE
INFO [2016-07-13 16:40:00] 
INFO [2016-07-13 16:40:00] $print.mode
INFO [2016-07-13 16:40:00] c("raw", "percent")
INFO [2016-07-13 16:40:00] 
INFO [2016-07-13 16:40:00] $force.unique
INFO [2016-07-13 16:40:00] [1] TRUE
INFO [2016-07-13 16:40:00] 
INFO [2016-07-13 16:40:00] $fill
INFO [2016-07-13 16:40:00] c("purple", "cyan", "orange")
INFO [2016-07-13 16:40:00] 
INFO [2016-07-13 16:40:00] $fontface
INFO [2016-07-13 16:40:00] [1] "bold"
INFO [2016-07-13 16:40:00] 
INFO [2016-07-13 16:40:00] $cex
INFO [2016-07-13 16:40:00] rep(1.3, 7)
INFO [2016-07-13 16:40:00] 
INFO [2016-07-13 16:40:00] $cat.fontface
INFO [2016-07-13 16:40:00] [1] "bold"
INFO [2016-07-13 16:40:00] 
INFO [2016-07-13 16:40:00] $cat.cex
INFO [2016-07-13 16:40:00] c(1.4, 1.4, 1.4)
INFO [2016-07-13 16:40:00] 
INFO [2016-07-13 16:40:00] $cat.dist
INFO [2016-07-13 16:40:00] c(0.1, 0.08, 0.05)
INFO [2016-07-13 16:40:00] 
INFO [2016-07-13 16:40:00] $margin
INFO [2016-07-13 16:40:00] [1] 0.04
INFO [2016-07-13 16:40:00] 
INFO [2016-07-13 16:40:00] $x
INFO [2016-07-13 16:40:00] exp_protein_list
INFO [2016-07-13 16:40:00] 
INFO [2016-07-13 16:40:00] $filename
INFO [2016-07-13 16:40:00] NULL
INFO [2016-07-13 16:40:00] 
INFO [2016-07-13 16:40:00] $euler.d
INFO [2016-07-13 16:40:00] [1] FALSE
INFO [2016-07-13 16:40:00] 
INFO [2016-07-13 16:40:00] $scaled
INFO [2016-07-13 16:40:00] [1] FALSE
INFO [2016-07-13 16:40:00] 
INFO [2016-07-13 16:40:00] $print.mode
INFO [2016-07-13 16:40:00] c("raw", "percent")
INFO [2016-07-13 16:40:00] 
INFO [2016-07-13 16:40:00] $force.unique
INFO [2016-07-13 16:40:00] [1] TRUE
INFO [2016-07-13 16:40:00] 
INFO [2016-07-13 16:40:00] $fill
INFO [2016-07-13 16:40:00] c("purple", "cyan", "orange")
INFO [2016-07-13 16:40:00] 
INFO [2016-07-13 16:40:00] $fontface
INFO [2016-07-13 16:40:00] [1] "bold"
INFO [2016-07-13 16:40:00] 
INFO [2016-07-13 16:40:00] $cex
INFO [2016-07-13 16:40:00] rep(1.3, 7)
INFO [2016-07-13 16:40:00] 
INFO [2016-07-13 16:40:00] $cat.fontface
INFO [2016-07-13 16:40:00] [1] "bold"
INFO [2016-07-13 16:40:00] 
INFO [2016-07-13 16:40:00] $cat.cex
INFO [2016-07-13 16:40:00] c(1.4, 1.4, 1.4)
INFO [2016-07-13 16:40:00] 
INFO [2016-07-13 16:40:00] $cat.dist
INFO [2016-07-13 16:40:00] c(0.1, 0.08, 0.05)
INFO [2016-07-13 16:40:00] 
INFO [2016-07-13 16:40:00] $margin
INFO [2016-07-13 16:40:00] [1] 0.04
INFO [2016-07-13 16:40:00] 
