INFO [2016-07-13 16:40:01] $x
INFO [2016-07-13 16:40:01] sta_mrna_list
INFO [2016-07-13 16:40:01] 
INFO [2016-07-13 16:40:01] $filename
INFO [2016-07-13 16:40:01] NULL
INFO [2016-07-13 16:40:01] 
INFO [2016-07-13 16:40:01] $euler.d
INFO [2016-07-13 16:40:01] [1] FALSE
INFO [2016-07-13 16:40:01] 
INFO [2016-07-13 16:40:01] $scaled
INFO [2016-07-13 16:40:01] [1] FALSE
INFO [2016-07-13 16:40:01] 
INFO [2016-07-13 16:40:01] $print.mode
INFO [2016-07-13 16:40:01] c("raw", "percent")
INFO [2016-07-13 16:40:01] 
INFO [2016-07-13 16:40:01] $force.unique
INFO [2016-07-13 16:40:01] [1] TRUE
INFO [2016-07-13 16:40:01] 
INFO [2016-07-13 16:40:01] $fill
INFO [2016-07-13 16:40:01] c("purple", "cyan", "orange")
INFO [2016-07-13 16:40:01] 
INFO [2016-07-13 16:40:01] $fontface
INFO [2016-07-13 16:40:01] [1] "bold"
INFO [2016-07-13 16:40:01] 
INFO [2016-07-13 16:40:01] $cex
INFO [2016-07-13 16:40:01] rep(1.3, 7)
INFO [2016-07-13 16:40:01] 
INFO [2016-07-13 16:40:01] $cat.fontface
INFO [2016-07-13 16:40:01] [1] "bold"
INFO [2016-07-13 16:40:01] 
INFO [2016-07-13 16:40:01] $cat.cex
INFO [2016-07-13 16:40:01] c(1.4, 1.4, 1.4)
INFO [2016-07-13 16:40:01] 
INFO [2016-07-13 16:40:01] $cat.dist
INFO [2016-07-13 16:40:01] c(0.1, 0.08, 0.05)
INFO [2016-07-13 16:40:01] 
INFO [2016-07-13 16:40:01] $margin
INFO [2016-07-13 16:40:01] [1] 0.04
INFO [2016-07-13 16:40:01] 
INFO [2016-07-13 16:40:01] $x
INFO [2016-07-13 16:40:01] sta_protein_list
INFO [2016-07-13 16:40:01] 
INFO [2016-07-13 16:40:01] $filename
INFO [2016-07-13 16:40:01] NULL
INFO [2016-07-13 16:40:01] 
INFO [2016-07-13 16:40:01] $euler.d
INFO [2016-07-13 16:40:01] [1] FALSE
INFO [2016-07-13 16:40:01] 
INFO [2016-07-13 16:40:01] $scaled
INFO [2016-07-13 16:40:01] [1] FALSE
INFO [2016-07-13 16:40:01] 
INFO [2016-07-13 16:40:01] $print.mode
INFO [2016-07-13 16:40:01] c("raw", "percent")
INFO [2016-07-13 16:40:01] 
INFO [2016-07-13 16:40:01] $force.unique
INFO [2016-07-13 16:40:01] [1] TRUE
INFO [2016-07-13 16:40:01] 
INFO [2016-07-13 16:40:01] $fill
INFO [2016-07-13 16:40:01] c("purple", "cyan", "orange")
INFO [2016-07-13 16:40:01] 
INFO [2016-07-13 16:40:01] $fontface
INFO [2016-07-13 16:40:01] [1] "bold"
INFO [2016-07-13 16:40:01] 
INFO [2016-07-13 16:40:01] $cex
INFO [2016-07-13 16:40:01] rep(1.3, 7)
INFO [2016-07-13 16:40:01] 
INFO [2016-07-13 16:40:01] $cat.fontface
INFO [2016-07-13 16:40:01] [1] "bold"
INFO [2016-07-13 16:40:01] 
INFO [2016-07-13 16:40:01] $cat.cex
INFO [2016-07-13 16:40:01] c(1.4, 1.4, 1.4)
INFO [2016-07-13 16:40:01] 
INFO [2016-07-13 16:40:01] $cat.dist
INFO [2016-07-13 16:40:01] c(0.1, 0.08, 0.05)
INFO [2016-07-13 16:40:01] 
INFO [2016-07-13 16:40:01] $margin
INFO [2016-07-13 16:40:01] [1] 0.04
INFO [2016-07-13 16:40:01] 
