INFO [2016-07-14 10:44:12] $x
INFO [2016-07-14 10:44:12] exp_mrna_list
INFO [2016-07-14 10:44:12] 
INFO [2016-07-14 10:44:12] $filename
INFO [2016-07-14 10:44:12] NULL
INFO [2016-07-14 10:44:12] 
INFO [2016-07-14 10:44:12] $euler.d
INFO [2016-07-14 10:44:12] [1] FALSE
INFO [2016-07-14 10:44:12] 
INFO [2016-07-14 10:44:12] $scaled
INFO [2016-07-14 10:44:12] [1] FALSE
INFO [2016-07-14 10:44:12] 
INFO [2016-07-14 10:44:12] $print.mode
INFO [2016-07-14 10:44:12] c("raw", "percent")
INFO [2016-07-14 10:44:12] 
INFO [2016-07-14 10:44:12] $force.unique
INFO [2016-07-14 10:44:12] [1] TRUE
INFO [2016-07-14 10:44:12] 
INFO [2016-07-14 10:44:12] $fill
INFO [2016-07-14 10:44:12] c("purple", "cyan", "orange")
INFO [2016-07-14 10:44:12] 
INFO [2016-07-14 10:44:12] $fontface
INFO [2016-07-14 10:44:12] [1] "bold"
INFO [2016-07-14 10:44:12] 
INFO [2016-07-14 10:44:12] $cex
INFO [2016-07-14 10:44:12] rep(1.3, 7)
INFO [2016-07-14 10:44:12] 
INFO [2016-07-14 10:44:12] $cat.fontface
INFO [2016-07-14 10:44:12] [1] "bold"
INFO [2016-07-14 10:44:12] 
INFO [2016-07-14 10:44:12] $cat.cex
INFO [2016-07-14 10:44:12] c(1.4, 1.4, 1.4)
INFO [2016-07-14 10:44:12] 
INFO [2016-07-14 10:44:12] $cat.dist
INFO [2016-07-14 10:44:12] c(0.1, 0.08, 0.05)
INFO [2016-07-14 10:44:12] 
INFO [2016-07-14 10:44:12] $margin
INFO [2016-07-14 10:44:12] [1] 0.07
INFO [2016-07-14 10:44:12] 
INFO [2016-07-14 10:44:12] $main
INFO [2016-07-14 10:44:12] [1] "A"
INFO [2016-07-14 10:44:12] 
INFO [2016-07-14 10:44:12] $main.pos
INFO [2016-07-14 10:44:12] c(0.05, 1)
INFO [2016-07-14 10:44:12] 
INFO [2016-07-14 10:44:12] $main.fontface
INFO [2016-07-14 10:44:12] [1] "bold"
INFO [2016-07-14 10:44:12] 
INFO [2016-07-14 10:44:12] $main.cex
INFO [2016-07-14 10:44:12] [1] 2.5
INFO [2016-07-14 10:44:12] 
INFO [2016-07-14 10:44:12] $x
INFO [2016-07-14 10:44:12] exp_protein_list
INFO [2016-07-14 10:44:12] 
INFO [2016-07-14 10:44:12] $filename
INFO [2016-07-14 10:44:12] NULL
INFO [2016-07-14 10:44:12] 
INFO [2016-07-14 10:44:12] $euler.d
INFO [2016-07-14 10:44:12] [1] FALSE
INFO [2016-07-14 10:44:12] 
INFO [2016-07-14 10:44:12] $scaled
INFO [2016-07-14 10:44:12] [1] FALSE
INFO [2016-07-14 10:44:12] 
INFO [2016-07-14 10:44:12] $print.mode
INFO [2016-07-14 10:44:12] c("raw", "percent")
INFO [2016-07-14 10:44:12] 
INFO [2016-07-14 10:44:12] $force.unique
INFO [2016-07-14 10:44:12] [1] TRUE
INFO [2016-07-14 10:44:12] 
INFO [2016-07-14 10:44:12] $fill
INFO [2016-07-14 10:44:12] c("purple", "cyan", "orange")
INFO [2016-07-14 10:44:12] 
INFO [2016-07-14 10:44:12] $fontface
INFO [2016-07-14 10:44:12] [1] "bold"
INFO [2016-07-14 10:44:12] 
INFO [2016-07-14 10:44:12] $cex
INFO [2016-07-14 10:44:12] rep(1.3, 7)
INFO [2016-07-14 10:44:12] 
INFO [2016-07-14 10:44:12] $cat.fontface
INFO [2016-07-14 10:44:12] [1] "bold"
INFO [2016-07-14 10:44:12] 
INFO [2016-07-14 10:44:12] $cat.cex
INFO [2016-07-14 10:44:12] c(1.4, 1.4, 1.4)
INFO [2016-07-14 10:44:12] 
INFO [2016-07-14 10:44:12] $cat.dist
INFO [2016-07-14 10:44:12] c(0.1, 0.08, 0.05)
INFO [2016-07-14 10:44:12] 
INFO [2016-07-14 10:44:12] $margin
INFO [2016-07-14 10:44:12] [1] 0.07
INFO [2016-07-14 10:44:12] 
INFO [2016-07-14 10:44:12] $main
INFO [2016-07-14 10:44:12] [1] "B"
INFO [2016-07-14 10:44:12] 
INFO [2016-07-14 10:44:12] $main.pos
INFO [2016-07-14 10:44:12] c(0.05, 1)
INFO [2016-07-14 10:44:12] 
INFO [2016-07-14 10:44:12] $main.fontface
INFO [2016-07-14 10:44:12] [1] "bold"
INFO [2016-07-14 10:44:12] 
INFO [2016-07-14 10:44:12] $main.cex
INFO [2016-07-14 10:44:12] [1] 2.5
INFO [2016-07-14 10:44:12] 
INFO [2016-07-14 10:44:12] $x
INFO [2016-07-14 10:44:12] sta_mrna_list
INFO [2016-07-14 10:44:12] 
INFO [2016-07-14 10:44:12] $filename
INFO [2016-07-14 10:44:12] NULL
INFO [2016-07-14 10:44:12] 
INFO [2016-07-14 10:44:12] $euler.d
INFO [2016-07-14 10:44:12] [1] FALSE
INFO [2016-07-14 10:44:12] 
INFO [2016-07-14 10:44:12] $scaled
INFO [2016-07-14 10:44:12] [1] FALSE
INFO [2016-07-14 10:44:12] 
INFO [2016-07-14 10:44:12] $print.mode
INFO [2016-07-14 10:44:12] c("raw", "percent")
INFO [2016-07-14 10:44:12] 
INFO [2016-07-14 10:44:12] $force.unique
INFO [2016-07-14 10:44:12] [1] TRUE
INFO [2016-07-14 10:44:12] 
INFO [2016-07-14 10:44:12] $fill
INFO [2016-07-14 10:44:12] c("purple", "cyan", "orange")
INFO [2016-07-14 10:44:12] 
INFO [2016-07-14 10:44:12] $fontface
INFO [2016-07-14 10:44:12] [1] "bold"
INFO [2016-07-14 10:44:12] 
INFO [2016-07-14 10:44:12] $cex
INFO [2016-07-14 10:44:12] rep(1.3, 7)
INFO [2016-07-14 10:44:12] 
INFO [2016-07-14 10:44:12] $cat.fontface
INFO [2016-07-14 10:44:12] [1] "bold"
INFO [2016-07-14 10:44:12] 
INFO [2016-07-14 10:44:12] $cat.cex
INFO [2016-07-14 10:44:12] c(1.4, 1.4, 1.4)
INFO [2016-07-14 10:44:12] 
INFO [2016-07-14 10:44:12] $cat.dist
INFO [2016-07-14 10:44:12] c(0.1, 0.08, 0.05)
INFO [2016-07-14 10:44:12] 
INFO [2016-07-14 10:44:12] $margin
INFO [2016-07-14 10:44:12] [1] 0.07
INFO [2016-07-14 10:44:12] 
INFO [2016-07-14 10:44:12] $main
INFO [2016-07-14 10:44:12] [1] "C"
INFO [2016-07-14 10:44:12] 
INFO [2016-07-14 10:44:12] $main.pos
INFO [2016-07-14 10:44:12] c(0.05, 1)
INFO [2016-07-14 10:44:12] 
INFO [2016-07-14 10:44:12] $main.fontface
INFO [2016-07-14 10:44:12] [1] "bold"
INFO [2016-07-14 10:44:12] 
INFO [2016-07-14 10:44:12] $main.cex
INFO [2016-07-14 10:44:12] [1] 2.5
INFO [2016-07-14 10:44:12] 
