INFO [2016-07-29 13:58:10] $x
INFO [2016-07-29 13:58:10] sta_mrna_list
INFO [2016-07-29 13:58:10] 
INFO [2016-07-29 13:58:10] $filename
INFO [2016-07-29 13:58:10] NULL
INFO [2016-07-29 13:58:10] 
INFO [2016-07-29 13:58:10] $euler.d
INFO [2016-07-29 13:58:10] [1] FALSE
INFO [2016-07-29 13:58:10] 
INFO [2016-07-29 13:58:10] $scaled
INFO [2016-07-29 13:58:10] [1] FALSE
INFO [2016-07-29 13:58:10] 
INFO [2016-07-29 13:58:10] $print.mode
INFO [2016-07-29 13:58:10] c("raw", "percent")
INFO [2016-07-29 13:58:10] 
INFO [2016-07-29 13:58:10] $force.unique
INFO [2016-07-29 13:58:10] [1] TRUE
INFO [2016-07-29 13:58:10] 
INFO [2016-07-29 13:58:10] $fill
INFO [2016-07-29 13:58:10] c("purple", "cyan", "orange")
INFO [2016-07-29 13:58:10] 
INFO [2016-07-29 13:58:10] $fontface
INFO [2016-07-29 13:58:10] [1] "bold"
INFO [2016-07-29 13:58:10] 
INFO [2016-07-29 13:58:10] $cex
INFO [2016-07-29 13:58:10] rep(1.3, 7)
INFO [2016-07-29 13:58:10] 
INFO [2016-07-29 13:58:10] $cat.fontface
INFO [2016-07-29 13:58:10] [1] "bold"
INFO [2016-07-29 13:58:10] 
INFO [2016-07-29 13:58:10] $cat.cex
INFO [2016-07-29 13:58:10] c(1.4, 1.4, 1.4)
INFO [2016-07-29 13:58:10] 
INFO [2016-07-29 13:58:10] $cat.dist
INFO [2016-07-29 13:58:10] c(0.1, 0.08, 0.05)
INFO [2016-07-29 13:58:10] 
INFO [2016-07-29 13:58:10] $margin
INFO [2016-07-29 13:58:10] [1] 0.07
INFO [2016-07-29 13:58:10] 
INFO [2016-07-29 13:58:10] $main
INFO [2016-07-29 13:58:10] [1] "C"
INFO [2016-07-29 13:58:10] 
INFO [2016-07-29 13:58:10] $main.pos
INFO [2016-07-29 13:58:10] c(0.05, 1)
INFO [2016-07-29 13:58:10] 
INFO [2016-07-29 13:58:10] $main.fontface
INFO [2016-07-29 13:58:10] [1] "bold"
INFO [2016-07-29 13:58:10] 
INFO [2016-07-29 13:58:10] $main.cex
INFO [2016-07-29 13:58:10] [1] 2.5
INFO [2016-07-29 13:58:10] 
INFO [2016-07-29 13:58:10] $x
INFO [2016-07-29 13:58:10] sta_protein_list
INFO [2016-07-29 13:58:10] 
INFO [2016-07-29 13:58:10] $filename
INFO [2016-07-29 13:58:10] NULL
INFO [2016-07-29 13:58:10] 
INFO [2016-07-29 13:58:10] $euler.d
INFO [2016-07-29 13:58:10] [1] FALSE
INFO [2016-07-29 13:58:10] 
INFO [2016-07-29 13:58:10] $scaled
INFO [2016-07-29 13:58:10] [1] FALSE
INFO [2016-07-29 13:58:10] 
INFO [2016-07-29 13:58:10] $print.mode
INFO [2016-07-29 13:58:10] c("raw", "percent")
INFO [2016-07-29 13:58:10] 
INFO [2016-07-29 13:58:10] $force.unique
INFO [2016-07-29 13:58:10] [1] TRUE
INFO [2016-07-29 13:58:10] 
INFO [2016-07-29 13:58:10] $fill
INFO [2016-07-29 13:58:10] c("purple", "cyan", "orange")
INFO [2016-07-29 13:58:10] 
INFO [2016-07-29 13:58:10] $fontface
INFO [2016-07-29 13:58:10] [1] "bold"
INFO [2016-07-29 13:58:10] 
INFO [2016-07-29 13:58:10] $cex
INFO [2016-07-29 13:58:10] rep(1.3, 7)
INFO [2016-07-29 13:58:10] 
INFO [2016-07-29 13:58:10] $cat.fontface
INFO [2016-07-29 13:58:10] [1] "bold"
INFO [2016-07-29 13:58:10] 
INFO [2016-07-29 13:58:10] $cat.cex
INFO [2016-07-29 13:58:10] c(1.4, 1.4, 1.4)
INFO [2016-07-29 13:58:10] 
INFO [2016-07-29 13:58:10] $cat.dist
INFO [2016-07-29 13:58:10] c(0.1, 0.08, 0.05)
INFO [2016-07-29 13:58:10] 
INFO [2016-07-29 13:58:10] $margin
INFO [2016-07-29 13:58:10] [1] 0.07
INFO [2016-07-29 13:58:10] 
INFO [2016-07-29 13:58:10] $main
INFO [2016-07-29 13:58:10] [1] "D"
INFO [2016-07-29 13:58:10] 
INFO [2016-07-29 13:58:10] $main.pos
INFO [2016-07-29 13:58:10] c(0.05, 1)
INFO [2016-07-29 13:58:10] 
INFO [2016-07-29 13:58:10] $main.fontface
INFO [2016-07-29 13:58:10] [1] "bold"
INFO [2016-07-29 13:58:10] 
INFO [2016-07-29 13:58:10] $main.cex
INFO [2016-07-29 13:58:10] [1] 2.5
INFO [2016-07-29 13:58:10] 
