INFO [2016-07-13 21:21:30] $x
INFO [2016-07-13 21:21:30] exp_mrna_list
INFO [2016-07-13 21:21:30] 
INFO [2016-07-13 21:21:30] $filename
INFO [2016-07-13 21:21:30] NULL
INFO [2016-07-13 21:21:30] 
INFO [2016-07-13 21:21:30] $euler.d
INFO [2016-07-13 21:21:30] [1] FALSE
INFO [2016-07-13 21:21:30] 
INFO [2016-07-13 21:21:30] $scaled
INFO [2016-07-13 21:21:30] [1] FALSE
INFO [2016-07-13 21:21:30] 
INFO [2016-07-13 21:21:30] $print.mode
INFO [2016-07-13 21:21:30] c("raw", "percent")
INFO [2016-07-13 21:21:30] 
INFO [2016-07-13 21:21:30] $force.unique
INFO [2016-07-13 21:21:30] [1] TRUE
INFO [2016-07-13 21:21:30] 
INFO [2016-07-13 21:21:30] $fill
INFO [2016-07-13 21:21:30] c("purple", "cyan", "orange")
INFO [2016-07-13 21:21:30] 
INFO [2016-07-13 21:21:30] $fontface
INFO [2016-07-13 21:21:30] [1] "bold"
INFO [2016-07-13 21:21:30] 
INFO [2016-07-13 21:21:30] $cex
INFO [2016-07-13 21:21:30] rep(1.3, 7)
INFO [2016-07-13 21:21:30] 
INFO [2016-07-13 21:21:30] $cat.fontface
INFO [2016-07-13 21:21:30] [1] "bold"
INFO [2016-07-13 21:21:30] 
INFO [2016-07-13 21:21:30] $cat.cex
INFO [2016-07-13 21:21:30] c(1.4, 1.4, 1.4)
INFO [2016-07-13 21:21:30] 
INFO [2016-07-13 21:21:30] $cat.dist
INFO [2016-07-13 21:21:30] c(0.1, 0.08, 0.05)
INFO [2016-07-13 21:21:30] 
INFO [2016-07-13 21:21:30] $margin
INFO [2016-07-13 21:21:30] [1] 0.07
INFO [2016-07-13 21:21:30] 
INFO [2016-07-13 21:21:30] $main
INFO [2016-07-13 21:21:30] [1] "A"
INFO [2016-07-13 21:21:30] 
INFO [2016-07-13 21:21:30] $main.pos
INFO [2016-07-13 21:21:30] c(0.1, 1)
INFO [2016-07-13 21:21:30] 
INFO [2016-07-13 21:21:30] $main.fontface
INFO [2016-07-13 21:21:30] [1] "bold"
INFO [2016-07-13 21:21:30] 
INFO [2016-07-13 21:21:30] $main.cex
INFO [2016-07-13 21:21:30] [1] 2.5
INFO [2016-07-13 21:21:30] 
INFO [2016-07-13 21:21:30] $x
INFO [2016-07-13 21:21:30] exp_protein_list
INFO [2016-07-13 21:21:30] 
INFO [2016-07-13 21:21:30] $filename
INFO [2016-07-13 21:21:30] NULL
INFO [2016-07-13 21:21:30] 
INFO [2016-07-13 21:21:30] $euler.d
INFO [2016-07-13 21:21:30] [1] FALSE
INFO [2016-07-13 21:21:30] 
INFO [2016-07-13 21:21:30] $scaled
INFO [2016-07-13 21:21:30] [1] FALSE
INFO [2016-07-13 21:21:30] 
INFO [2016-07-13 21:21:30] $print.mode
INFO [2016-07-13 21:21:30] c("raw", "percent")
INFO [2016-07-13 21:21:30] 
INFO [2016-07-13 21:21:30] $force.unique
INFO [2016-07-13 21:21:30] [1] TRUE
INFO [2016-07-13 21:21:30] 
INFO [2016-07-13 21:21:30] $fill
INFO [2016-07-13 21:21:30] c("purple", "cyan", "orange")
INFO [2016-07-13 21:21:30] 
INFO [2016-07-13 21:21:30] $fontface
INFO [2016-07-13 21:21:30] [1] "bold"
INFO [2016-07-13 21:21:30] 
INFO [2016-07-13 21:21:30] $cex
INFO [2016-07-13 21:21:30] rep(1.3, 7)
INFO [2016-07-13 21:21:30] 
INFO [2016-07-13 21:21:30] $cat.fontface
INFO [2016-07-13 21:21:30] [1] "bold"
INFO [2016-07-13 21:21:30] 
INFO [2016-07-13 21:21:30] $cat.cex
INFO [2016-07-13 21:21:30] c(1.4, 1.4, 1.4)
INFO [2016-07-13 21:21:30] 
INFO [2016-07-13 21:21:30] $cat.dist
INFO [2016-07-13 21:21:30] c(0.1, 0.08, 0.05)
INFO [2016-07-13 21:21:30] 
INFO [2016-07-13 21:21:30] $margin
INFO [2016-07-13 21:21:30] [1] 0.07
INFO [2016-07-13 21:21:30] 
INFO [2016-07-13 21:21:30] $main
INFO [2016-07-13 21:21:30] [1] "B"
INFO [2016-07-13 21:21:30] 
INFO [2016-07-13 21:21:30] $main.pos
INFO [2016-07-13 21:21:30] c(0.1, 1)
INFO [2016-07-13 21:21:30] 
INFO [2016-07-13 21:21:30] $main.fontface
INFO [2016-07-13 21:21:30] [1] "bold"
INFO [2016-07-13 21:21:30] 
INFO [2016-07-13 21:21:30] $main.cex
INFO [2016-07-13 21:21:30] [1] 2.5
INFO [2016-07-13 21:21:30] 
INFO [2016-07-13 21:21:30] $x
INFO [2016-07-13 21:21:30] sta_mrna_list
INFO [2016-07-13 21:21:30] 
INFO [2016-07-13 21:21:30] $filename
INFO [2016-07-13 21:21:30] NULL
INFO [2016-07-13 21:21:30] 
INFO [2016-07-13 21:21:30] $euler.d
INFO [2016-07-13 21:21:30] [1] FALSE
INFO [2016-07-13 21:21:30] 
INFO [2016-07-13 21:21:30] $scaled
INFO [2016-07-13 21:21:30] [1] FALSE
INFO [2016-07-13 21:21:30] 
INFO [2016-07-13 21:21:30] $print.mode
INFO [2016-07-13 21:21:30] c("raw", "percent")
INFO [2016-07-13 21:21:30] 
INFO [2016-07-13 21:21:30] $force.unique
INFO [2016-07-13 21:21:30] [1] TRUE
INFO [2016-07-13 21:21:30] 
INFO [2016-07-13 21:21:30] $fill
INFO [2016-07-13 21:21:30] c("purple", "cyan", "orange")
INFO [2016-07-13 21:21:30] 
INFO [2016-07-13 21:21:30] $fontface
INFO [2016-07-13 21:21:30] [1] "bold"
INFO [2016-07-13 21:21:30] 
INFO [2016-07-13 21:21:30] $cex
INFO [2016-07-13 21:21:30] rep(1.3, 7)
INFO [2016-07-13 21:21:30] 
INFO [2016-07-13 21:21:30] $cat.fontface
INFO [2016-07-13 21:21:30] [1] "bold"
INFO [2016-07-13 21:21:30] 
INFO [2016-07-13 21:21:30] $cat.cex
INFO [2016-07-13 21:21:30] c(1.4, 1.4, 1.4)
INFO [2016-07-13 21:21:30] 
INFO [2016-07-13 21:21:30] $cat.dist
INFO [2016-07-13 21:21:30] c(0.1, 0.08, 0.05)
INFO [2016-07-13 21:21:30] 
INFO [2016-07-13 21:21:30] $margin
INFO [2016-07-13 21:21:30] [1] 0.07
INFO [2016-07-13 21:21:30] 
INFO [2016-07-13 21:21:30] $main
INFO [2016-07-13 21:21:30] [1] "C"
INFO [2016-07-13 21:21:30] 
INFO [2016-07-13 21:21:30] $main.pos
INFO [2016-07-13 21:21:30] c(0.1, 1)
INFO [2016-07-13 21:21:30] 
INFO [2016-07-13 21:21:30] $main.fontface
INFO [2016-07-13 21:21:30] [1] "bold"
INFO [2016-07-13 21:21:30] 
INFO [2016-07-13 21:21:30] $main.cex
INFO [2016-07-13 21:21:30] [1] 2.5
INFO [2016-07-13 21:21:30] 
INFO [2016-07-13 21:21:30] $x
INFO [2016-07-13 21:21:30] sta_protein_list
INFO [2016-07-13 21:21:30] 
INFO [2016-07-13 21:21:30] $filename
INFO [2016-07-13 21:21:30] NULL
INFO [2016-07-13 21:21:30] 
INFO [2016-07-13 21:21:30] $euler.d
INFO [2016-07-13 21:21:30] [1] FALSE
INFO [2016-07-13 21:21:30] 
INFO [2016-07-13 21:21:30] $scaled
INFO [2016-07-13 21:21:30] [1] FALSE
INFO [2016-07-13 21:21:30] 
INFO [2016-07-13 21:21:30] $print.mode
INFO [2016-07-13 21:21:30] c("raw", "percent")
INFO [2016-07-13 21:21:30] 
INFO [2016-07-13 21:21:30] $force.unique
INFO [2016-07-13 21:21:30] [1] TRUE
INFO [2016-07-13 21:21:30] 
INFO [2016-07-13 21:21:30] $fill
INFO [2016-07-13 21:21:30] c("purple", "cyan", "orange")
INFO [2016-07-13 21:21:30] 
INFO [2016-07-13 21:21:30] $fontface
INFO [2016-07-13 21:21:30] [1] "bold"
INFO [2016-07-13 21:21:30] 
INFO [2016-07-13 21:21:30] $cex
INFO [2016-07-13 21:21:30] rep(1.3, 7)
INFO [2016-07-13 21:21:30] 
INFO [2016-07-13 21:21:30] $cat.fontface
INFO [2016-07-13 21:21:30] [1] "bold"
INFO [2016-07-13 21:21:30] 
INFO [2016-07-13 21:21:30] $cat.cex
INFO [2016-07-13 21:21:30] c(1.4, 1.4, 1.4)
INFO [2016-07-13 21:21:30] 
INFO [2016-07-13 21:21:30] $cat.dist
INFO [2016-07-13 21:21:30] c(0.1, 0.08, 0.05)
INFO [2016-07-13 21:21:30] 
INFO [2016-07-13 21:21:30] $margin
INFO [2016-07-13 21:21:30] [1] 0.07
INFO [2016-07-13 21:21:30] 
INFO [2016-07-13 21:21:30] $main
INFO [2016-07-13 21:21:30] [1] "D"
INFO [2016-07-13 21:21:30] 
INFO [2016-07-13 21:21:30] $main.pos
INFO [2016-07-13 21:21:30] c(0.1, 1)
INFO [2016-07-13 21:21:30] 
INFO [2016-07-13 21:21:30] $main.fontface
INFO [2016-07-13 21:21:30] [1] "bold"
INFO [2016-07-13 21:21:30] 
INFO [2016-07-13 21:21:30] $main.cex
INFO [2016-07-13 21:21:30] [1] 2.5
INFO [2016-07-13 21:21:30] 
