INFO [2016-07-13 15:33:29] $x
INFO [2016-07-13 15:33:29] exp_mrna_list
INFO [2016-07-13 15:33:29] 
INFO [2016-07-13 15:33:29] $filename
INFO [2016-07-13 15:33:29] NULL
INFO [2016-07-13 15:33:29] 
INFO [2016-07-13 15:33:29] $height
INFO [2016-07-13 15:33:29] [1] 3000
INFO [2016-07-13 15:33:29] 
INFO [2016-07-13 15:33:29] $width
INFO [2016-07-13 15:33:29] [1] 3000
INFO [2016-07-13 15:33:29] 
INFO [2016-07-13 15:33:29] $print.mode
INFO [2016-07-13 15:33:29] c("raw", "percent")
INFO [2016-07-13 15:33:29] 
INFO [2016-07-13 15:33:29] $force.unique
INFO [2016-07-13 15:33:29] [1] TRUE
INFO [2016-07-13 15:33:29] 
INFO [2016-07-13 15:33:29] $fill
INFO [2016-07-13 15:33:29] c("purple", "cyan", "orange")
INFO [2016-07-13 15:33:29] 
INFO [2016-07-13 15:33:29] $fontface
INFO [2016-07-13 15:33:29] [1] "bold"
INFO [2016-07-13 15:33:29] 
INFO [2016-07-13 15:33:29] $cex
INFO [2016-07-13 15:33:29] rep(1.3, 7)
INFO [2016-07-13 15:33:29] 
INFO [2016-07-13 15:33:29] $cat.fontface
INFO [2016-07-13 15:33:29] [1] "bold"
INFO [2016-07-13 15:33:29] 
INFO [2016-07-13 15:33:29] $cat.cex
INFO [2016-07-13 15:33:29] c(1.4, 1.4, 1.4)
INFO [2016-07-13 15:33:29] 
INFO [2016-07-13 15:33:29] $cat.dist
INFO [2016-07-13 15:33:29] c(0.1, 0.08, 0.05)
INFO [2016-07-13 15:33:29] 
INFO [2016-07-13 15:33:29] $margin
INFO [2016-07-13 15:33:29] [1] 0.04
INFO [2016-07-13 15:33:29] 
