INFO [2016-07-13 17:12:04] $x
INFO [2016-07-13 17:12:04] exp_mrna_list
INFO [2016-07-13 17:12:04] 
INFO [2016-07-13 17:12:04] $filename
INFO [2016-07-13 17:12:04] NULL
INFO [2016-07-13 17:12:04] 
INFO [2016-07-13 17:12:04] $euler.d
INFO [2016-07-13 17:12:04] [1] FALSE
INFO [2016-07-13 17:12:04] 
INFO [2016-07-13 17:12:04] $scaled
INFO [2016-07-13 17:12:04] [1] FALSE
INFO [2016-07-13 17:12:04] 
INFO [2016-07-13 17:12:04] $print.mode
INFO [2016-07-13 17:12:04] c("raw", "percent")
INFO [2016-07-13 17:12:04] 
INFO [2016-07-13 17:12:04] $force.unique
INFO [2016-07-13 17:12:04] [1] TRUE
INFO [2016-07-13 17:12:04] 
INFO [2016-07-13 17:12:04] $fill
INFO [2016-07-13 17:12:04] c("purple", "cyan", "orange")
INFO [2016-07-13 17:12:04] 
INFO [2016-07-13 17:12:04] $fontface
INFO [2016-07-13 17:12:04] [1] "bold"
INFO [2016-07-13 17:12:04] 
INFO [2016-07-13 17:12:04] $cex
INFO [2016-07-13 17:12:04] rep(1.3, 7)
INFO [2016-07-13 17:12:04] 
INFO [2016-07-13 17:12:04] $cat.fontface
INFO [2016-07-13 17:12:04] [1] "bold"
INFO [2016-07-13 17:12:04] 
INFO [2016-07-13 17:12:04] $cat.cex
INFO [2016-07-13 17:12:04] c(1.4, 1.4, 1.4)
INFO [2016-07-13 17:12:04] 
INFO [2016-07-13 17:12:04] $cat.dist
INFO [2016-07-13 17:12:04] c(0.1, 0.08, 0.05)
INFO [2016-07-13 17:12:04] 
INFO [2016-07-13 17:12:04] $margin
INFO [2016-07-13 17:12:04] [1] 0.04
INFO [2016-07-13 17:12:04] 
INFO [2016-07-13 17:12:04] $x
INFO [2016-07-13 17:12:04] exp_protein_list
INFO [2016-07-13 17:12:04] 
INFO [2016-07-13 17:12:04] $filename
INFO [2016-07-13 17:12:04] NULL
INFO [2016-07-13 17:12:04] 
INFO [2016-07-13 17:12:04] $euler.d
INFO [2016-07-13 17:12:04] [1] FALSE
INFO [2016-07-13 17:12:04] 
INFO [2016-07-13 17:12:04] $scaled
INFO [2016-07-13 17:12:04] [1] FALSE
INFO [2016-07-13 17:12:04] 
INFO [2016-07-13 17:12:04] $print.mode
INFO [2016-07-13 17:12:04] c("raw", "percent")
INFO [2016-07-13 17:12:04] 
INFO [2016-07-13 17:12:04] $force.unique
INFO [2016-07-13 17:12:04] [1] TRUE
INFO [2016-07-13 17:12:04] 
INFO [2016-07-13 17:12:04] $fill
INFO [2016-07-13 17:12:04] c("purple", "cyan", "orange")
INFO [2016-07-13 17:12:04] 
INFO [2016-07-13 17:12:04] $fontface
INFO [2016-07-13 17:12:04] [1] "bold"
INFO [2016-07-13 17:12:04] 
INFO [2016-07-13 17:12:04] $cex
INFO [2016-07-13 17:12:04] rep(1.3, 7)
INFO [2016-07-13 17:12:04] 
INFO [2016-07-13 17:12:04] $cat.fontface
INFO [2016-07-13 17:12:04] [1] "bold"
INFO [2016-07-13 17:12:04] 
INFO [2016-07-13 17:12:04] $cat.cex
INFO [2016-07-13 17:12:04] c(1.4, 1.4, 1.4)
INFO [2016-07-13 17:12:04] 
INFO [2016-07-13 17:12:04] $cat.dist
INFO [2016-07-13 17:12:04] c(0.1, 0.08, 0.05)
INFO [2016-07-13 17:12:04] 
INFO [2016-07-13 17:12:04] $margin
INFO [2016-07-13 17:12:04] [1] 0.04
INFO [2016-07-13 17:12:04] 
INFO [2016-07-13 17:12:04] $x
INFO [2016-07-13 17:12:04] sta_mrna_list
INFO [2016-07-13 17:12:04] 
INFO [2016-07-13 17:12:04] $filename
INFO [2016-07-13 17:12:04] NULL
INFO [2016-07-13 17:12:04] 
INFO [2016-07-13 17:12:04] $euler.d
INFO [2016-07-13 17:12:04] [1] FALSE
INFO [2016-07-13 17:12:04] 
INFO [2016-07-13 17:12:04] $scaled
INFO [2016-07-13 17:12:04] [1] FALSE
INFO [2016-07-13 17:12:04] 
INFO [2016-07-13 17:12:04] $print.mode
INFO [2016-07-13 17:12:04] c("raw", "percent")
INFO [2016-07-13 17:12:04] 
INFO [2016-07-13 17:12:04] $force.unique
INFO [2016-07-13 17:12:04] [1] TRUE
INFO [2016-07-13 17:12:04] 
INFO [2016-07-13 17:12:04] $fill
INFO [2016-07-13 17:12:04] c("purple", "cyan", "orange")
INFO [2016-07-13 17:12:04] 
INFO [2016-07-13 17:12:04] $fontface
INFO [2016-07-13 17:12:04] [1] "bold"
INFO [2016-07-13 17:12:04] 
INFO [2016-07-13 17:12:04] $cex
INFO [2016-07-13 17:12:04] rep(1.3, 7)
INFO [2016-07-13 17:12:04] 
INFO [2016-07-13 17:12:04] $cat.fontface
INFO [2016-07-13 17:12:04] [1] "bold"
INFO [2016-07-13 17:12:04] 
INFO [2016-07-13 17:12:04] $cat.cex
INFO [2016-07-13 17:12:04] c(1.4, 1.4, 1.4)
INFO [2016-07-13 17:12:04] 
INFO [2016-07-13 17:12:04] $cat.dist
INFO [2016-07-13 17:12:04] c(0.1, 0.08, 0.05)
INFO [2016-07-13 17:12:04] 
INFO [2016-07-13 17:12:04] $margin
INFO [2016-07-13 17:12:04] [1] 0.04
INFO [2016-07-13 17:12:04] 
