INFO [2016-07-14 10:54:18] $x
INFO [2016-07-14 10:54:18] sta_mrna_list
INFO [2016-07-14 10:54:18] 
INFO [2016-07-14 10:54:18] $filename
INFO [2016-07-14 10:54:18] NULL
INFO [2016-07-14 10:54:18] 
INFO [2016-07-14 10:54:18] $euler.d
INFO [2016-07-14 10:54:18] [1] FALSE
INFO [2016-07-14 10:54:18] 
INFO [2016-07-14 10:54:18] $scaled
INFO [2016-07-14 10:54:18] [1] FALSE
INFO [2016-07-14 10:54:18] 
INFO [2016-07-14 10:54:18] $print.mode
INFO [2016-07-14 10:54:18] c("raw", "percent")
INFO [2016-07-14 10:54:18] 
INFO [2016-07-14 10:54:18] $force.unique
INFO [2016-07-14 10:54:18] [1] TRUE
INFO [2016-07-14 10:54:18] 
INFO [2016-07-14 10:54:18] $fill
INFO [2016-07-14 10:54:18] c("purple", "cyan", "orange")
INFO [2016-07-14 10:54:18] 
INFO [2016-07-14 10:54:18] $fontface
INFO [2016-07-14 10:54:18] [1] "bold"
INFO [2016-07-14 10:54:18] 
INFO [2016-07-14 10:54:18] $cex
INFO [2016-07-14 10:54:18] rep(1.3, 7)
INFO [2016-07-14 10:54:18] 
INFO [2016-07-14 10:54:18] $cat.fontface
INFO [2016-07-14 10:54:18] [1] "bold"
INFO [2016-07-14 10:54:18] 
INFO [2016-07-14 10:54:18] $cat.cex
INFO [2016-07-14 10:54:18] c(1.4, 1.4, 1.4)
INFO [2016-07-14 10:54:18] 
INFO [2016-07-14 10:54:18] $cat.dist
INFO [2016-07-14 10:54:18] c(0.1, 0.08, 0.05)
INFO [2016-07-14 10:54:18] 
INFO [2016-07-14 10:54:18] $margin
INFO [2016-07-14 10:54:18] [1] 0.07
INFO [2016-07-14 10:54:18] 
INFO [2016-07-14 10:54:18] $main
INFO [2016-07-14 10:54:18] [1] "C"
INFO [2016-07-14 10:54:18] 
INFO [2016-07-14 10:54:18] $main.pos
INFO [2016-07-14 10:54:18] c(0.05, 1)
INFO [2016-07-14 10:54:18] 
INFO [2016-07-14 10:54:18] $main.fontface
INFO [2016-07-14 10:54:18] [1] "bold"
INFO [2016-07-14 10:54:18] 
INFO [2016-07-14 10:54:18] $main.cex
INFO [2016-07-14 10:54:18] [1] 2.5
INFO [2016-07-14 10:54:18] 
INFO [2016-07-14 10:54:18] $x
INFO [2016-07-14 10:54:18] sta_protein_list
INFO [2016-07-14 10:54:18] 
INFO [2016-07-14 10:54:18] $filename
INFO [2016-07-14 10:54:18] NULL
INFO [2016-07-14 10:54:18] 
INFO [2016-07-14 10:54:18] $euler.d
INFO [2016-07-14 10:54:18] [1] FALSE
INFO [2016-07-14 10:54:18] 
INFO [2016-07-14 10:54:18] $scaled
INFO [2016-07-14 10:54:18] [1] FALSE
INFO [2016-07-14 10:54:18] 
INFO [2016-07-14 10:54:18] $print.mode
INFO [2016-07-14 10:54:18] c("raw", "percent")
INFO [2016-07-14 10:54:18] 
INFO [2016-07-14 10:54:18] $force.unique
INFO [2016-07-14 10:54:18] [1] TRUE
INFO [2016-07-14 10:54:18] 
INFO [2016-07-14 10:54:18] $fill
INFO [2016-07-14 10:54:18] c("purple", "cyan", "orange")
INFO [2016-07-14 10:54:18] 
INFO [2016-07-14 10:54:18] $fontface
INFO [2016-07-14 10:54:18] [1] "bold"
INFO [2016-07-14 10:54:18] 
INFO [2016-07-14 10:54:18] $cex
INFO [2016-07-14 10:54:18] rep(1.3, 7)
INFO [2016-07-14 10:54:18] 
INFO [2016-07-14 10:54:18] $cat.fontface
INFO [2016-07-14 10:54:18] [1] "bold"
INFO [2016-07-14 10:54:18] 
INFO [2016-07-14 10:54:18] $cat.cex
INFO [2016-07-14 10:54:18] c(1.4, 1.4, 1.4)
INFO [2016-07-14 10:54:18] 
INFO [2016-07-14 10:54:18] $cat.dist
INFO [2016-07-14 10:54:18] c(0.1, 0.08, 0.05)
INFO [2016-07-14 10:54:18] 
INFO [2016-07-14 10:54:18] $margin
INFO [2016-07-14 10:54:18] [1] 0.07
INFO [2016-07-14 10:54:18] 
INFO [2016-07-14 10:54:18] $main
INFO [2016-07-14 10:54:18] [1] "D"
INFO [2016-07-14 10:54:18] 
INFO [2016-07-14 10:54:18] $main.pos
INFO [2016-07-14 10:54:18] c(0.05, 1)
INFO [2016-07-14 10:54:18] 
INFO [2016-07-14 10:54:18] $main.fontface
INFO [2016-07-14 10:54:18] [1] "bold"
INFO [2016-07-14 10:54:18] 
INFO [2016-07-14 10:54:18] $main.cex
INFO [2016-07-14 10:54:18] [1] 2.5
INFO [2016-07-14 10:54:18] 
