INFO [2016-07-13 21:01:11] $x
INFO [2016-07-13 21:01:11] sta_mrna_list
INFO [2016-07-13 21:01:11] 
INFO [2016-07-13 21:01:11] $filename
INFO [2016-07-13 21:01:11] NULL
INFO [2016-07-13 21:01:11] 
INFO [2016-07-13 21:01:11] $euler.d
INFO [2016-07-13 21:01:11] [1] FALSE
INFO [2016-07-13 21:01:11] 
INFO [2016-07-13 21:01:11] $scaled
INFO [2016-07-13 21:01:11] [1] FALSE
INFO [2016-07-13 21:01:11] 
INFO [2016-07-13 21:01:11] $print.mode
INFO [2016-07-13 21:01:11] c("raw", "percent")
INFO [2016-07-13 21:01:11] 
INFO [2016-07-13 21:01:11] $force.unique
INFO [2016-07-13 21:01:11] [1] TRUE
INFO [2016-07-13 21:01:11] 
INFO [2016-07-13 21:01:11] $fill
INFO [2016-07-13 21:01:11] c("purple", "cyan", "orange")
INFO [2016-07-13 21:01:11] 
INFO [2016-07-13 21:01:11] $fontface
INFO [2016-07-13 21:01:11] [1] "bold"
INFO [2016-07-13 21:01:11] 
INFO [2016-07-13 21:01:11] $cex
INFO [2016-07-13 21:01:11] rep(1.3, 7)
INFO [2016-07-13 21:01:11] 
INFO [2016-07-13 21:01:11] $cat.fontface
INFO [2016-07-13 21:01:11] [1] "bold"
INFO [2016-07-13 21:01:11] 
INFO [2016-07-13 21:01:11] $cat.cex
INFO [2016-07-13 21:01:11] c(1.4, 1.4, 1.4)
INFO [2016-07-13 21:01:11] 
INFO [2016-07-13 21:01:11] $cat.dist
INFO [2016-07-13 21:01:11] c(0.1, 0.08, 0.05)
INFO [2016-07-13 21:01:11] 
INFO [2016-07-13 21:01:11] $margin
INFO [2016-07-13 21:01:11] [1] 0.07
INFO [2016-07-13 21:01:11] 
INFO [2016-07-13 21:01:11] $x
INFO [2016-07-13 21:01:11] sta_protein_list
INFO [2016-07-13 21:01:11] 
INFO [2016-07-13 21:01:11] $filename
INFO [2016-07-13 21:01:11] NULL
INFO [2016-07-13 21:01:11] 
INFO [2016-07-13 21:01:11] $euler.d
INFO [2016-07-13 21:01:11] [1] FALSE
INFO [2016-07-13 21:01:11] 
INFO [2016-07-13 21:01:11] $scaled
INFO [2016-07-13 21:01:11] [1] FALSE
INFO [2016-07-13 21:01:11] 
INFO [2016-07-13 21:01:11] $print.mode
INFO [2016-07-13 21:01:11] c("raw", "percent")
INFO [2016-07-13 21:01:11] 
INFO [2016-07-13 21:01:11] $force.unique
INFO [2016-07-13 21:01:11] [1] TRUE
INFO [2016-07-13 21:01:11] 
INFO [2016-07-13 21:01:11] $fill
INFO [2016-07-13 21:01:11] c("purple", "cyan", "orange")
INFO [2016-07-13 21:01:11] 
INFO [2016-07-13 21:01:11] $fontface
INFO [2016-07-13 21:01:11] [1] "bold"
INFO [2016-07-13 21:01:11] 
INFO [2016-07-13 21:01:11] $cex
INFO [2016-07-13 21:01:11] rep(1.3, 7)
INFO [2016-07-13 21:01:11] 
INFO [2016-07-13 21:01:11] $cat.fontface
INFO [2016-07-13 21:01:11] [1] "bold"
INFO [2016-07-13 21:01:11] 
INFO [2016-07-13 21:01:11] $cat.cex
INFO [2016-07-13 21:01:11] c(1.4, 1.4, 1.4)
INFO [2016-07-13 21:01:11] 
INFO [2016-07-13 21:01:11] $cat.dist
INFO [2016-07-13 21:01:11] c(0.1, 0.08, 0.05)
INFO [2016-07-13 21:01:11] 
INFO [2016-07-13 21:01:11] $margin
INFO [2016-07-13 21:01:11] [1] 0.07
INFO [2016-07-13 21:01:11] 
