INFO [2016-07-13 21:01:10] $x
INFO [2016-07-13 21:01:10] exp_mrna_list
INFO [2016-07-13 21:01:10] 
INFO [2016-07-13 21:01:10] $filename
INFO [2016-07-13 21:01:10] NULL
INFO [2016-07-13 21:01:10] 
INFO [2016-07-13 21:01:10] $euler.d
INFO [2016-07-13 21:01:10] [1] FALSE
INFO [2016-07-13 21:01:10] 
INFO [2016-07-13 21:01:10] $scaled
INFO [2016-07-13 21:01:10] [1] FALSE
INFO [2016-07-13 21:01:10] 
INFO [2016-07-13 21:01:10] $print.mode
INFO [2016-07-13 21:01:10] c("raw", "percent")
INFO [2016-07-13 21:01:10] 
INFO [2016-07-13 21:01:10] $force.unique
INFO [2016-07-13 21:01:10] [1] TRUE
INFO [2016-07-13 21:01:10] 
INFO [2016-07-13 21:01:10] $fill
INFO [2016-07-13 21:01:10] c("purple", "cyan", "orange")
INFO [2016-07-13 21:01:10] 
INFO [2016-07-13 21:01:10] $fontface
INFO [2016-07-13 21:01:10] [1] "bold"
INFO [2016-07-13 21:01:10] 
INFO [2016-07-13 21:01:10] $cex
INFO [2016-07-13 21:01:10] rep(1.3, 7)
INFO [2016-07-13 21:01:10] 
INFO [2016-07-13 21:01:10] $cat.fontface
INFO [2016-07-13 21:01:10] [1] "bold"
INFO [2016-07-13 21:01:10] 
INFO [2016-07-13 21:01:10] $cat.cex
INFO [2016-07-13 21:01:10] c(1.4, 1.4, 1.4)
INFO [2016-07-13 21:01:10] 
INFO [2016-07-13 21:01:10] $cat.dist
INFO [2016-07-13 21:01:10] c(0.1, 0.08, 0.05)
INFO [2016-07-13 21:01:10] 
INFO [2016-07-13 21:01:10] $margin
INFO [2016-07-13 21:01:10] [1] 0.07
INFO [2016-07-13 21:01:10] 
INFO [2016-07-13 21:01:10] $x
INFO [2016-07-13 21:01:10] exp_protein_list
INFO [2016-07-13 21:01:10] 
INFO [2016-07-13 21:01:10] $filename
INFO [2016-07-13 21:01:10] NULL
INFO [2016-07-13 21:01:10] 
INFO [2016-07-13 21:01:10] $euler.d
INFO [2016-07-13 21:01:10] [1] FALSE
INFO [2016-07-13 21:01:10] 
INFO [2016-07-13 21:01:10] $scaled
INFO [2016-07-13 21:01:10] [1] FALSE
INFO [2016-07-13 21:01:10] 
INFO [2016-07-13 21:01:10] $print.mode
INFO [2016-07-13 21:01:10] c("raw", "percent")
INFO [2016-07-13 21:01:10] 
INFO [2016-07-13 21:01:10] $force.unique
INFO [2016-07-13 21:01:10] [1] TRUE
INFO [2016-07-13 21:01:10] 
INFO [2016-07-13 21:01:10] $fill
INFO [2016-07-13 21:01:10] c("purple", "cyan", "orange")
INFO [2016-07-13 21:01:10] 
INFO [2016-07-13 21:01:10] $fontface
INFO [2016-07-13 21:01:10] [1] "bold"
INFO [2016-07-13 21:01:10] 
INFO [2016-07-13 21:01:10] $cex
INFO [2016-07-13 21:01:10] rep(1.3, 7)
INFO [2016-07-13 21:01:10] 
INFO [2016-07-13 21:01:10] $cat.fontface
INFO [2016-07-13 21:01:10] [1] "bold"
INFO [2016-07-13 21:01:10] 
INFO [2016-07-13 21:01:10] $cat.cex
INFO [2016-07-13 21:01:10] c(1.4, 1.4, 1.4)
INFO [2016-07-13 21:01:10] 
INFO [2016-07-13 21:01:10] $cat.dist
INFO [2016-07-13 21:01:10] c(0.1, 0.08, 0.05)
INFO [2016-07-13 21:01:10] 
INFO [2016-07-13 21:01:10] $margin
INFO [2016-07-13 21:01:10] [1] 0.07
INFO [2016-07-13 21:01:10] 
