INFO [2016-07-13 21:19:35] $x
INFO [2016-07-13 21:19:35] exp_mrna_list
INFO [2016-07-13 21:19:35] 
INFO [2016-07-13 21:19:35] $filename
INFO [2016-07-13 21:19:35] NULL
INFO [2016-07-13 21:19:35] 
INFO [2016-07-13 21:19:35] $euler.d
INFO [2016-07-13 21:19:35] [1] FALSE
INFO [2016-07-13 21:19:35] 
INFO [2016-07-13 21:19:35] $scaled
INFO [2016-07-13 21:19:35] [1] FALSE
INFO [2016-07-13 21:19:35] 
INFO [2016-07-13 21:19:35] $print.mode
INFO [2016-07-13 21:19:35] c("raw", "percent")
INFO [2016-07-13 21:19:35] 
INFO [2016-07-13 21:19:35] $force.unique
INFO [2016-07-13 21:19:35] [1] TRUE
INFO [2016-07-13 21:19:35] 
INFO [2016-07-13 21:19:35] $fill
INFO [2016-07-13 21:19:35] c("purple", "cyan", "orange")
INFO [2016-07-13 21:19:35] 
INFO [2016-07-13 21:19:35] $fontface
INFO [2016-07-13 21:19:35] [1] "bold"
INFO [2016-07-13 21:19:35] 
INFO [2016-07-13 21:19:35] $cex
INFO [2016-07-13 21:19:35] rep(1.3, 7)
INFO [2016-07-13 21:19:35] 
INFO [2016-07-13 21:19:35] $cat.fontface
INFO [2016-07-13 21:19:35] [1] "bold"
INFO [2016-07-13 21:19:35] 
INFO [2016-07-13 21:19:35] $cat.cex
INFO [2016-07-13 21:19:35] c(1.4, 1.4, 1.4)
INFO [2016-07-13 21:19:35] 
INFO [2016-07-13 21:19:35] $cat.dist
INFO [2016-07-13 21:19:35] c(0.1, 0.08, 0.05)
INFO [2016-07-13 21:19:35] 
INFO [2016-07-13 21:19:35] $margin
INFO [2016-07-13 21:19:35] [1] 0.07
INFO [2016-07-13 21:19:35] 
INFO [2016-07-13 21:19:35] $main
INFO [2016-07-13 21:19:35] [1] "A"
INFO [2016-07-13 21:19:35] 
INFO [2016-07-13 21:19:35] $main.pos
INFO [2016-07-13 21:19:35] c(0, 1)
INFO [2016-07-13 21:19:35] 
INFO [2016-07-13 21:19:35] $main.fontface
INFO [2016-07-13 21:19:35] [1] "bold"
INFO [2016-07-13 21:19:35] 
INFO [2016-07-13 21:19:35] $main.cex
INFO [2016-07-13 21:19:35] [1] 2
INFO [2016-07-13 21:19:35] 
