INFO [2016-07-14 10:54:17] $x
INFO [2016-07-14 10:54:17] exp_mrna_list
INFO [2016-07-14 10:54:17] 
INFO [2016-07-14 10:54:17] $filename
INFO [2016-07-14 10:54:17] NULL
INFO [2016-07-14 10:54:17] 
INFO [2016-07-14 10:54:17] $euler.d
INFO [2016-07-14 10:54:17] [1] FALSE
INFO [2016-07-14 10:54:17] 
INFO [2016-07-14 10:54:17] $scaled
INFO [2016-07-14 10:54:17] [1] FALSE
INFO [2016-07-14 10:54:17] 
INFO [2016-07-14 10:54:17] $print.mode
INFO [2016-07-14 10:54:17] c("raw", "percent")
INFO [2016-07-14 10:54:17] 
INFO [2016-07-14 10:54:17] $force.unique
INFO [2016-07-14 10:54:17] [1] TRUE
INFO [2016-07-14 10:54:17] 
INFO [2016-07-14 10:54:17] $fill
INFO [2016-07-14 10:54:17] c("purple", "cyan", "orange")
INFO [2016-07-14 10:54:17] 
INFO [2016-07-14 10:54:17] $fontface
INFO [2016-07-14 10:54:17] [1] "bold"
INFO [2016-07-14 10:54:17] 
INFO [2016-07-14 10:54:17] $cex
INFO [2016-07-14 10:54:17] rep(1.3, 7)
INFO [2016-07-14 10:54:17] 
INFO [2016-07-14 10:54:17] $cat.fontface
INFO [2016-07-14 10:54:17] [1] "bold"
INFO [2016-07-14 10:54:17] 
INFO [2016-07-14 10:54:17] $cat.cex
INFO [2016-07-14 10:54:17] c(1.4, 1.4, 1.4)
INFO [2016-07-14 10:54:17] 
INFO [2016-07-14 10:54:17] $cat.dist
INFO [2016-07-14 10:54:17] c(0.1, 0.08, 0.05)
INFO [2016-07-14 10:54:17] 
INFO [2016-07-14 10:54:17] $margin
INFO [2016-07-14 10:54:17] [1] 0.07
INFO [2016-07-14 10:54:17] 
INFO [2016-07-14 10:54:17] $main
INFO [2016-07-14 10:54:17] [1] "A"
INFO [2016-07-14 10:54:17] 
INFO [2016-07-14 10:54:17] $main.pos
INFO [2016-07-14 10:54:17] c(0.05, 1)
INFO [2016-07-14 10:54:17] 
INFO [2016-07-14 10:54:17] $main.fontface
INFO [2016-07-14 10:54:17] [1] "bold"
INFO [2016-07-14 10:54:17] 
INFO [2016-07-14 10:54:17] $main.cex
INFO [2016-07-14 10:54:17] [1] 2.5
INFO [2016-07-14 10:54:17] 
INFO [2016-07-14 10:54:17] $x
INFO [2016-07-14 10:54:17] exp_protein_list
INFO [2016-07-14 10:54:17] 
INFO [2016-07-14 10:54:17] $filename
INFO [2016-07-14 10:54:17] NULL
INFO [2016-07-14 10:54:17] 
INFO [2016-07-14 10:54:17] $euler.d
INFO [2016-07-14 10:54:17] [1] FALSE
INFO [2016-07-14 10:54:17] 
INFO [2016-07-14 10:54:17] $scaled
INFO [2016-07-14 10:54:17] [1] FALSE
INFO [2016-07-14 10:54:17] 
INFO [2016-07-14 10:54:17] $print.mode
INFO [2016-07-14 10:54:17] c("raw", "percent")
INFO [2016-07-14 10:54:17] 
INFO [2016-07-14 10:54:17] $force.unique
INFO [2016-07-14 10:54:17] [1] TRUE
INFO [2016-07-14 10:54:17] 
INFO [2016-07-14 10:54:17] $fill
INFO [2016-07-14 10:54:17] c("purple", "cyan", "orange")
INFO [2016-07-14 10:54:17] 
INFO [2016-07-14 10:54:17] $fontface
INFO [2016-07-14 10:54:17] [1] "bold"
INFO [2016-07-14 10:54:17] 
INFO [2016-07-14 10:54:17] $cex
INFO [2016-07-14 10:54:17] rep(1.3, 7)
INFO [2016-07-14 10:54:17] 
INFO [2016-07-14 10:54:17] $cat.fontface
INFO [2016-07-14 10:54:17] [1] "bold"
INFO [2016-07-14 10:54:17] 
INFO [2016-07-14 10:54:17] $cat.cex
INFO [2016-07-14 10:54:17] c(1.4, 1.4, 1.4)
INFO [2016-07-14 10:54:17] 
INFO [2016-07-14 10:54:17] $cat.dist
INFO [2016-07-14 10:54:17] c(0.1, 0.08, 0.05)
INFO [2016-07-14 10:54:17] 
INFO [2016-07-14 10:54:17] $margin
INFO [2016-07-14 10:54:17] [1] 0.07
INFO [2016-07-14 10:54:17] 
INFO [2016-07-14 10:54:17] $main
INFO [2016-07-14 10:54:17] [1] "B"
INFO [2016-07-14 10:54:17] 
INFO [2016-07-14 10:54:17] $main.pos
INFO [2016-07-14 10:54:17] c(0.05, 1)
INFO [2016-07-14 10:54:17] 
INFO [2016-07-14 10:54:17] $main.fontface
INFO [2016-07-14 10:54:17] [1] "bold"
INFO [2016-07-14 10:54:17] 
INFO [2016-07-14 10:54:17] $main.cex
INFO [2016-07-14 10:54:17] [1] 2.5
INFO [2016-07-14 10:54:17] 
