INFO [2016-07-14 10:37:07] $x
INFO [2016-07-14 10:37:07] exp_mrna_list
INFO [2016-07-14 10:37:07] 
INFO [2016-07-14 10:37:07] $filename
INFO [2016-07-14 10:37:07] NULL
INFO [2016-07-14 10:37:07] 
INFO [2016-07-14 10:37:07] $euler.d
INFO [2016-07-14 10:37:07] [1] FALSE
INFO [2016-07-14 10:37:07] 
INFO [2016-07-14 10:37:07] $scaled
INFO [2016-07-14 10:37:07] [1] FALSE
INFO [2016-07-14 10:37:07] 
INFO [2016-07-14 10:37:07] $print.mode
INFO [2016-07-14 10:37:07] c("raw", "percent")
INFO [2016-07-14 10:37:07] 
INFO [2016-07-14 10:37:07] $force.unique
INFO [2016-07-14 10:37:07] [1] TRUE
INFO [2016-07-14 10:37:07] 
INFO [2016-07-14 10:37:07] $fill
INFO [2016-07-14 10:37:07] c("purple", "cyan", "orange")
INFO [2016-07-14 10:37:07] 
INFO [2016-07-14 10:37:07] $fontface
INFO [2016-07-14 10:37:07] [1] "bold"
INFO [2016-07-14 10:37:07] 
INFO [2016-07-14 10:37:07] $cex
INFO [2016-07-14 10:37:07] rep(1.3, 7)
INFO [2016-07-14 10:37:07] 
INFO [2016-07-14 10:37:07] $cat.fontface
INFO [2016-07-14 10:37:07] [1] "bold"
INFO [2016-07-14 10:37:07] 
INFO [2016-07-14 10:37:07] $cat.cex
INFO [2016-07-14 10:37:07] c(1.4, 1.4, 1.4)
INFO [2016-07-14 10:37:07] 
INFO [2016-07-14 10:37:07] $cat.dist
INFO [2016-07-14 10:37:07] c(0.1, 0.08, 0.05)
INFO [2016-07-14 10:37:07] 
INFO [2016-07-14 10:37:07] $margin
INFO [2016-07-14 10:37:07] [1] 0.07
INFO [2016-07-14 10:37:07] 
INFO [2016-07-14 10:37:07] $main
INFO [2016-07-14 10:37:07] [1] "A"
INFO [2016-07-14 10:37:07] 
INFO [2016-07-14 10:37:07] $main.pos
INFO [2016-07-14 10:37:07] c(0.05, 1)
INFO [2016-07-14 10:37:07] 
INFO [2016-07-14 10:37:07] $main.fontface
INFO [2016-07-14 10:37:07] [1] "bold"
INFO [2016-07-14 10:37:07] 
INFO [2016-07-14 10:37:07] $main.cex
INFO [2016-07-14 10:37:07] [1] 2.5
INFO [2016-07-14 10:37:07] 
INFO [2016-07-14 10:37:07] $x
INFO [2016-07-14 10:37:07] exp_protein_list
INFO [2016-07-14 10:37:07] 
INFO [2016-07-14 10:37:07] $filename
INFO [2016-07-14 10:37:07] NULL
INFO [2016-07-14 10:37:07] 
INFO [2016-07-14 10:37:07] $euler.d
INFO [2016-07-14 10:37:07] [1] FALSE
INFO [2016-07-14 10:37:07] 
INFO [2016-07-14 10:37:07] $scaled
INFO [2016-07-14 10:37:07] [1] FALSE
INFO [2016-07-14 10:37:07] 
INFO [2016-07-14 10:37:07] $print.mode
INFO [2016-07-14 10:37:07] c("raw", "percent")
INFO [2016-07-14 10:37:07] 
INFO [2016-07-14 10:37:07] $force.unique
INFO [2016-07-14 10:37:07] [1] TRUE
INFO [2016-07-14 10:37:07] 
INFO [2016-07-14 10:37:07] $fill
INFO [2016-07-14 10:37:07] c("purple", "cyan", "orange")
INFO [2016-07-14 10:37:07] 
INFO [2016-07-14 10:37:07] $fontface
INFO [2016-07-14 10:37:07] [1] "bold"
INFO [2016-07-14 10:37:07] 
INFO [2016-07-14 10:37:07] $cex
INFO [2016-07-14 10:37:07] rep(1.3, 7)
INFO [2016-07-14 10:37:07] 
INFO [2016-07-14 10:37:07] $cat.fontface
INFO [2016-07-14 10:37:07] [1] "bold"
INFO [2016-07-14 10:37:07] 
INFO [2016-07-14 10:37:07] $cat.cex
INFO [2016-07-14 10:37:07] c(1.4, 1.4, 1.4)
INFO [2016-07-14 10:37:07] 
INFO [2016-07-14 10:37:07] $cat.dist
INFO [2016-07-14 10:37:07] c(0.1, 0.08, 0.05)
INFO [2016-07-14 10:37:07] 
INFO [2016-07-14 10:37:07] $margin
INFO [2016-07-14 10:37:07] [1] 0.07
INFO [2016-07-14 10:37:07] 
INFO [2016-07-14 10:37:07] $main
INFO [2016-07-14 10:37:07] [1] "B"
INFO [2016-07-14 10:37:07] 
INFO [2016-07-14 10:37:07] $main.pos
INFO [2016-07-14 10:37:07] c(0.05, 1)
INFO [2016-07-14 10:37:07] 
INFO [2016-07-14 10:37:07] $main.fontface
INFO [2016-07-14 10:37:07] [1] "bold"
INFO [2016-07-14 10:37:07] 
INFO [2016-07-14 10:37:07] $main.cex
INFO [2016-07-14 10:37:07] [1] 2.5
INFO [2016-07-14 10:37:07] 
INFO [2016-07-14 10:37:07] $x
INFO [2016-07-14 10:37:07] sta_mrna_list
INFO [2016-07-14 10:37:07] 
INFO [2016-07-14 10:37:07] $filename
INFO [2016-07-14 10:37:07] NULL
INFO [2016-07-14 10:37:07] 
INFO [2016-07-14 10:37:07] $euler.d
INFO [2016-07-14 10:37:07] [1] FALSE
INFO [2016-07-14 10:37:07] 
INFO [2016-07-14 10:37:07] $scaled
INFO [2016-07-14 10:37:07] [1] FALSE
INFO [2016-07-14 10:37:07] 
INFO [2016-07-14 10:37:07] $print.mode
INFO [2016-07-14 10:37:07] c("raw", "percent")
INFO [2016-07-14 10:37:07] 
INFO [2016-07-14 10:37:07] $force.unique
INFO [2016-07-14 10:37:07] [1] TRUE
INFO [2016-07-14 10:37:07] 
INFO [2016-07-14 10:37:07] $fill
INFO [2016-07-14 10:37:07] c("purple", "cyan", "orange")
INFO [2016-07-14 10:37:07] 
INFO [2016-07-14 10:37:07] $fontface
INFO [2016-07-14 10:37:07] [1] "bold"
INFO [2016-07-14 10:37:07] 
INFO [2016-07-14 10:37:07] $cex
INFO [2016-07-14 10:37:07] rep(1.3, 7)
INFO [2016-07-14 10:37:07] 
INFO [2016-07-14 10:37:07] $cat.fontface
INFO [2016-07-14 10:37:07] [1] "bold"
INFO [2016-07-14 10:37:07] 
INFO [2016-07-14 10:37:07] $cat.cex
INFO [2016-07-14 10:37:07] c(1.4, 1.4, 1.4)
INFO [2016-07-14 10:37:07] 
INFO [2016-07-14 10:37:07] $cat.dist
INFO [2016-07-14 10:37:07] c(0.1, 0.08, 0.05)
INFO [2016-07-14 10:37:07] 
INFO [2016-07-14 10:37:07] $margin
INFO [2016-07-14 10:37:07] [1] 0.07
INFO [2016-07-14 10:37:07] 
INFO [2016-07-14 10:37:07] $main
INFO [2016-07-14 10:37:07] [1] "C"
INFO [2016-07-14 10:37:07] 
INFO [2016-07-14 10:37:07] $main.pos
INFO [2016-07-14 10:37:07] c(0.05, 1)
INFO [2016-07-14 10:37:07] 
INFO [2016-07-14 10:37:07] $main.fontface
INFO [2016-07-14 10:37:07] [1] "bold"
INFO [2016-07-14 10:37:07] 
INFO [2016-07-14 10:37:07] $main.cex
INFO [2016-07-14 10:37:07] [1] 2.5
INFO [2016-07-14 10:37:07] 
INFO [2016-07-14 10:37:07] $x
INFO [2016-07-14 10:37:07] sta_protein_list
INFO [2016-07-14 10:37:07] 
INFO [2016-07-14 10:37:07] $filename
INFO [2016-07-14 10:37:07] NULL
INFO [2016-07-14 10:37:07] 
INFO [2016-07-14 10:37:07] $euler.d
INFO [2016-07-14 10:37:07] [1] FALSE
INFO [2016-07-14 10:37:07] 
INFO [2016-07-14 10:37:07] $scaled
INFO [2016-07-14 10:37:07] [1] FALSE
INFO [2016-07-14 10:37:07] 
INFO [2016-07-14 10:37:07] $print.mode
INFO [2016-07-14 10:37:07] c("raw", "percent")
INFO [2016-07-14 10:37:07] 
INFO [2016-07-14 10:37:07] $force.unique
INFO [2016-07-14 10:37:07] [1] TRUE
INFO [2016-07-14 10:37:07] 
INFO [2016-07-14 10:37:07] $fill
INFO [2016-07-14 10:37:07] c("purple", "cyan", "orange")
INFO [2016-07-14 10:37:07] 
INFO [2016-07-14 10:37:07] $fontface
INFO [2016-07-14 10:37:07] [1] "bold"
INFO [2016-07-14 10:37:07] 
INFO [2016-07-14 10:37:07] $cex
INFO [2016-07-14 10:37:07] rep(1.3, 7)
INFO [2016-07-14 10:37:07] 
INFO [2016-07-14 10:37:07] $cat.fontface
INFO [2016-07-14 10:37:07] [1] "bold"
INFO [2016-07-14 10:37:07] 
INFO [2016-07-14 10:37:07] $cat.cex
INFO [2016-07-14 10:37:07] c(1.4, 1.4, 1.4)
INFO [2016-07-14 10:37:07] 
INFO [2016-07-14 10:37:07] $cat.dist
INFO [2016-07-14 10:37:07] c(0.1, 0.08, 0.05)
INFO [2016-07-14 10:37:07] 
INFO [2016-07-14 10:37:07] $margin
INFO [2016-07-14 10:37:07] [1] 0.07
INFO [2016-07-14 10:37:07] 
INFO [2016-07-14 10:37:07] $main
INFO [2016-07-14 10:37:07] [1] "D"
INFO [2016-07-14 10:37:07] 
INFO [2016-07-14 10:37:07] $main.pos
INFO [2016-07-14 10:37:07] c(0.05, 1)
INFO [2016-07-14 10:37:07] 
INFO [2016-07-14 10:37:07] $main.fontface
INFO [2016-07-14 10:37:07] [1] "bold"
INFO [2016-07-14 10:37:07] 
INFO [2016-07-14 10:37:07] $main.cex
INFO [2016-07-14 10:37:07] [1] 2.5
INFO [2016-07-14 10:37:07] 
