INFO [2016-07-14 10:46:06] $x
INFO [2016-07-14 10:46:06] exp_mrna_list
INFO [2016-07-14 10:46:06] 
INFO [2016-07-14 10:46:06] $filename
INFO [2016-07-14 10:46:06] NULL
INFO [2016-07-14 10:46:06] 
INFO [2016-07-14 10:46:06] $euler.d
INFO [2016-07-14 10:46:06] [1] FALSE
INFO [2016-07-14 10:46:06] 
INFO [2016-07-14 10:46:06] $scaled
INFO [2016-07-14 10:46:06] [1] FALSE
INFO [2016-07-14 10:46:06] 
INFO [2016-07-14 10:46:06] $print.mode
INFO [2016-07-14 10:46:06] c("raw", "percent")
INFO [2016-07-14 10:46:06] 
INFO [2016-07-14 10:46:06] $force.unique
INFO [2016-07-14 10:46:06] [1] TRUE
INFO [2016-07-14 10:46:06] 
INFO [2016-07-14 10:46:06] $fill
INFO [2016-07-14 10:46:06] c("purple", "cyan", "orange")
INFO [2016-07-14 10:46:06] 
INFO [2016-07-14 10:46:06] $fontface
INFO [2016-07-14 10:46:06] [1] "bold"
INFO [2016-07-14 10:46:06] 
INFO [2016-07-14 10:46:06] $cex
INFO [2016-07-14 10:46:06] rep(1.3, 7)
INFO [2016-07-14 10:46:06] 
INFO [2016-07-14 10:46:06] $cat.fontface
INFO [2016-07-14 10:46:06] [1] "bold"
INFO [2016-07-14 10:46:06] 
INFO [2016-07-14 10:46:06] $cat.cex
INFO [2016-07-14 10:46:06] c(1.4, 1.4, 1.4)
INFO [2016-07-14 10:46:06] 
INFO [2016-07-14 10:46:06] $cat.dist
INFO [2016-07-14 10:46:06] c(0.1, 0.08, 0.05)
INFO [2016-07-14 10:46:06] 
INFO [2016-07-14 10:46:06] $margin
INFO [2016-07-14 10:46:06] [1] 0.07
INFO [2016-07-14 10:46:06] 
INFO [2016-07-14 10:46:06] $main
INFO [2016-07-14 10:46:06] [1] "A"
INFO [2016-07-14 10:46:06] 
INFO [2016-07-14 10:46:06] $main.pos
INFO [2016-07-14 10:46:06] c(0.05, 1)
INFO [2016-07-14 10:46:06] 
INFO [2016-07-14 10:46:06] $main.fontface
INFO [2016-07-14 10:46:06] [1] "bold"
INFO [2016-07-14 10:46:06] 
INFO [2016-07-14 10:46:06] $main.cex
INFO [2016-07-14 10:46:06] [1] 2.5
INFO [2016-07-14 10:46:06] 
INFO [2016-07-14 10:46:06] $x
INFO [2016-07-14 10:46:06] exp_protein_list
INFO [2016-07-14 10:46:06] 
INFO [2016-07-14 10:46:06] $filename
INFO [2016-07-14 10:46:06] NULL
INFO [2016-07-14 10:46:06] 
INFO [2016-07-14 10:46:06] $euler.d
INFO [2016-07-14 10:46:06] [1] FALSE
INFO [2016-07-14 10:46:06] 
INFO [2016-07-14 10:46:06] $scaled
INFO [2016-07-14 10:46:06] [1] FALSE
INFO [2016-07-14 10:46:06] 
INFO [2016-07-14 10:46:06] $print.mode
INFO [2016-07-14 10:46:06] c("raw", "percent")
INFO [2016-07-14 10:46:06] 
INFO [2016-07-14 10:46:06] $force.unique
INFO [2016-07-14 10:46:06] [1] TRUE
INFO [2016-07-14 10:46:06] 
INFO [2016-07-14 10:46:06] $fill
INFO [2016-07-14 10:46:06] c("purple", "cyan", "orange")
INFO [2016-07-14 10:46:06] 
INFO [2016-07-14 10:46:06] $fontface
INFO [2016-07-14 10:46:06] [1] "bold"
INFO [2016-07-14 10:46:06] 
INFO [2016-07-14 10:46:06] $cex
INFO [2016-07-14 10:46:06] rep(1.3, 7)
INFO [2016-07-14 10:46:06] 
INFO [2016-07-14 10:46:06] $cat.fontface
INFO [2016-07-14 10:46:06] [1] "bold"
INFO [2016-07-14 10:46:06] 
INFO [2016-07-14 10:46:06] $cat.cex
INFO [2016-07-14 10:46:06] c(1.4, 1.4, 1.4)
INFO [2016-07-14 10:46:06] 
INFO [2016-07-14 10:46:06] $cat.dist
INFO [2016-07-14 10:46:06] c(0.1, 0.08, 0.05)
INFO [2016-07-14 10:46:06] 
INFO [2016-07-14 10:46:06] $margin
INFO [2016-07-14 10:46:06] [1] 0.07
INFO [2016-07-14 10:46:06] 
INFO [2016-07-14 10:46:06] $main
INFO [2016-07-14 10:46:06] [1] "B"
INFO [2016-07-14 10:46:06] 
INFO [2016-07-14 10:46:06] $main.pos
INFO [2016-07-14 10:46:06] c(0.05, 1)
INFO [2016-07-14 10:46:06] 
INFO [2016-07-14 10:46:06] $main.fontface
INFO [2016-07-14 10:46:06] [1] "bold"
INFO [2016-07-14 10:46:06] 
INFO [2016-07-14 10:46:06] $main.cex
INFO [2016-07-14 10:46:06] [1] 2.5
INFO [2016-07-14 10:46:06] 
INFO [2016-07-14 10:46:06] $x
INFO [2016-07-14 10:46:06] sta_mrna_list
INFO [2016-07-14 10:46:06] 
INFO [2016-07-14 10:46:06] $filename
INFO [2016-07-14 10:46:06] NULL
INFO [2016-07-14 10:46:06] 
INFO [2016-07-14 10:46:06] $euler.d
INFO [2016-07-14 10:46:06] [1] FALSE
INFO [2016-07-14 10:46:06] 
INFO [2016-07-14 10:46:06] $scaled
INFO [2016-07-14 10:46:06] [1] FALSE
INFO [2016-07-14 10:46:06] 
INFO [2016-07-14 10:46:06] $print.mode
INFO [2016-07-14 10:46:06] c("raw", "percent")
INFO [2016-07-14 10:46:06] 
INFO [2016-07-14 10:46:06] $force.unique
INFO [2016-07-14 10:46:06] [1] TRUE
INFO [2016-07-14 10:46:06] 
INFO [2016-07-14 10:46:06] $fill
INFO [2016-07-14 10:46:06] c("purple", "cyan", "orange")
INFO [2016-07-14 10:46:06] 
INFO [2016-07-14 10:46:06] $fontface
INFO [2016-07-14 10:46:06] [1] "bold"
INFO [2016-07-14 10:46:06] 
INFO [2016-07-14 10:46:06] $cex
INFO [2016-07-14 10:46:06] rep(1.3, 7)
INFO [2016-07-14 10:46:06] 
INFO [2016-07-14 10:46:06] $cat.fontface
INFO [2016-07-14 10:46:06] [1] "bold"
INFO [2016-07-14 10:46:06] 
INFO [2016-07-14 10:46:06] $cat.cex
INFO [2016-07-14 10:46:06] c(1.4, 1.4, 1.4)
INFO [2016-07-14 10:46:06] 
INFO [2016-07-14 10:46:06] $cat.dist
INFO [2016-07-14 10:46:06] c(0.1, 0.08, 0.05)
INFO [2016-07-14 10:46:06] 
INFO [2016-07-14 10:46:06] $margin
INFO [2016-07-14 10:46:06] [1] 0.07
INFO [2016-07-14 10:46:06] 
INFO [2016-07-14 10:46:06] $main
INFO [2016-07-14 10:46:06] [1] "C"
INFO [2016-07-14 10:46:06] 
INFO [2016-07-14 10:46:06] $main.pos
INFO [2016-07-14 10:46:06] c(0.05, 1)
INFO [2016-07-14 10:46:06] 
INFO [2016-07-14 10:46:06] $main.fontface
INFO [2016-07-14 10:46:06] [1] "bold"
INFO [2016-07-14 10:46:06] 
INFO [2016-07-14 10:46:06] $main.cex
INFO [2016-07-14 10:46:06] [1] 2.5
INFO [2016-07-14 10:46:06] 
INFO [2016-07-14 10:46:06] $x
INFO [2016-07-14 10:46:06] sta_protein_list
INFO [2016-07-14 10:46:06] 
INFO [2016-07-14 10:46:06] $filename
INFO [2016-07-14 10:46:06] NULL
INFO [2016-07-14 10:46:06] 
INFO [2016-07-14 10:46:06] $euler.d
INFO [2016-07-14 10:46:06] [1] FALSE
INFO [2016-07-14 10:46:06] 
INFO [2016-07-14 10:46:06] $scaled
INFO [2016-07-14 10:46:06] [1] FALSE
INFO [2016-07-14 10:46:06] 
INFO [2016-07-14 10:46:06] $print.mode
INFO [2016-07-14 10:46:06] c("raw", "percent")
INFO [2016-07-14 10:46:06] 
INFO [2016-07-14 10:46:06] $force.unique
INFO [2016-07-14 10:46:06] [1] TRUE
INFO [2016-07-14 10:46:06] 
INFO [2016-07-14 10:46:06] $fill
INFO [2016-07-14 10:46:06] c("purple", "cyan", "orange")
INFO [2016-07-14 10:46:06] 
INFO [2016-07-14 10:46:06] $fontface
INFO [2016-07-14 10:46:06] [1] "bold"
INFO [2016-07-14 10:46:06] 
INFO [2016-07-14 10:46:06] $cex
INFO [2016-07-14 10:46:06] rep(1.3, 7)
INFO [2016-07-14 10:46:06] 
INFO [2016-07-14 10:46:06] $cat.fontface
INFO [2016-07-14 10:46:06] [1] "bold"
INFO [2016-07-14 10:46:06] 
INFO [2016-07-14 10:46:06] $cat.cex
INFO [2016-07-14 10:46:06] c(1.4, 1.4, 1.4)
INFO [2016-07-14 10:46:06] 
INFO [2016-07-14 10:46:06] $cat.dist
INFO [2016-07-14 10:46:06] c(0.1, 0.08, 0.05)
INFO [2016-07-14 10:46:06] 
INFO [2016-07-14 10:46:06] $margin
INFO [2016-07-14 10:46:06] [1] 0.07
INFO [2016-07-14 10:46:06] 
INFO [2016-07-14 10:46:06] $main
INFO [2016-07-14 10:46:06] [1] "D"
INFO [2016-07-14 10:46:06] 
INFO [2016-07-14 10:46:06] $main.pos
INFO [2016-07-14 10:46:06] c(0.05, 1)
INFO [2016-07-14 10:46:06] 
INFO [2016-07-14 10:46:06] $main.fontface
INFO [2016-07-14 10:46:06] [1] "bold"
INFO [2016-07-14 10:46:06] 
INFO [2016-07-14 10:46:06] $main.cex
INFO [2016-07-14 10:46:06] [1] 2.5
INFO [2016-07-14 10:46:06] 
