INFO [2016-07-13 21:22:28] $x
INFO [2016-07-13 21:22:28] sta_mrna_list
INFO [2016-07-13 21:22:28] 
INFO [2016-07-13 21:22:28] $filename
INFO [2016-07-13 21:22:28] NULL
INFO [2016-07-13 21:22:28] 
INFO [2016-07-13 21:22:28] $euler.d
INFO [2016-07-13 21:22:28] [1] FALSE
INFO [2016-07-13 21:22:28] 
INFO [2016-07-13 21:22:28] $scaled
INFO [2016-07-13 21:22:28] [1] FALSE
INFO [2016-07-13 21:22:28] 
INFO [2016-07-13 21:22:28] $print.mode
INFO [2016-07-13 21:22:28] c("raw", "percent")
INFO [2016-07-13 21:22:28] 
INFO [2016-07-13 21:22:28] $force.unique
INFO [2016-07-13 21:22:28] [1] TRUE
INFO [2016-07-13 21:22:28] 
INFO [2016-07-13 21:22:28] $fill
INFO [2016-07-13 21:22:28] c("purple", "cyan", "orange")
INFO [2016-07-13 21:22:28] 
INFO [2016-07-13 21:22:28] $fontface
INFO [2016-07-13 21:22:28] [1] "bold"
INFO [2016-07-13 21:22:28] 
INFO [2016-07-13 21:22:28] $cex
INFO [2016-07-13 21:22:28] rep(1.3, 7)
INFO [2016-07-13 21:22:28] 
INFO [2016-07-13 21:22:28] $cat.fontface
INFO [2016-07-13 21:22:28] [1] "bold"
INFO [2016-07-13 21:22:28] 
INFO [2016-07-13 21:22:28] $cat.cex
INFO [2016-07-13 21:22:28] c(1.4, 1.4, 1.4)
INFO [2016-07-13 21:22:28] 
INFO [2016-07-13 21:22:28] $cat.dist
INFO [2016-07-13 21:22:28] c(0.1, 0.08, 0.05)
INFO [2016-07-13 21:22:28] 
INFO [2016-07-13 21:22:28] $margin
INFO [2016-07-13 21:22:28] [1] 0.07
INFO [2016-07-13 21:22:28] 
INFO [2016-07-13 21:22:28] $main
INFO [2016-07-13 21:22:28] [1] "C"
INFO [2016-07-13 21:22:28] 
INFO [2016-07-13 21:22:28] $main.pos
INFO [2016-07-13 21:22:28] c(0.05, 1)
INFO [2016-07-13 21:22:28] 
INFO [2016-07-13 21:22:28] $main.fontface
INFO [2016-07-13 21:22:28] [1] "bold"
INFO [2016-07-13 21:22:28] 
INFO [2016-07-13 21:22:28] $main.cex
INFO [2016-07-13 21:22:28] [1] 2.5
INFO [2016-07-13 21:22:28] 
INFO [2016-07-13 21:22:28] $x
INFO [2016-07-13 21:22:28] sta_protein_list
INFO [2016-07-13 21:22:28] 
INFO [2016-07-13 21:22:28] $filename
INFO [2016-07-13 21:22:28] NULL
INFO [2016-07-13 21:22:28] 
INFO [2016-07-13 21:22:28] $euler.d
INFO [2016-07-13 21:22:28] [1] FALSE
INFO [2016-07-13 21:22:28] 
INFO [2016-07-13 21:22:28] $scaled
INFO [2016-07-13 21:22:28] [1] FALSE
INFO [2016-07-13 21:22:28] 
INFO [2016-07-13 21:22:28] $print.mode
INFO [2016-07-13 21:22:28] c("raw", "percent")
INFO [2016-07-13 21:22:28] 
INFO [2016-07-13 21:22:28] $force.unique
INFO [2016-07-13 21:22:28] [1] TRUE
INFO [2016-07-13 21:22:28] 
INFO [2016-07-13 21:22:28] $fill
INFO [2016-07-13 21:22:28] c("purple", "cyan", "orange")
INFO [2016-07-13 21:22:28] 
INFO [2016-07-13 21:22:28] $fontface
INFO [2016-07-13 21:22:28] [1] "bold"
INFO [2016-07-13 21:22:28] 
INFO [2016-07-13 21:22:28] $cex
INFO [2016-07-13 21:22:28] rep(1.3, 7)
INFO [2016-07-13 21:22:28] 
INFO [2016-07-13 21:22:28] $cat.fontface
INFO [2016-07-13 21:22:28] [1] "bold"
INFO [2016-07-13 21:22:28] 
INFO [2016-07-13 21:22:28] $cat.cex
INFO [2016-07-13 21:22:28] c(1.4, 1.4, 1.4)
INFO [2016-07-13 21:22:28] 
INFO [2016-07-13 21:22:28] $cat.dist
INFO [2016-07-13 21:22:28] c(0.1, 0.08, 0.05)
INFO [2016-07-13 21:22:28] 
INFO [2016-07-13 21:22:28] $margin
INFO [2016-07-13 21:22:28] [1] 0.07
INFO [2016-07-13 21:22:28] 
INFO [2016-07-13 21:22:28] $main
INFO [2016-07-13 21:22:28] [1] "D"
INFO [2016-07-13 21:22:28] 
INFO [2016-07-13 21:22:28] $main.pos
INFO [2016-07-13 21:22:28] c(0.05, 1)
INFO [2016-07-13 21:22:28] 
INFO [2016-07-13 21:22:28] $main.fontface
INFO [2016-07-13 21:22:28] [1] "bold"
INFO [2016-07-13 21:22:28] 
INFO [2016-07-13 21:22:28] $main.cex
INFO [2016-07-13 21:22:28] [1] 2.5
INFO [2016-07-13 21:22:28] 
