INFO [2016-07-13 21:22:27] $x
INFO [2016-07-13 21:22:27] exp_mrna_list
INFO [2016-07-13 21:22:27] 
INFO [2016-07-13 21:22:27] $filename
INFO [2016-07-13 21:22:27] NULL
INFO [2016-07-13 21:22:27] 
INFO [2016-07-13 21:22:27] $euler.d
INFO [2016-07-13 21:22:27] [1] FALSE
INFO [2016-07-13 21:22:27] 
INFO [2016-07-13 21:22:27] $scaled
INFO [2016-07-13 21:22:27] [1] FALSE
INFO [2016-07-13 21:22:27] 
INFO [2016-07-13 21:22:27] $print.mode
INFO [2016-07-13 21:22:27] c("raw", "percent")
INFO [2016-07-13 21:22:27] 
INFO [2016-07-13 21:22:27] $force.unique
INFO [2016-07-13 21:22:27] [1] TRUE
INFO [2016-07-13 21:22:27] 
INFO [2016-07-13 21:22:27] $fill
INFO [2016-07-13 21:22:27] c("purple", "cyan", "orange")
INFO [2016-07-13 21:22:27] 
INFO [2016-07-13 21:22:27] $fontface
INFO [2016-07-13 21:22:27] [1] "bold"
INFO [2016-07-13 21:22:27] 
INFO [2016-07-13 21:22:27] $cex
INFO [2016-07-13 21:22:27] rep(1.3, 7)
INFO [2016-07-13 21:22:27] 
INFO [2016-07-13 21:22:27] $cat.fontface
INFO [2016-07-13 21:22:27] [1] "bold"
INFO [2016-07-13 21:22:27] 
INFO [2016-07-13 21:22:27] $cat.cex
INFO [2016-07-13 21:22:27] c(1.4, 1.4, 1.4)
INFO [2016-07-13 21:22:27] 
INFO [2016-07-13 21:22:27] $cat.dist
INFO [2016-07-13 21:22:27] c(0.1, 0.08, 0.05)
INFO [2016-07-13 21:22:27] 
INFO [2016-07-13 21:22:27] $margin
INFO [2016-07-13 21:22:27] [1] 0.07
INFO [2016-07-13 21:22:27] 
INFO [2016-07-13 21:22:27] $main
INFO [2016-07-13 21:22:27] [1] "A"
INFO [2016-07-13 21:22:27] 
INFO [2016-07-13 21:22:27] $main.pos
INFO [2016-07-13 21:22:27] c(0.05, 1)
INFO [2016-07-13 21:22:27] 
INFO [2016-07-13 21:22:27] $main.fontface
INFO [2016-07-13 21:22:27] [1] "bold"
INFO [2016-07-13 21:22:27] 
INFO [2016-07-13 21:22:27] $main.cex
INFO [2016-07-13 21:22:27] [1] 2.5
INFO [2016-07-13 21:22:27] 
INFO [2016-07-13 21:22:27] $x
INFO [2016-07-13 21:22:27] exp_protein_list
INFO [2016-07-13 21:22:27] 
INFO [2016-07-13 21:22:27] $filename
INFO [2016-07-13 21:22:27] NULL
INFO [2016-07-13 21:22:27] 
INFO [2016-07-13 21:22:27] $euler.d
INFO [2016-07-13 21:22:27] [1] FALSE
INFO [2016-07-13 21:22:27] 
INFO [2016-07-13 21:22:27] $scaled
INFO [2016-07-13 21:22:27] [1] FALSE
INFO [2016-07-13 21:22:27] 
INFO [2016-07-13 21:22:27] $print.mode
INFO [2016-07-13 21:22:27] c("raw", "percent")
INFO [2016-07-13 21:22:27] 
INFO [2016-07-13 21:22:27] $force.unique
INFO [2016-07-13 21:22:27] [1] TRUE
INFO [2016-07-13 21:22:27] 
INFO [2016-07-13 21:22:27] $fill
INFO [2016-07-13 21:22:27] c("purple", "cyan", "orange")
INFO [2016-07-13 21:22:27] 
INFO [2016-07-13 21:22:27] $fontface
INFO [2016-07-13 21:22:27] [1] "bold"
INFO [2016-07-13 21:22:27] 
INFO [2016-07-13 21:22:27] $cex
INFO [2016-07-13 21:22:27] rep(1.3, 7)
INFO [2016-07-13 21:22:27] 
INFO [2016-07-13 21:22:27] $cat.fontface
INFO [2016-07-13 21:22:27] [1] "bold"
INFO [2016-07-13 21:22:27] 
INFO [2016-07-13 21:22:27] $cat.cex
INFO [2016-07-13 21:22:27] c(1.4, 1.4, 1.4)
INFO [2016-07-13 21:22:27] 
INFO [2016-07-13 21:22:27] $cat.dist
INFO [2016-07-13 21:22:27] c(0.1, 0.08, 0.05)
INFO [2016-07-13 21:22:27] 
INFO [2016-07-13 21:22:27] $margin
INFO [2016-07-13 21:22:27] [1] 0.07
INFO [2016-07-13 21:22:27] 
INFO [2016-07-13 21:22:27] $main
INFO [2016-07-13 21:22:27] [1] "B"
INFO [2016-07-13 21:22:27] 
INFO [2016-07-13 21:22:27] $main.pos
INFO [2016-07-13 21:22:27] c(0.05, 1)
INFO [2016-07-13 21:22:27] 
INFO [2016-07-13 21:22:27] $main.fontface
INFO [2016-07-13 21:22:27] [1] "bold"
INFO [2016-07-13 21:22:27] 
INFO [2016-07-13 21:22:27] $main.cex
INFO [2016-07-13 21:22:27] [1] 2.5
INFO [2016-07-13 21:22:27] 
