INFO [2016-07-13 15:38:12] $x
INFO [2016-07-13 15:38:12] exp_protein_list
INFO [2016-07-13 15:38:12] 
INFO [2016-07-13 15:38:12] $filename
INFO [2016-07-13 15:38:12] NULL
INFO [2016-07-13 15:38:12] 
INFO [2016-07-13 15:38:12] $height
INFO [2016-07-13 15:38:12] [1] 3000
INFO [2016-07-13 15:38:12] 
INFO [2016-07-13 15:38:12] $width
INFO [2016-07-13 15:38:12] [1] 3000
INFO [2016-07-13 15:38:12] 
INFO [2016-07-13 15:38:12] $print.mode
INFO [2016-07-13 15:38:12] c("raw", "percent")
INFO [2016-07-13 15:38:12] 
INFO [2016-07-13 15:38:12] $force.unique
INFO [2016-07-13 15:38:12] [1] TRUE
INFO [2016-07-13 15:38:12] 
INFO [2016-07-13 15:38:12] $fill
INFO [2016-07-13 15:38:12] c("purple", "cyan", "orange")
INFO [2016-07-13 15:38:12] 
INFO [2016-07-13 15:38:12] $fontface
INFO [2016-07-13 15:38:12] [1] "bold"
INFO [2016-07-13 15:38:12] 
INFO [2016-07-13 15:38:12] $cex
INFO [2016-07-13 15:38:12] rep(1.3, 7)
INFO [2016-07-13 15:38:12] 
INFO [2016-07-13 15:38:12] $cat.fontface
INFO [2016-07-13 15:38:12] [1] "bold"
INFO [2016-07-13 15:38:12] 
INFO [2016-07-13 15:38:12] $cat.cex
INFO [2016-07-13 15:38:12] c(1.4, 1.4, 1.4)
INFO [2016-07-13 15:38:12] 
INFO [2016-07-13 15:38:12] $cat.dist
INFO [2016-07-13 15:38:12] c(0.1, 0.08, 0.05)
INFO [2016-07-13 15:38:12] 
INFO [2016-07-13 15:38:12] $margin
INFO [2016-07-13 15:38:12] [1] 0.04
INFO [2016-07-13 15:38:12] 
