INFO [2016-07-13 15:47:54] $x
INFO [2016-07-13 15:47:54] exp_mrna_list
INFO [2016-07-13 15:47:54] 
INFO [2016-07-13 15:47:54] $filename
INFO [2016-07-13 15:47:54] NULL
INFO [2016-07-13 15:47:54] 
INFO [2016-07-13 15:47:54] $height
INFO [2016-07-13 15:47:54] [1] 3000
INFO [2016-07-13 15:47:54] 
INFO [2016-07-13 15:47:54] $width
INFO [2016-07-13 15:47:54] [1] 3000
INFO [2016-07-13 15:47:54] 
INFO [2016-07-13 15:47:54] $print.mode
INFO [2016-07-13 15:47:54] c("raw", "percent")
INFO [2016-07-13 15:47:54] 
INFO [2016-07-13 15:47:54] $force.unique
INFO [2016-07-13 15:47:54] [1] TRUE
INFO [2016-07-13 15:47:54] 
INFO [2016-07-13 15:47:54] $fill
INFO [2016-07-13 15:47:54] c("purple", "cyan", "orange")
INFO [2016-07-13 15:47:54] 
INFO [2016-07-13 15:47:54] $fontface
INFO [2016-07-13 15:47:54] [1] "bold"
INFO [2016-07-13 15:47:54] 
INFO [2016-07-13 15:47:54] $cex
INFO [2016-07-13 15:47:54] rep(1.3, 7)
INFO [2016-07-13 15:47:54] 
INFO [2016-07-13 15:47:54] $cat.fontface
INFO [2016-07-13 15:47:54] [1] "bold"
INFO [2016-07-13 15:47:54] 
INFO [2016-07-13 15:47:54] $cat.cex
INFO [2016-07-13 15:47:54] c(1.4, 1.4, 1.4)
INFO [2016-07-13 15:47:54] 
INFO [2016-07-13 15:47:54] $cat.dist
INFO [2016-07-13 15:47:54] c(0.1, 0.08, 0.05)
INFO [2016-07-13 15:47:54] 
INFO [2016-07-13 15:47:54] $margin
INFO [2016-07-13 15:47:54] [1] 0.04
INFO [2016-07-13 15:47:54] 
INFO [2016-07-13 15:47:54] $x
INFO [2016-07-13 15:47:54] exp_protein_list
INFO [2016-07-13 15:47:54] 
INFO [2016-07-13 15:47:54] $filename
INFO [2016-07-13 15:47:54] NULL
INFO [2016-07-13 15:47:54] 
INFO [2016-07-13 15:47:54] $height
INFO [2016-07-13 15:47:54] [1] 3000
INFO [2016-07-13 15:47:54] 
INFO [2016-07-13 15:47:54] $width
INFO [2016-07-13 15:47:54] [1] 3000
INFO [2016-07-13 15:47:54] 
INFO [2016-07-13 15:47:54] $print.mode
INFO [2016-07-13 15:47:54] c("raw", "percent")
INFO [2016-07-13 15:47:54] 
INFO [2016-07-13 15:47:54] $force.unique
INFO [2016-07-13 15:47:54] [1] TRUE
INFO [2016-07-13 15:47:54] 
INFO [2016-07-13 15:47:54] $fill
INFO [2016-07-13 15:47:54] c("purple", "cyan", "orange")
INFO [2016-07-13 15:47:54] 
INFO [2016-07-13 15:47:54] $fontface
INFO [2016-07-13 15:47:54] [1] "bold"
INFO [2016-07-13 15:47:54] 
INFO [2016-07-13 15:47:54] $cex
INFO [2016-07-13 15:47:54] rep(1.3, 7)
INFO [2016-07-13 15:47:54] 
INFO [2016-07-13 15:47:54] $cat.fontface
INFO [2016-07-13 15:47:54] [1] "bold"
INFO [2016-07-13 15:47:54] 
INFO [2016-07-13 15:47:54] $cat.cex
INFO [2016-07-13 15:47:54] c(1.4, 1.4, 1.4)
INFO [2016-07-13 15:47:54] 
INFO [2016-07-13 15:47:54] $cat.dist
INFO [2016-07-13 15:47:54] c(0.1, 0.08, 0.05)
INFO [2016-07-13 15:47:54] 
INFO [2016-07-13 15:47:54] $margin
INFO [2016-07-13 15:47:54] [1] 0.04
INFO [2016-07-13 15:47:54] 
INFO [2016-07-13 15:47:54] $x
INFO [2016-07-13 15:47:54] sta_mrna_list
INFO [2016-07-13 15:47:54] 
INFO [2016-07-13 15:47:54] $filename
INFO [2016-07-13 15:47:54] NULL
INFO [2016-07-13 15:47:54] 
INFO [2016-07-13 15:47:54] $height
INFO [2016-07-13 15:47:54] [1] 3000
INFO [2016-07-13 15:47:54] 
INFO [2016-07-13 15:47:54] $width
INFO [2016-07-13 15:47:54] [1] 3000
INFO [2016-07-13 15:47:54] 
INFO [2016-07-13 15:47:54] $print.mode
INFO [2016-07-13 15:47:54] c("raw", "percent")
INFO [2016-07-13 15:47:54] 
INFO [2016-07-13 15:47:54] $force.unique
INFO [2016-07-13 15:47:54] [1] TRUE
INFO [2016-07-13 15:47:54] 
INFO [2016-07-13 15:47:54] $fill
INFO [2016-07-13 15:47:54] c("purple", "cyan", "orange")
INFO [2016-07-13 15:47:54] 
INFO [2016-07-13 15:47:54] $fontface
INFO [2016-07-13 15:47:54] [1] "bold"
INFO [2016-07-13 15:47:54] 
INFO [2016-07-13 15:47:54] $cex
INFO [2016-07-13 15:47:54] rep(1.3, 7)
INFO [2016-07-13 15:47:54] 
INFO [2016-07-13 15:47:54] $cat.fontface
INFO [2016-07-13 15:47:54] [1] "bold"
INFO [2016-07-13 15:47:54] 
INFO [2016-07-13 15:47:54] $cat.cex
INFO [2016-07-13 15:47:54] c(1.4, 1.4, 1.4)
INFO [2016-07-13 15:47:54] 
INFO [2016-07-13 15:47:54] $cat.dist
INFO [2016-07-13 15:47:54] c(0.1, 0.08, 0.05)
INFO [2016-07-13 15:47:54] 
INFO [2016-07-13 15:47:54] $margin
INFO [2016-07-13 15:47:54] [1] 0.04
INFO [2016-07-13 15:47:54] 
INFO [2016-07-13 15:47:54] $x
INFO [2016-07-13 15:47:54] exp_protein_list
INFO [2016-07-13 15:47:54] 
INFO [2016-07-13 15:47:54] $filename
INFO [2016-07-13 15:47:54] NULL
INFO [2016-07-13 15:47:54] 
INFO [2016-07-13 15:47:54] $height
INFO [2016-07-13 15:47:54] [1] 3000
INFO [2016-07-13 15:47:54] 
INFO [2016-07-13 15:47:54] $width
INFO [2016-07-13 15:47:54] [1] 3000
INFO [2016-07-13 15:47:54] 
INFO [2016-07-13 15:47:54] $print.mode
INFO [2016-07-13 15:47:54] c("raw", "percent")
INFO [2016-07-13 15:47:54] 
INFO [2016-07-13 15:47:54] $force.unique
INFO [2016-07-13 15:47:54] [1] TRUE
INFO [2016-07-13 15:47:54] 
INFO [2016-07-13 15:47:54] $fill
INFO [2016-07-13 15:47:54] c("purple", "cyan", "orange")
INFO [2016-07-13 15:47:54] 
INFO [2016-07-13 15:47:54] $fontface
INFO [2016-07-13 15:47:54] [1] "bold"
INFO [2016-07-13 15:47:54] 
INFO [2016-07-13 15:47:54] $cex
INFO [2016-07-13 15:47:54] rep(1.3, 7)
INFO [2016-07-13 15:47:54] 
INFO [2016-07-13 15:47:54] $cat.fontface
INFO [2016-07-13 15:47:54] [1] "bold"
INFO [2016-07-13 15:47:54] 
INFO [2016-07-13 15:47:54] $cat.cex
INFO [2016-07-13 15:47:54] c(1.4, 1.4, 1.4)
INFO [2016-07-13 15:47:54] 
INFO [2016-07-13 15:47:54] $cat.dist
INFO [2016-07-13 15:47:54] c(0.1, 0.08, 0.05)
INFO [2016-07-13 15:47:54] 
INFO [2016-07-13 15:47:54] $margin
INFO [2016-07-13 15:47:54] [1] 0.04
INFO [2016-07-13 15:47:54] 
