INFO [2016-07-13 16:00:45] $x
INFO [2016-07-13 16:00:45] sta_mrna_list
INFO [2016-07-13 16:00:45] 
INFO [2016-07-13 16:00:45] $filename
INFO [2016-07-13 16:00:45] NULL
INFO [2016-07-13 16:00:45] 
INFO [2016-07-13 16:00:45] $print.mode
INFO [2016-07-13 16:00:45] c("raw", "percent")
INFO [2016-07-13 16:00:45] 
INFO [2016-07-13 16:00:45] $force.unique
INFO [2016-07-13 16:00:45] [1] TRUE
INFO [2016-07-13 16:00:45] 
INFO [2016-07-13 16:00:45] $fill
INFO [2016-07-13 16:00:45] c("purple", "cyan", "orange")
INFO [2016-07-13 16:00:45] 
INFO [2016-07-13 16:00:45] $fontface
INFO [2016-07-13 16:00:45] [1] "bold"
INFO [2016-07-13 16:00:45] 
INFO [2016-07-13 16:00:45] $cex
INFO [2016-07-13 16:00:45] rep(1.3, 7)
INFO [2016-07-13 16:00:45] 
INFO [2016-07-13 16:00:45] $cat.fontface
INFO [2016-07-13 16:00:45] [1] "bold"
INFO [2016-07-13 16:00:45] 
INFO [2016-07-13 16:00:45] $cat.cex
INFO [2016-07-13 16:00:45] c(1.4, 1.4, 1.4)
INFO [2016-07-13 16:00:45] 
INFO [2016-07-13 16:00:45] $cat.dist
INFO [2016-07-13 16:00:45] c(0.1, 0.08, 0.05)
INFO [2016-07-13 16:00:45] 
INFO [2016-07-13 16:00:45] $margin
INFO [2016-07-13 16:00:45] [1] 0.04
INFO [2016-07-13 16:00:45] 
