INFO [2016-07-13 21:00:58] $x
INFO [2016-07-13 21:00:58] exp_mrna_list
INFO [2016-07-13 21:00:58] 
INFO [2016-07-13 21:00:58] $filename
INFO [2016-07-13 21:00:58] NULL
INFO [2016-07-13 21:00:58] 
INFO [2016-07-13 21:00:58] $euler.d
INFO [2016-07-13 21:00:58] [1] FALSE
INFO [2016-07-13 21:00:58] 
INFO [2016-07-13 21:00:58] $scaled
INFO [2016-07-13 21:00:58] [1] FALSE
INFO [2016-07-13 21:00:58] 
INFO [2016-07-13 21:00:58] $print.mode
INFO [2016-07-13 21:00:58] c("raw", "percent")
INFO [2016-07-13 21:00:58] 
INFO [2016-07-13 21:00:58] $force.unique
INFO [2016-07-13 21:00:58] [1] TRUE
INFO [2016-07-13 21:00:58] 
INFO [2016-07-13 21:00:58] $fill
INFO [2016-07-13 21:00:58] c("purple", "cyan", "orange")
INFO [2016-07-13 21:00:58] 
INFO [2016-07-13 21:00:58] $fontface
INFO [2016-07-13 21:00:58] [1] "bold"
INFO [2016-07-13 21:00:58] 
INFO [2016-07-13 21:00:58] $cex
INFO [2016-07-13 21:00:58] rep(1.3, 7)
INFO [2016-07-13 21:00:58] 
INFO [2016-07-13 21:00:58] $cat.fontface
INFO [2016-07-13 21:00:58] [1] "bold"
INFO [2016-07-13 21:00:58] 
INFO [2016-07-13 21:00:58] $cat.cex
INFO [2016-07-13 21:00:58] c(1.4, 1.4, 1.4)
INFO [2016-07-13 21:00:58] 
INFO [2016-07-13 21:00:58] $cat.dist
INFO [2016-07-13 21:00:58] c(0.1, 0.08, 0.05)
INFO [2016-07-13 21:00:58] 
INFO [2016-07-13 21:00:58] $margin
INFO [2016-07-13 21:00:58] [1] 0.04
INFO [2016-07-13 21:00:58] 
INFO [2016-07-13 21:00:58] $x
INFO [2016-07-13 21:00:58] exp_protein_list
INFO [2016-07-13 21:00:58] 
INFO [2016-07-13 21:00:58] $filename
INFO [2016-07-13 21:00:58] NULL
INFO [2016-07-13 21:00:58] 
INFO [2016-07-13 21:00:58] $euler.d
INFO [2016-07-13 21:00:58] [1] FALSE
INFO [2016-07-13 21:00:58] 
INFO [2016-07-13 21:00:58] $scaled
INFO [2016-07-13 21:00:58] [1] FALSE
INFO [2016-07-13 21:00:58] 
INFO [2016-07-13 21:00:58] $print.mode
INFO [2016-07-13 21:00:58] c("raw", "percent")
INFO [2016-07-13 21:00:58] 
INFO [2016-07-13 21:00:58] $force.unique
INFO [2016-07-13 21:00:58] [1] TRUE
INFO [2016-07-13 21:00:58] 
INFO [2016-07-13 21:00:58] $fill
INFO [2016-07-13 21:00:58] c("purple", "cyan", "orange")
INFO [2016-07-13 21:00:58] 
INFO [2016-07-13 21:00:58] $fontface
INFO [2016-07-13 21:00:58] [1] "bold"
INFO [2016-07-13 21:00:58] 
INFO [2016-07-13 21:00:58] $cex
INFO [2016-07-13 21:00:58] rep(1.3, 7)
INFO [2016-07-13 21:00:58] 
INFO [2016-07-13 21:00:58] $cat.fontface
INFO [2016-07-13 21:00:58] [1] "bold"
INFO [2016-07-13 21:00:58] 
INFO [2016-07-13 21:00:58] $cat.cex
INFO [2016-07-13 21:00:58] c(1.4, 1.4, 1.4)
INFO [2016-07-13 21:00:58] 
INFO [2016-07-13 21:00:58] $cat.dist
INFO [2016-07-13 21:00:58] c(0.1, 0.08, 0.05)
INFO [2016-07-13 21:00:58] 
INFO [2016-07-13 21:00:58] $margin
INFO [2016-07-13 21:00:58] [1] 0.04
INFO [2016-07-13 21:00:58] 
INFO [2016-07-13 21:00:58] $x
INFO [2016-07-13 21:00:58] sta_mrna_list
INFO [2016-07-13 21:00:58] 
INFO [2016-07-13 21:00:58] $filename
INFO [2016-07-13 21:00:58] NULL
INFO [2016-07-13 21:00:58] 
INFO [2016-07-13 21:00:58] $euler.d
INFO [2016-07-13 21:00:58] [1] FALSE
INFO [2016-07-13 21:00:58] 
INFO [2016-07-13 21:00:58] $scaled
INFO [2016-07-13 21:00:58] [1] FALSE
INFO [2016-07-13 21:00:58] 
INFO [2016-07-13 21:00:58] $print.mode
INFO [2016-07-13 21:00:58] c("raw", "percent")
INFO [2016-07-13 21:00:58] 
INFO [2016-07-13 21:00:58] $force.unique
INFO [2016-07-13 21:00:58] [1] TRUE
INFO [2016-07-13 21:00:58] 
INFO [2016-07-13 21:00:58] $fill
INFO [2016-07-13 21:00:58] c("purple", "cyan", "orange")
INFO [2016-07-13 21:00:58] 
INFO [2016-07-13 21:00:58] $fontface
INFO [2016-07-13 21:00:58] [1] "bold"
INFO [2016-07-13 21:00:58] 
INFO [2016-07-13 21:00:58] $cex
INFO [2016-07-13 21:00:58] rep(1.3, 7)
INFO [2016-07-13 21:00:58] 
INFO [2016-07-13 21:00:58] $cat.fontface
INFO [2016-07-13 21:00:58] [1] "bold"
INFO [2016-07-13 21:00:58] 
INFO [2016-07-13 21:00:58] $cat.cex
INFO [2016-07-13 21:00:58] c(1.4, 1.4, 1.4)
INFO [2016-07-13 21:00:58] 
INFO [2016-07-13 21:00:58] $cat.dist
INFO [2016-07-13 21:00:58] c(0.1, 0.08, 0.05)
INFO [2016-07-13 21:00:58] 
INFO [2016-07-13 21:00:58] $margin
INFO [2016-07-13 21:00:58] [1] 0.04
INFO [2016-07-13 21:00:58] 
INFO [2016-07-13 21:00:58] $x
INFO [2016-07-13 21:00:58] sta_protein_list
INFO [2016-07-13 21:00:58] 
INFO [2016-07-13 21:00:58] $filename
INFO [2016-07-13 21:00:58] NULL
INFO [2016-07-13 21:00:58] 
INFO [2016-07-13 21:00:58] $euler.d
INFO [2016-07-13 21:00:58] [1] FALSE
INFO [2016-07-13 21:00:58] 
INFO [2016-07-13 21:00:58] $scaled
INFO [2016-07-13 21:00:58] [1] FALSE
INFO [2016-07-13 21:00:58] 
INFO [2016-07-13 21:00:58] $print.mode
INFO [2016-07-13 21:00:58] c("raw", "percent")
INFO [2016-07-13 21:00:58] 
INFO [2016-07-13 21:00:58] $force.unique
INFO [2016-07-13 21:00:58] [1] TRUE
INFO [2016-07-13 21:00:58] 
INFO [2016-07-13 21:00:58] $fill
INFO [2016-07-13 21:00:58] c("purple", "cyan", "orange")
INFO [2016-07-13 21:00:58] 
INFO [2016-07-13 21:00:58] $fontface
INFO [2016-07-13 21:00:58] [1] "bold"
INFO [2016-07-13 21:00:58] 
INFO [2016-07-13 21:00:58] $cex
INFO [2016-07-13 21:00:58] rep(1.3, 7)
INFO [2016-07-13 21:00:58] 
INFO [2016-07-13 21:00:58] $cat.fontface
INFO [2016-07-13 21:00:58] [1] "bold"
INFO [2016-07-13 21:00:58] 
INFO [2016-07-13 21:00:58] $cat.cex
INFO [2016-07-13 21:00:58] c(1.4, 1.4, 1.4)
INFO [2016-07-13 21:00:58] 
INFO [2016-07-13 21:00:58] $cat.dist
INFO [2016-07-13 21:00:58] c(0.1, 0.08, 0.05)
INFO [2016-07-13 21:00:58] 
INFO [2016-07-13 21:00:58] $margin
INFO [2016-07-13 21:00:58] [1] 0.07
INFO [2016-07-13 21:00:58] 
