INFO [2016-07-14 10:38:08] $x
INFO [2016-07-14 10:38:08] exp_mrna_list
INFO [2016-07-14 10:38:08] 
INFO [2016-07-14 10:38:08] $filename
INFO [2016-07-14 10:38:08] NULL
INFO [2016-07-14 10:38:08] 
INFO [2016-07-14 10:38:08] $euler.d
INFO [2016-07-14 10:38:08] [1] FALSE
INFO [2016-07-14 10:38:08] 
INFO [2016-07-14 10:38:08] $scaled
INFO [2016-07-14 10:38:08] [1] FALSE
INFO [2016-07-14 10:38:08] 
INFO [2016-07-14 10:38:08] $print.mode
INFO [2016-07-14 10:38:08] c("raw", "percent")
INFO [2016-07-14 10:38:08] 
INFO [2016-07-14 10:38:08] $force.unique
INFO [2016-07-14 10:38:08] [1] TRUE
INFO [2016-07-14 10:38:08] 
INFO [2016-07-14 10:38:08] $fill
INFO [2016-07-14 10:38:08] c("purple", "cyan", "orange")
INFO [2016-07-14 10:38:08] 
INFO [2016-07-14 10:38:08] $fontface
INFO [2016-07-14 10:38:08] [1] "bold"
INFO [2016-07-14 10:38:08] 
INFO [2016-07-14 10:38:08] $cex
INFO [2016-07-14 10:38:08] rep(1.3, 7)
INFO [2016-07-14 10:38:08] 
INFO [2016-07-14 10:38:08] $cat.fontface
INFO [2016-07-14 10:38:08] [1] "bold"
INFO [2016-07-14 10:38:08] 
INFO [2016-07-14 10:38:08] $cat.cex
INFO [2016-07-14 10:38:08] c(1.4, 1.4, 1.4)
INFO [2016-07-14 10:38:08] 
INFO [2016-07-14 10:38:08] $cat.dist
INFO [2016-07-14 10:38:08] c(0.1, 0.08, 0.05)
INFO [2016-07-14 10:38:08] 
INFO [2016-07-14 10:38:08] $margin
INFO [2016-07-14 10:38:08] [1] 0.07
INFO [2016-07-14 10:38:08] 
INFO [2016-07-14 10:38:08] $main
INFO [2016-07-14 10:38:08] [1] "A"
INFO [2016-07-14 10:38:08] 
INFO [2016-07-14 10:38:08] $main.pos
INFO [2016-07-14 10:38:08] c(0.05, 1)
INFO [2016-07-14 10:38:08] 
INFO [2016-07-14 10:38:08] $main.fontface
INFO [2016-07-14 10:38:08] [1] "bold"
INFO [2016-07-14 10:38:08] 
INFO [2016-07-14 10:38:08] $main.cex
INFO [2016-07-14 10:38:08] [1] 2.5
INFO [2016-07-14 10:38:08] 
INFO [2016-07-14 10:38:08] $x
INFO [2016-07-14 10:38:08] exp_protein_list
INFO [2016-07-14 10:38:08] 
INFO [2016-07-14 10:38:08] $filename
INFO [2016-07-14 10:38:08] NULL
INFO [2016-07-14 10:38:08] 
INFO [2016-07-14 10:38:08] $euler.d
INFO [2016-07-14 10:38:08] [1] FALSE
INFO [2016-07-14 10:38:08] 
INFO [2016-07-14 10:38:08] $scaled
INFO [2016-07-14 10:38:08] [1] FALSE
INFO [2016-07-14 10:38:08] 
INFO [2016-07-14 10:38:08] $print.mode
INFO [2016-07-14 10:38:08] c("raw", "percent")
INFO [2016-07-14 10:38:08] 
INFO [2016-07-14 10:38:08] $force.unique
INFO [2016-07-14 10:38:08] [1] TRUE
INFO [2016-07-14 10:38:08] 
INFO [2016-07-14 10:38:08] $fill
INFO [2016-07-14 10:38:08] c("purple", "cyan", "orange")
INFO [2016-07-14 10:38:08] 
INFO [2016-07-14 10:38:08] $fontface
INFO [2016-07-14 10:38:08] [1] "bold"
INFO [2016-07-14 10:38:08] 
INFO [2016-07-14 10:38:08] $cex
INFO [2016-07-14 10:38:08] rep(1.3, 7)
INFO [2016-07-14 10:38:08] 
INFO [2016-07-14 10:38:08] $cat.fontface
INFO [2016-07-14 10:38:08] [1] "bold"
INFO [2016-07-14 10:38:08] 
INFO [2016-07-14 10:38:08] $cat.cex
INFO [2016-07-14 10:38:08] c(1.4, 1.4, 1.4)
INFO [2016-07-14 10:38:08] 
INFO [2016-07-14 10:38:08] $cat.dist
INFO [2016-07-14 10:38:08] c(0.1, 0.08, 0.05)
INFO [2016-07-14 10:38:08] 
INFO [2016-07-14 10:38:08] $margin
INFO [2016-07-14 10:38:08] [1] 0.07
INFO [2016-07-14 10:38:08] 
INFO [2016-07-14 10:38:08] $main
INFO [2016-07-14 10:38:08] [1] "B"
INFO [2016-07-14 10:38:08] 
INFO [2016-07-14 10:38:08] $main.pos
INFO [2016-07-14 10:38:08] c(0.05, 1)
INFO [2016-07-14 10:38:08] 
INFO [2016-07-14 10:38:08] $main.fontface
INFO [2016-07-14 10:38:08] [1] "bold"
INFO [2016-07-14 10:38:08] 
INFO [2016-07-14 10:38:08] $main.cex
INFO [2016-07-14 10:38:08] [1] 2.5
INFO [2016-07-14 10:38:08] 
INFO [2016-07-14 10:38:08] $x
INFO [2016-07-14 10:38:08] sta_mrna_list
INFO [2016-07-14 10:38:08] 
INFO [2016-07-14 10:38:08] $filename
INFO [2016-07-14 10:38:08] NULL
INFO [2016-07-14 10:38:08] 
INFO [2016-07-14 10:38:08] $euler.d
INFO [2016-07-14 10:38:08] [1] FALSE
INFO [2016-07-14 10:38:08] 
INFO [2016-07-14 10:38:08] $scaled
INFO [2016-07-14 10:38:08] [1] FALSE
INFO [2016-07-14 10:38:08] 
INFO [2016-07-14 10:38:08] $print.mode
INFO [2016-07-14 10:38:08] c("raw", "percent")
INFO [2016-07-14 10:38:08] 
INFO [2016-07-14 10:38:08] $force.unique
INFO [2016-07-14 10:38:08] [1] TRUE
INFO [2016-07-14 10:38:08] 
INFO [2016-07-14 10:38:08] $fill
INFO [2016-07-14 10:38:08] c("purple", "cyan", "orange")
INFO [2016-07-14 10:38:08] 
INFO [2016-07-14 10:38:08] $fontface
INFO [2016-07-14 10:38:08] [1] "bold"
INFO [2016-07-14 10:38:08] 
INFO [2016-07-14 10:38:08] $cex
INFO [2016-07-14 10:38:08] rep(1.3, 7)
INFO [2016-07-14 10:38:08] 
INFO [2016-07-14 10:38:08] $cat.fontface
INFO [2016-07-14 10:38:08] [1] "bold"
INFO [2016-07-14 10:38:08] 
INFO [2016-07-14 10:38:08] $cat.cex
INFO [2016-07-14 10:38:08] c(1.4, 1.4, 1.4)
INFO [2016-07-14 10:38:08] 
INFO [2016-07-14 10:38:08] $cat.dist
INFO [2016-07-14 10:38:08] c(0.1, 0.08, 0.05)
INFO [2016-07-14 10:38:08] 
INFO [2016-07-14 10:38:08] $margin
INFO [2016-07-14 10:38:08] [1] 0.07
INFO [2016-07-14 10:38:08] 
INFO [2016-07-14 10:38:08] $main
INFO [2016-07-14 10:38:08] [1] "C"
INFO [2016-07-14 10:38:08] 
INFO [2016-07-14 10:38:08] $main.pos
INFO [2016-07-14 10:38:08] c(0.05, 1)
INFO [2016-07-14 10:38:08] 
INFO [2016-07-14 10:38:08] $main.fontface
INFO [2016-07-14 10:38:08] [1] "bold"
INFO [2016-07-14 10:38:08] 
INFO [2016-07-14 10:38:08] $main.cex
INFO [2016-07-14 10:38:08] [1] 2.5
INFO [2016-07-14 10:38:08] 
