INFO [2016-07-13 15:28:57] $x
INFO [2016-07-13 15:28:57] exp_protein_list
INFO [2016-07-13 15:28:57] 
INFO [2016-07-13 15:28:57] $filename
INFO [2016-07-13 15:28:57] NULL
INFO [2016-07-13 15:28:57] 
INFO [2016-07-13 15:28:57] $print.mode
INFO [2016-07-13 15:28:57] c("raw", "percent")
INFO [2016-07-13 15:28:57] 
INFO [2016-07-13 15:28:57] $force.unique
INFO [2016-07-13 15:28:57] [1] TRUE
INFO [2016-07-13 15:28:57] 
INFO [2016-07-13 15:28:57] $fill
INFO [2016-07-13 15:28:57] c("purple", "cyan", "orange")
INFO [2016-07-13 15:28:57] 
INFO [2016-07-13 15:28:57] $fontface
INFO [2016-07-13 15:28:57] [1] "bold"
INFO [2016-07-13 15:28:57] 
INFO [2016-07-13 15:28:57] $cex
INFO [2016-07-13 15:28:57] rep(1.3, 7)
INFO [2016-07-13 15:28:57] 
INFO [2016-07-13 15:28:57] $cat.fontface
INFO [2016-07-13 15:28:57] [1] "bold"
INFO [2016-07-13 15:28:57] 
INFO [2016-07-13 15:28:57] $cat.cex
INFO [2016-07-13 15:28:57] c(1.4, 1.4, 1.4)
INFO [2016-07-13 15:28:57] 
INFO [2016-07-13 15:28:57] $cat.dist
INFO [2016-07-13 15:28:57] c(0.1, 0.08, 0.05)
INFO [2016-07-13 15:28:57] 
INFO [2016-07-13 15:28:57] $margin
INFO [2016-07-13 15:28:57] [1] 0.04
INFO [2016-07-13 15:28:57] 
