INFO [2016-07-13 21:08:59] $x
INFO [2016-07-13 21:08:59] exp_mrna_list
INFO [2016-07-13 21:08:59] 
INFO [2016-07-13 21:08:59] $filename
INFO [2016-07-13 21:08:59] NULL
INFO [2016-07-13 21:08:59] 
INFO [2016-07-13 21:08:59] $euler.d
INFO [2016-07-13 21:08:59] [1] FALSE
INFO [2016-07-13 21:08:59] 
INFO [2016-07-13 21:08:59] $scaled
INFO [2016-07-13 21:08:59] [1] FALSE
INFO [2016-07-13 21:08:59] 
INFO [2016-07-13 21:08:59] $print.mode
INFO [2016-07-13 21:08:59] c("raw", "percent")
INFO [2016-07-13 21:08:59] 
INFO [2016-07-13 21:08:59] $force.unique
INFO [2016-07-13 21:08:59] [1] TRUE
INFO [2016-07-13 21:08:59] 
INFO [2016-07-13 21:08:59] $fill
INFO [2016-07-13 21:08:59] c("purple", "cyan", "orange")
INFO [2016-07-13 21:08:59] 
INFO [2016-07-13 21:08:59] $fontface
INFO [2016-07-13 21:08:59] [1] "bold"
INFO [2016-07-13 21:08:59] 
INFO [2016-07-13 21:08:59] $cex
INFO [2016-07-13 21:08:59] rep(1.3, 7)
INFO [2016-07-13 21:08:59] 
INFO [2016-07-13 21:08:59] $cat.fontface
INFO [2016-07-13 21:08:59] [1] "bold"
INFO [2016-07-13 21:08:59] 
INFO [2016-07-13 21:08:59] $cat.cex
INFO [2016-07-13 21:08:59] c(1.4, 1.4, 1.4)
INFO [2016-07-13 21:08:59] 
INFO [2016-07-13 21:08:59] $cat.dist
INFO [2016-07-13 21:08:59] c(0.1, 0.08, 0.05)
INFO [2016-07-13 21:08:59] 
INFO [2016-07-13 21:08:59] $margin
INFO [2016-07-13 21:08:59] [1] 0.07
INFO [2016-07-13 21:08:59] 
