INFO [2016-07-13 21:07:03] $x
INFO [2016-07-13 21:07:03] exp_mrna_list
INFO [2016-07-13 21:07:03] 
INFO [2016-07-13 21:07:03] $filename
INFO [2016-07-13 21:07:03] NULL
INFO [2016-07-13 21:07:03] 
INFO [2016-07-13 21:07:03] $euler.d
INFO [2016-07-13 21:07:03] [1] FALSE
INFO [2016-07-13 21:07:03] 
INFO [2016-07-13 21:07:03] $scaled
INFO [2016-07-13 21:07:03] [1] FALSE
INFO [2016-07-13 21:07:03] 
INFO [2016-07-13 21:07:03] $print.mode
INFO [2016-07-13 21:07:03] c("raw", "percent")
INFO [2016-07-13 21:07:03] 
INFO [2016-07-13 21:07:03] $force.unique
INFO [2016-07-13 21:07:03] [1] TRUE
INFO [2016-07-13 21:07:03] 
INFO [2016-07-13 21:07:03] $fill
INFO [2016-07-13 21:07:03] c("purple", "cyan", "orange")
INFO [2016-07-13 21:07:03] 
INFO [2016-07-13 21:07:03] $fontface
INFO [2016-07-13 21:07:03] [1] "bold"
INFO [2016-07-13 21:07:03] 
INFO [2016-07-13 21:07:03] $cex
INFO [2016-07-13 21:07:03] rep(1.3, 7)
INFO [2016-07-13 21:07:03] 
INFO [2016-07-13 21:07:03] $cat.fontface
INFO [2016-07-13 21:07:03] [1] "bold"
INFO [2016-07-13 21:07:03] 
INFO [2016-07-13 21:07:03] $cat.cex
INFO [2016-07-13 21:07:03] c(1.4, 1.4, 1.4)
INFO [2016-07-13 21:07:03] 
INFO [2016-07-13 21:07:03] $cat.dist
INFO [2016-07-13 21:07:03] c(0.1, 0.08, 0.05)
INFO [2016-07-13 21:07:03] 
INFO [2016-07-13 21:07:03] $margin
INFO [2016-07-13 21:07:03] [1] 0.07
INFO [2016-07-13 21:07:03] 
