INFO [2016-07-13 21:19:36] $x
INFO [2016-07-13 21:19:36] exp_protein_list
INFO [2016-07-13 21:19:36] 
INFO [2016-07-13 21:19:36] $filename
INFO [2016-07-13 21:19:36] NULL
INFO [2016-07-13 21:19:36] 
INFO [2016-07-13 21:19:36] $euler.d
INFO [2016-07-13 21:19:36] [1] FALSE
INFO [2016-07-13 21:19:36] 
INFO [2016-07-13 21:19:36] $scaled
INFO [2016-07-13 21:19:36] [1] FALSE
INFO [2016-07-13 21:19:36] 
INFO [2016-07-13 21:19:36] $print.mode
INFO [2016-07-13 21:19:36] c("raw", "percent")
INFO [2016-07-13 21:19:36] 
INFO [2016-07-13 21:19:36] $force.unique
INFO [2016-07-13 21:19:36] [1] TRUE
INFO [2016-07-13 21:19:36] 
INFO [2016-07-13 21:19:36] $fill
INFO [2016-07-13 21:19:36] c("purple", "cyan", "orange")
INFO [2016-07-13 21:19:36] 
INFO [2016-07-13 21:19:36] $fontface
INFO [2016-07-13 21:19:36] [1] "bold"
INFO [2016-07-13 21:19:36] 
INFO [2016-07-13 21:19:36] $cex
INFO [2016-07-13 21:19:36] rep(1.3, 7)
INFO [2016-07-13 21:19:36] 
INFO [2016-07-13 21:19:36] $cat.fontface
INFO [2016-07-13 21:19:36] [1] "bold"
INFO [2016-07-13 21:19:36] 
INFO [2016-07-13 21:19:36] $cat.cex
INFO [2016-07-13 21:19:36] c(1.4, 1.4, 1.4)
INFO [2016-07-13 21:19:36] 
INFO [2016-07-13 21:19:36] $cat.dist
INFO [2016-07-13 21:19:36] c(0.1, 0.08, 0.05)
INFO [2016-07-13 21:19:36] 
INFO [2016-07-13 21:19:36] $margin
INFO [2016-07-13 21:19:36] [1] 0.07
INFO [2016-07-13 21:19:36] 
INFO [2016-07-13 21:19:36] $main
INFO [2016-07-13 21:19:36] [1] "A"
INFO [2016-07-13 21:19:36] 
INFO [2016-07-13 21:19:36] $main.pos
INFO [2016-07-13 21:19:36] c(0, 1)
INFO [2016-07-13 21:19:36] 
INFO [2016-07-13 21:19:36] $main.fontface
INFO [2016-07-13 21:19:36] [1] "bold"
INFO [2016-07-13 21:19:36] 
INFO [2016-07-13 21:19:36] $main.cex
INFO [2016-07-13 21:19:36] [1] 2
INFO [2016-07-13 21:19:36] 
INFO [2016-07-13 21:19:36] $x
INFO [2016-07-13 21:19:36] sta_mrna_list
INFO [2016-07-13 21:19:36] 
INFO [2016-07-13 21:19:36] $filename
INFO [2016-07-13 21:19:36] NULL
INFO [2016-07-13 21:19:36] 
INFO [2016-07-13 21:19:36] $euler.d
INFO [2016-07-13 21:19:36] [1] FALSE
INFO [2016-07-13 21:19:36] 
INFO [2016-07-13 21:19:36] $scaled
INFO [2016-07-13 21:19:36] [1] FALSE
INFO [2016-07-13 21:19:36] 
INFO [2016-07-13 21:19:36] $print.mode
INFO [2016-07-13 21:19:36] c("raw", "percent")
INFO [2016-07-13 21:19:36] 
INFO [2016-07-13 21:19:36] $force.unique
INFO [2016-07-13 21:19:36] [1] TRUE
INFO [2016-07-13 21:19:36] 
INFO [2016-07-13 21:19:36] $fill
INFO [2016-07-13 21:19:36] c("purple", "cyan", "orange")
INFO [2016-07-13 21:19:36] 
INFO [2016-07-13 21:19:36] $fontface
INFO [2016-07-13 21:19:36] [1] "bold"
INFO [2016-07-13 21:19:36] 
INFO [2016-07-13 21:19:36] $cex
INFO [2016-07-13 21:19:36] rep(1.3, 7)
INFO [2016-07-13 21:19:36] 
INFO [2016-07-13 21:19:36] $cat.fontface
INFO [2016-07-13 21:19:36] [1] "bold"
INFO [2016-07-13 21:19:36] 
INFO [2016-07-13 21:19:36] $cat.cex
INFO [2016-07-13 21:19:36] c(1.4, 1.4, 1.4)
INFO [2016-07-13 21:19:36] 
INFO [2016-07-13 21:19:36] $cat.dist
INFO [2016-07-13 21:19:36] c(0.1, 0.08, 0.05)
INFO [2016-07-13 21:19:36] 
INFO [2016-07-13 21:19:36] $margin
INFO [2016-07-13 21:19:36] [1] 0.07
INFO [2016-07-13 21:19:36] 
INFO [2016-07-13 21:19:36] $main
INFO [2016-07-13 21:19:36] [1] "A"
INFO [2016-07-13 21:19:36] 
INFO [2016-07-13 21:19:36] $main.pos
INFO [2016-07-13 21:19:36] c(0, 1)
INFO [2016-07-13 21:19:36] 
INFO [2016-07-13 21:19:36] $main.fontface
INFO [2016-07-13 21:19:36] [1] "bold"
INFO [2016-07-13 21:19:36] 
INFO [2016-07-13 21:19:36] $main.cex
INFO [2016-07-13 21:19:36] [1] 2
INFO [2016-07-13 21:19:36] 
INFO [2016-07-13 21:19:36] $x
INFO [2016-07-13 21:19:36] sta_protein_list
INFO [2016-07-13 21:19:36] 
INFO [2016-07-13 21:19:36] $filename
INFO [2016-07-13 21:19:36] NULL
INFO [2016-07-13 21:19:36] 
INFO [2016-07-13 21:19:36] $euler.d
INFO [2016-07-13 21:19:36] [1] FALSE
INFO [2016-07-13 21:19:36] 
INFO [2016-07-13 21:19:36] $scaled
INFO [2016-07-13 21:19:36] [1] FALSE
INFO [2016-07-13 21:19:36] 
INFO [2016-07-13 21:19:36] $print.mode
INFO [2016-07-13 21:19:36] c("raw", "percent")
INFO [2016-07-13 21:19:36] 
INFO [2016-07-13 21:19:36] $force.unique
INFO [2016-07-13 21:19:36] [1] TRUE
INFO [2016-07-13 21:19:36] 
INFO [2016-07-13 21:19:36] $fill
INFO [2016-07-13 21:19:36] c("purple", "cyan", "orange")
INFO [2016-07-13 21:19:36] 
INFO [2016-07-13 21:19:36] $fontface
INFO [2016-07-13 21:19:36] [1] "bold"
INFO [2016-07-13 21:19:36] 
INFO [2016-07-13 21:19:36] $cex
INFO [2016-07-13 21:19:36] rep(1.3, 7)
INFO [2016-07-13 21:19:36] 
INFO [2016-07-13 21:19:36] $cat.fontface
INFO [2016-07-13 21:19:36] [1] "bold"
INFO [2016-07-13 21:19:36] 
INFO [2016-07-13 21:19:36] $cat.cex
INFO [2016-07-13 21:19:36] c(1.4, 1.4, 1.4)
INFO [2016-07-13 21:19:36] 
INFO [2016-07-13 21:19:36] $cat.dist
INFO [2016-07-13 21:19:36] c(0.1, 0.08, 0.05)
INFO [2016-07-13 21:19:36] 
INFO [2016-07-13 21:19:36] $margin
INFO [2016-07-13 21:19:36] [1] 0.07
INFO [2016-07-13 21:19:36] 
INFO [2016-07-13 21:19:36] $main
INFO [2016-07-13 21:19:36] [1] "A"
INFO [2016-07-13 21:19:36] 
INFO [2016-07-13 21:19:36] $main.pos
INFO [2016-07-13 21:19:36] c(0, 1)
INFO [2016-07-13 21:19:36] 
INFO [2016-07-13 21:19:36] $main.fontface
INFO [2016-07-13 21:19:36] [1] "bold"
INFO [2016-07-13 21:19:36] 
INFO [2016-07-13 21:19:36] $main.cex
INFO [2016-07-13 21:19:36] [1] 2
INFO [2016-07-13 21:19:36] 
