INFO [2016-07-13 21:20:31] $x
INFO [2016-07-13 21:20:31] sta_mrna_list
INFO [2016-07-13 21:20:31] 
INFO [2016-07-13 21:20:31] $filename
INFO [2016-07-13 21:20:31] NULL
INFO [2016-07-13 21:20:31] 
INFO [2016-07-13 21:20:31] $euler.d
INFO [2016-07-13 21:20:31] [1] FALSE
INFO [2016-07-13 21:20:31] 
INFO [2016-07-13 21:20:31] $scaled
INFO [2016-07-13 21:20:31] [1] FALSE
INFO [2016-07-13 21:20:31] 
INFO [2016-07-13 21:20:31] $print.mode
INFO [2016-07-13 21:20:31] c("raw", "percent")
INFO [2016-07-13 21:20:31] 
INFO [2016-07-13 21:20:31] $force.unique
INFO [2016-07-13 21:20:31] [1] TRUE
INFO [2016-07-13 21:20:31] 
INFO [2016-07-13 21:20:31] $fill
INFO [2016-07-13 21:20:31] c("purple", "cyan", "orange")
INFO [2016-07-13 21:20:31] 
INFO [2016-07-13 21:20:31] $fontface
INFO [2016-07-13 21:20:31] [1] "bold"
INFO [2016-07-13 21:20:31] 
INFO [2016-07-13 21:20:31] $cex
INFO [2016-07-13 21:20:31] rep(1.3, 7)
INFO [2016-07-13 21:20:31] 
INFO [2016-07-13 21:20:31] $cat.fontface
INFO [2016-07-13 21:20:31] [1] "bold"
INFO [2016-07-13 21:20:31] 
INFO [2016-07-13 21:20:31] $cat.cex
INFO [2016-07-13 21:20:31] c(1.4, 1.4, 1.4)
INFO [2016-07-13 21:20:31] 
INFO [2016-07-13 21:20:31] $cat.dist
INFO [2016-07-13 21:20:31] c(0.1, 0.08, 0.05)
INFO [2016-07-13 21:20:31] 
INFO [2016-07-13 21:20:31] $margin
INFO [2016-07-13 21:20:31] [1] 0.07
INFO [2016-07-13 21:20:31] 
INFO [2016-07-13 21:20:31] $main
INFO [2016-07-13 21:20:31] [1] "C"
INFO [2016-07-13 21:20:31] 
INFO [2016-07-13 21:20:31] $main.pos
INFO [2016-07-13 21:20:31] c(0, 1)
INFO [2016-07-13 21:20:31] 
INFO [2016-07-13 21:20:31] $main.fontface
INFO [2016-07-13 21:20:31] [1] "bold"
INFO [2016-07-13 21:20:31] 
INFO [2016-07-13 21:20:31] $main.cex
INFO [2016-07-13 21:20:31] [1] 2.5
INFO [2016-07-13 21:20:31] 
INFO [2016-07-13 21:20:31] $x
INFO [2016-07-13 21:20:31] sta_protein_list
INFO [2016-07-13 21:20:31] 
INFO [2016-07-13 21:20:31] $filename
INFO [2016-07-13 21:20:31] NULL
INFO [2016-07-13 21:20:31] 
INFO [2016-07-13 21:20:31] $euler.d
INFO [2016-07-13 21:20:31] [1] FALSE
INFO [2016-07-13 21:20:31] 
INFO [2016-07-13 21:20:31] $scaled
INFO [2016-07-13 21:20:31] [1] FALSE
INFO [2016-07-13 21:20:31] 
INFO [2016-07-13 21:20:31] $print.mode
INFO [2016-07-13 21:20:31] c("raw", "percent")
INFO [2016-07-13 21:20:31] 
INFO [2016-07-13 21:20:31] $force.unique
INFO [2016-07-13 21:20:31] [1] TRUE
INFO [2016-07-13 21:20:31] 
INFO [2016-07-13 21:20:31] $fill
INFO [2016-07-13 21:20:31] c("purple", "cyan", "orange")
INFO [2016-07-13 21:20:31] 
INFO [2016-07-13 21:20:31] $fontface
INFO [2016-07-13 21:20:31] [1] "bold"
INFO [2016-07-13 21:20:31] 
INFO [2016-07-13 21:20:31] $cex
INFO [2016-07-13 21:20:31] rep(1.3, 7)
INFO [2016-07-13 21:20:31] 
INFO [2016-07-13 21:20:31] $cat.fontface
INFO [2016-07-13 21:20:31] [1] "bold"
INFO [2016-07-13 21:20:31] 
INFO [2016-07-13 21:20:31] $cat.cex
INFO [2016-07-13 21:20:31] c(1.4, 1.4, 1.4)
INFO [2016-07-13 21:20:31] 
INFO [2016-07-13 21:20:31] $cat.dist
INFO [2016-07-13 21:20:31] c(0.1, 0.08, 0.05)
INFO [2016-07-13 21:20:31] 
INFO [2016-07-13 21:20:31] $margin
INFO [2016-07-13 21:20:31] [1] 0.07
INFO [2016-07-13 21:20:31] 
INFO [2016-07-13 21:20:31] $main
INFO [2016-07-13 21:20:31] [1] "D"
INFO [2016-07-13 21:20:31] 
INFO [2016-07-13 21:20:31] $main.pos
INFO [2016-07-13 21:20:31] c(0, 1)
INFO [2016-07-13 21:20:31] 
INFO [2016-07-13 21:20:31] $main.fontface
INFO [2016-07-13 21:20:31] [1] "bold"
INFO [2016-07-13 21:20:31] 
INFO [2016-07-13 21:20:31] $main.cex
INFO [2016-07-13 21:20:31] [1] 2.5
INFO [2016-07-13 21:20:31] 
