INFO [2016-08-09 01:17:55] $x
INFO [2016-08-09 01:17:55] exp_mrna_list
INFO [2016-08-09 01:17:55] 
INFO [2016-08-09 01:17:55] $filename
INFO [2016-08-09 01:17:55] NULL
INFO [2016-08-09 01:17:55] 
INFO [2016-08-09 01:17:55] $euler.d
INFO [2016-08-09 01:17:55] [1] FALSE
INFO [2016-08-09 01:17:55] 
INFO [2016-08-09 01:17:55] $scaled
INFO [2016-08-09 01:17:55] [1] FALSE
INFO [2016-08-09 01:17:55] 
INFO [2016-08-09 01:17:55] $print.mode
INFO [2016-08-09 01:17:55] c("raw", "percent")
INFO [2016-08-09 01:17:55] 
INFO [2016-08-09 01:17:55] $force.unique
INFO [2016-08-09 01:17:55] [1] TRUE
INFO [2016-08-09 01:17:55] 
INFO [2016-08-09 01:17:55] $fill
INFO [2016-08-09 01:17:55] c("purple", "cyan", "orange")
INFO [2016-08-09 01:17:55] 
INFO [2016-08-09 01:17:55] $fontface
INFO [2016-08-09 01:17:55] [1] "bold"
INFO [2016-08-09 01:17:55] 
INFO [2016-08-09 01:17:55] $cex
INFO [2016-08-09 01:17:55] rep(1.3, 7)
INFO [2016-08-09 01:17:55] 
INFO [2016-08-09 01:17:55] $cat.fontface
INFO [2016-08-09 01:17:55] [1] "bold"
INFO [2016-08-09 01:17:55] 
INFO [2016-08-09 01:17:55] $cat.cex
INFO [2016-08-09 01:17:55] c(1.4, 1.4, 1.4)
INFO [2016-08-09 01:17:55] 
INFO [2016-08-09 01:17:55] $cat.dist
INFO [2016-08-09 01:17:55] c(0.1, 0.08, 0.05)
INFO [2016-08-09 01:17:55] 
INFO [2016-08-09 01:17:55] $margin
INFO [2016-08-09 01:17:55] [1] 0.07
INFO [2016-08-09 01:17:55] 
INFO [2016-08-09 01:17:55] $main
INFO [2016-08-09 01:17:55] [1] "A"
INFO [2016-08-09 01:17:55] 
INFO [2016-08-09 01:17:55] $main.pos
INFO [2016-08-09 01:17:55] c(0.05, 1)
INFO [2016-08-09 01:17:55] 
INFO [2016-08-09 01:17:55] $main.fontface
INFO [2016-08-09 01:17:55] [1] "bold"
INFO [2016-08-09 01:17:55] 
INFO [2016-08-09 01:17:55] $main.cex
INFO [2016-08-09 01:17:55] [1] 2.5
INFO [2016-08-09 01:17:55] 
INFO [2016-08-09 01:17:55] $x
INFO [2016-08-09 01:17:55] exp_protein_list
INFO [2016-08-09 01:17:55] 
INFO [2016-08-09 01:17:55] $filename
INFO [2016-08-09 01:17:55] NULL
INFO [2016-08-09 01:17:55] 
INFO [2016-08-09 01:17:55] $euler.d
INFO [2016-08-09 01:17:55] [1] FALSE
INFO [2016-08-09 01:17:55] 
INFO [2016-08-09 01:17:55] $scaled
INFO [2016-08-09 01:17:55] [1] FALSE
INFO [2016-08-09 01:17:55] 
INFO [2016-08-09 01:17:55] $print.mode
INFO [2016-08-09 01:17:55] c("raw", "percent")
INFO [2016-08-09 01:17:55] 
INFO [2016-08-09 01:17:55] $force.unique
INFO [2016-08-09 01:17:55] [1] TRUE
INFO [2016-08-09 01:17:55] 
INFO [2016-08-09 01:17:55] $fill
INFO [2016-08-09 01:17:55] c("purple", "cyan", "orange")
INFO [2016-08-09 01:17:55] 
INFO [2016-08-09 01:17:55] $fontface
INFO [2016-08-09 01:17:55] [1] "bold"
INFO [2016-08-09 01:17:55] 
INFO [2016-08-09 01:17:55] $cex
INFO [2016-08-09 01:17:55] rep(1.3, 7)
INFO [2016-08-09 01:17:55] 
INFO [2016-08-09 01:17:55] $cat.fontface
INFO [2016-08-09 01:17:55] [1] "bold"
INFO [2016-08-09 01:17:55] 
INFO [2016-08-09 01:17:55] $cat.cex
INFO [2016-08-09 01:17:55] c(1.4, 1.4, 1.4)
INFO [2016-08-09 01:17:55] 
INFO [2016-08-09 01:17:55] $cat.dist
INFO [2016-08-09 01:17:55] c(0.1, 0.08, 0.05)
INFO [2016-08-09 01:17:55] 
INFO [2016-08-09 01:17:55] $margin
INFO [2016-08-09 01:17:55] [1] 0.07
INFO [2016-08-09 01:17:55] 
INFO [2016-08-09 01:17:55] $main
INFO [2016-08-09 01:17:55] [1] "B"
INFO [2016-08-09 01:17:55] 
INFO [2016-08-09 01:17:55] $main.pos
INFO [2016-08-09 01:17:55] c(0.05, 1)
INFO [2016-08-09 01:17:55] 
INFO [2016-08-09 01:17:55] $main.fontface
INFO [2016-08-09 01:17:55] [1] "bold"
INFO [2016-08-09 01:17:55] 
INFO [2016-08-09 01:17:55] $main.cex
INFO [2016-08-09 01:17:55] [1] 2.5
INFO [2016-08-09 01:17:55] 
INFO [2016-08-09 01:17:55] $x
INFO [2016-08-09 01:17:55] sta_mrna_list
INFO [2016-08-09 01:17:55] 
INFO [2016-08-09 01:17:55] $filename
INFO [2016-08-09 01:17:55] NULL
INFO [2016-08-09 01:17:55] 
INFO [2016-08-09 01:17:55] $euler.d
INFO [2016-08-09 01:17:55] [1] FALSE
INFO [2016-08-09 01:17:55] 
INFO [2016-08-09 01:17:55] $scaled
INFO [2016-08-09 01:17:55] [1] FALSE
INFO [2016-08-09 01:17:55] 
INFO [2016-08-09 01:17:55] $print.mode
INFO [2016-08-09 01:17:55] c("raw", "percent")
INFO [2016-08-09 01:17:55] 
INFO [2016-08-09 01:17:55] $force.unique
INFO [2016-08-09 01:17:55] [1] TRUE
INFO [2016-08-09 01:17:55] 
INFO [2016-08-09 01:17:55] $fill
INFO [2016-08-09 01:17:55] c("purple", "cyan", "orange")
INFO [2016-08-09 01:17:55] 
INFO [2016-08-09 01:17:55] $fontface
INFO [2016-08-09 01:17:55] [1] "bold"
INFO [2016-08-09 01:17:55] 
INFO [2016-08-09 01:17:55] $cex
INFO [2016-08-09 01:17:55] rep(1.3, 7)
INFO [2016-08-09 01:17:55] 
INFO [2016-08-09 01:17:55] $cat.fontface
INFO [2016-08-09 01:17:55] [1] "bold"
INFO [2016-08-09 01:17:55] 
INFO [2016-08-09 01:17:55] $cat.cex
INFO [2016-08-09 01:17:55] c(1.4, 1.4, 1.4)
INFO [2016-08-09 01:17:55] 
INFO [2016-08-09 01:17:55] $cat.dist
INFO [2016-08-09 01:17:55] c(0.1, 0.08, 0.05)
INFO [2016-08-09 01:17:55] 
INFO [2016-08-09 01:17:55] $margin
INFO [2016-08-09 01:17:55] [1] 0.07
INFO [2016-08-09 01:17:55] 
INFO [2016-08-09 01:17:55] $main
INFO [2016-08-09 01:17:55] [1] "C"
INFO [2016-08-09 01:17:55] 
INFO [2016-08-09 01:17:55] $main.pos
INFO [2016-08-09 01:17:55] c(0.05, 1)
INFO [2016-08-09 01:17:55] 
INFO [2016-08-09 01:17:55] $main.fontface
INFO [2016-08-09 01:17:55] [1] "bold"
INFO [2016-08-09 01:17:55] 
INFO [2016-08-09 01:17:55] $main.cex
INFO [2016-08-09 01:17:55] [1] 2.5
INFO [2016-08-09 01:17:55] 
INFO [2016-08-09 01:17:55] $x
INFO [2016-08-09 01:17:55] sta_protein_list
INFO [2016-08-09 01:17:55] 
INFO [2016-08-09 01:17:55] $filename
INFO [2016-08-09 01:17:55] NULL
INFO [2016-08-09 01:17:55] 
INFO [2016-08-09 01:17:55] $euler.d
INFO [2016-08-09 01:17:55] [1] FALSE
INFO [2016-08-09 01:17:55] 
INFO [2016-08-09 01:17:55] $scaled
INFO [2016-08-09 01:17:55] [1] FALSE
INFO [2016-08-09 01:17:55] 
INFO [2016-08-09 01:17:55] $print.mode
INFO [2016-08-09 01:17:55] c("raw", "percent")
INFO [2016-08-09 01:17:55] 
INFO [2016-08-09 01:17:55] $force.unique
INFO [2016-08-09 01:17:55] [1] TRUE
INFO [2016-08-09 01:17:55] 
INFO [2016-08-09 01:17:55] $fill
INFO [2016-08-09 01:17:55] c("purple", "cyan", "orange")
INFO [2016-08-09 01:17:55] 
INFO [2016-08-09 01:17:55] $fontface
INFO [2016-08-09 01:17:55] [1] "bold"
INFO [2016-08-09 01:17:55] 
INFO [2016-08-09 01:17:55] $cex
INFO [2016-08-09 01:17:55] rep(1.3, 7)
INFO [2016-08-09 01:17:55] 
INFO [2016-08-09 01:17:55] $cat.fontface
INFO [2016-08-09 01:17:55] [1] "bold"
INFO [2016-08-09 01:17:55] 
INFO [2016-08-09 01:17:55] $cat.cex
INFO [2016-08-09 01:17:55] c(1.4, 1.4, 1.4)
INFO [2016-08-09 01:17:55] 
INFO [2016-08-09 01:17:55] $cat.dist
INFO [2016-08-09 01:17:55] c(0.1, 0.08, 0.05)
INFO [2016-08-09 01:17:55] 
INFO [2016-08-09 01:17:55] $margin
INFO [2016-08-09 01:17:55] [1] 0.07
INFO [2016-08-09 01:17:55] 
INFO [2016-08-09 01:17:55] $main
INFO [2016-08-09 01:17:55] [1] "D"
INFO [2016-08-09 01:17:55] 
INFO [2016-08-09 01:17:55] $main.pos
INFO [2016-08-09 01:17:55] c(0.05, 1)
INFO [2016-08-09 01:17:55] 
INFO [2016-08-09 01:17:55] $main.fontface
INFO [2016-08-09 01:17:55] [1] "bold"
INFO [2016-08-09 01:17:55] 
INFO [2016-08-09 01:17:55] $main.cex
INFO [2016-08-09 01:17:55] [1] 2.5
INFO [2016-08-09 01:17:55] 
