INFO [2016-07-14 10:55:34] $x
INFO [2016-07-14 10:55:34] exp_protein_list
INFO [2016-07-14 10:55:34] 
INFO [2016-07-14 10:55:34] $filename
INFO [2016-07-14 10:55:34] [1] "../c_figures/exp_protein_venn.jpeg"
INFO [2016-07-14 10:55:34] 
INFO [2016-07-14 10:55:34] $euler.d
INFO [2016-07-14 10:55:34] [1] FALSE
INFO [2016-07-14 10:55:34] 
INFO [2016-07-14 10:55:34] $scaled
INFO [2016-07-14 10:55:34] [1] FALSE
INFO [2016-07-14 10:55:34] 
INFO [2016-07-14 10:55:34] $print.mode
INFO [2016-07-14 10:55:34] c("raw", "percent")
INFO [2016-07-14 10:55:34] 
INFO [2016-07-14 10:55:34] $force.unique
INFO [2016-07-14 10:55:34] [1] TRUE
INFO [2016-07-14 10:55:34] 
INFO [2016-07-14 10:55:34] $fill
INFO [2016-07-14 10:55:34] c("purple", "cyan", "orange")
INFO [2016-07-14 10:55:34] 
INFO [2016-07-14 10:55:34] $fontface
INFO [2016-07-14 10:55:34] [1] "bold"
INFO [2016-07-14 10:55:34] 
INFO [2016-07-14 10:55:34] $cex
INFO [2016-07-14 10:55:34] rep(1.3, 7)
INFO [2016-07-14 10:55:34] 
INFO [2016-07-14 10:55:34] $cat.fontface
INFO [2016-07-14 10:55:34] [1] "bold"
INFO [2016-07-14 10:55:34] 
INFO [2016-07-14 10:55:34] $cat.cex
INFO [2016-07-14 10:55:34] c(1.4, 1.4, 1.4)
INFO [2016-07-14 10:55:34] 
INFO [2016-07-14 10:55:34] $cat.dist
INFO [2016-07-14 10:55:34] c(0.1, 0.08, 0.05)
INFO [2016-07-14 10:55:34] 
INFO [2016-07-14 10:55:34] $margin
INFO [2016-07-14 10:55:34] [1] 0.04
INFO [2016-07-14 10:55:34] 
