INFO [2016-07-29 13:58:07] $x
INFO [2016-07-29 13:58:07] exp_mrna_list
INFO [2016-07-29 13:58:07] 
INFO [2016-07-29 13:58:07] $filename
INFO [2016-07-29 13:58:07] [1] "../c_figures/exp_mrna_venn.jpeg"
INFO [2016-07-29 13:58:07] 
INFO [2016-07-29 13:58:07] $euler.d
INFO [2016-07-29 13:58:07] [1] FALSE
INFO [2016-07-29 13:58:07] 
INFO [2016-07-29 13:58:07] $scaled
INFO [2016-07-29 13:58:07] [1] FALSE
INFO [2016-07-29 13:58:07] 
INFO [2016-07-29 13:58:07] $print.mode
INFO [2016-07-29 13:58:07] c("raw", "percent")
INFO [2016-07-29 13:58:07] 
INFO [2016-07-29 13:58:07] $force.unique
INFO [2016-07-29 13:58:07] [1] TRUE
INFO [2016-07-29 13:58:07] 
INFO [2016-07-29 13:58:07] $fill
INFO [2016-07-29 13:58:07] c("purple", "cyan", "orange")
INFO [2016-07-29 13:58:07] 
INFO [2016-07-29 13:58:07] $fontface
INFO [2016-07-29 13:58:07] [1] "bold"
INFO [2016-07-29 13:58:07] 
INFO [2016-07-29 13:58:07] $cex
INFO [2016-07-29 13:58:07] rep(1.3, 7)
INFO [2016-07-29 13:58:07] 
INFO [2016-07-29 13:58:07] $cat.fontface
INFO [2016-07-29 13:58:07] [1] "bold"
INFO [2016-07-29 13:58:07] 
INFO [2016-07-29 13:58:07] $cat.cex
INFO [2016-07-29 13:58:07] c(1.4, 1.4, 1.4)
INFO [2016-07-29 13:58:07] 
INFO [2016-07-29 13:58:07] $cat.dist
INFO [2016-07-29 13:58:07] c(0.1, 0.08, 0.05)
INFO [2016-07-29 13:58:07] 
INFO [2016-07-29 13:58:07] $margin
INFO [2016-07-29 13:58:07] [1] 0.04
INFO [2016-07-29 13:58:07] 
