INFO [2016-07-14 10:55:33] $x
INFO [2016-07-14 10:55:33] exp_mrna_list
INFO [2016-07-14 10:55:33] 
INFO [2016-07-14 10:55:33] $filename
INFO [2016-07-14 10:55:33] [1] "../c_figures/exp_mrna_venn.jpeg"
INFO [2016-07-14 10:55:33] 
INFO [2016-07-14 10:55:33] $euler.d
INFO [2016-07-14 10:55:33] [1] FALSE
INFO [2016-07-14 10:55:33] 
INFO [2016-07-14 10:55:33] $scaled
INFO [2016-07-14 10:55:33] [1] FALSE
INFO [2016-07-14 10:55:33] 
INFO [2016-07-14 10:55:33] $print.mode
INFO [2016-07-14 10:55:33] c("raw", "percent")
INFO [2016-07-14 10:55:33] 
INFO [2016-07-14 10:55:33] $force.unique
INFO [2016-07-14 10:55:33] [1] TRUE
INFO [2016-07-14 10:55:33] 
INFO [2016-07-14 10:55:33] $fill
INFO [2016-07-14 10:55:33] c("purple", "cyan", "orange")
INFO [2016-07-14 10:55:33] 
INFO [2016-07-14 10:55:33] $fontface
INFO [2016-07-14 10:55:33] [1] "bold"
INFO [2016-07-14 10:55:33] 
INFO [2016-07-14 10:55:33] $cex
INFO [2016-07-14 10:55:33] rep(1.3, 7)
INFO [2016-07-14 10:55:33] 
INFO [2016-07-14 10:55:33] $cat.fontface
INFO [2016-07-14 10:55:33] [1] "bold"
INFO [2016-07-14 10:55:33] 
INFO [2016-07-14 10:55:33] $cat.cex
INFO [2016-07-14 10:55:33] c(1.4, 1.4, 1.4)
INFO [2016-07-14 10:55:33] 
INFO [2016-07-14 10:55:33] $cat.dist
INFO [2016-07-14 10:55:33] c(0.1, 0.08, 0.05)
INFO [2016-07-14 10:55:33] 
INFO [2016-07-14 10:55:33] $margin
INFO [2016-07-14 10:55:33] [1] 0.04
INFO [2016-07-14 10:55:33] 
