INFO [2016-07-29 13:58:08] $x
INFO [2016-07-29 13:58:08] sta_mrna_list
INFO [2016-07-29 13:58:08] 
INFO [2016-07-29 13:58:08] $filename
INFO [2016-07-29 13:58:08] [1] "../c_figures/sta_mrna_venn.jpeg"
INFO [2016-07-29 13:58:08] 
INFO [2016-07-29 13:58:08] $euler.d
INFO [2016-07-29 13:58:08] [1] FALSE
INFO [2016-07-29 13:58:08] 
INFO [2016-07-29 13:58:08] $scaled
INFO [2016-07-29 13:58:08] [1] FALSE
INFO [2016-07-29 13:58:08] 
INFO [2016-07-29 13:58:08] $print.mode
INFO [2016-07-29 13:58:08] c("raw", "percent")
INFO [2016-07-29 13:58:08] 
INFO [2016-07-29 13:58:08] $force.unique
INFO [2016-07-29 13:58:08] [1] TRUE
INFO [2016-07-29 13:58:08] 
INFO [2016-07-29 13:58:08] $fill
INFO [2016-07-29 13:58:08] c("purple", "cyan", "orange")
INFO [2016-07-29 13:58:08] 
INFO [2016-07-29 13:58:08] $fontface
INFO [2016-07-29 13:58:08] [1] "bold"
INFO [2016-07-29 13:58:08] 
INFO [2016-07-29 13:58:08] $cex
INFO [2016-07-29 13:58:08] rep(1.3, 7)
INFO [2016-07-29 13:58:08] 
INFO [2016-07-29 13:58:08] $cat.fontface
INFO [2016-07-29 13:58:08] [1] "bold"
INFO [2016-07-29 13:58:08] 
INFO [2016-07-29 13:58:08] $cat.cex
INFO [2016-07-29 13:58:08] c(1.4, 1.4, 1.4)
INFO [2016-07-29 13:58:08] 
INFO [2016-07-29 13:58:08] $cat.dist
INFO [2016-07-29 13:58:08] c(0.1, 0.08, 0.05)
INFO [2016-07-29 13:58:08] 
INFO [2016-07-29 13:58:08] $margin
INFO [2016-07-29 13:58:08] [1] 0.04
INFO [2016-07-29 13:58:08] 
