INFO [2016-07-14 10:55:35] $x
INFO [2016-07-14 10:55:35] sta_protein_list
INFO [2016-07-14 10:55:35] 
INFO [2016-07-14 10:55:35] $filename
INFO [2016-07-14 10:55:35] [1] "../c_figures/sta_protein_venn.jpeg"
INFO [2016-07-14 10:55:35] 
INFO [2016-07-14 10:55:35] $euler.d
INFO [2016-07-14 10:55:35] [1] FALSE
INFO [2016-07-14 10:55:35] 
INFO [2016-07-14 10:55:35] $scaled
INFO [2016-07-14 10:55:35] [1] FALSE
INFO [2016-07-14 10:55:35] 
INFO [2016-07-14 10:55:35] $print.mode
INFO [2016-07-14 10:55:35] c("raw", "percent")
INFO [2016-07-14 10:55:35] 
INFO [2016-07-14 10:55:35] $force.unique
INFO [2016-07-14 10:55:35] [1] TRUE
INFO [2016-07-14 10:55:35] 
INFO [2016-07-14 10:55:35] $fill
INFO [2016-07-14 10:55:35] c("purple", "cyan", "orange")
INFO [2016-07-14 10:55:35] 
INFO [2016-07-14 10:55:35] $fontface
INFO [2016-07-14 10:55:35] [1] "bold"
INFO [2016-07-14 10:55:35] 
INFO [2016-07-14 10:55:35] $cex
INFO [2016-07-14 10:55:35] rep(1.3, 7)
INFO [2016-07-14 10:55:35] 
INFO [2016-07-14 10:55:35] $cat.fontface
INFO [2016-07-14 10:55:35] [1] "bold"
INFO [2016-07-14 10:55:35] 
INFO [2016-07-14 10:55:35] $cat.cex
INFO [2016-07-14 10:55:35] c(1.4, 1.4, 1.4)
INFO [2016-07-14 10:55:35] 
INFO [2016-07-14 10:55:35] $cat.dist
INFO [2016-07-14 10:55:35] c(0.1, 0.08, 0.05)
INFO [2016-07-14 10:55:35] 
INFO [2016-07-14 10:55:35] $margin
INFO [2016-07-14 10:55:35] [1] 0.04
INFO [2016-07-14 10:55:35] 
